[   .000000] Initializing cgroup subsys cpuset
[    0.000000] Initializing cgroup subsys pu
[    0.000000] Initializing cgroup subsys cpuacct
[    0.000000] Linux version 4.4.0-145-generic (buildd@lcy01-amd64-027) (gcc version 5.4.0 20160609 (Ubuntu 5.4.0-6ubuntu1~16.04.10) ) #171-Ubuntu SMP Tue Mar 26 12:43:40 UTC 2019 (Ubuntu 4.4.0-145.171-generic 4.4.176)
[    0.000000] Command line: BOOT_IMAGE=/boot/vmlinuz-4.4.0-145-generic root=LABEL=cloudimg-rootfs ro console=tty1 consolle=ttyS0
[    0.000000] KERNEL supported cpus:
[    0.000000]   IelGenuineIntel
[    0.000000]   AMD AuthntAM
[  0000000]   Centaur CentaurHauls
[    0.000000] x86/fpu: xstate_offset[2]:  576, xstate_sizes[2]:  256
[    0.000000] x86/fpu: Supporting XSAVE feature 0x01: 'x87 floating point registers'
[    0.000000] x86/fpu: Supporting XSAVE feature 0x02: 'SSE registers'
[    0.000000] x86/fpu: Supporting XSAVE feature 0x04: 'AVX registers'
[    0.000000] x86/fpu: Enabled xstate features 0x7, context size is 832 bytes, using 'standard' format.
[    0.000000] e820: BIOS-provided physical RAM map:
[    0.000000] BIOS-e820: [mem 0x00000000000000-0x000000000009fbff] usable
[    0.000000] BIOS-e820: [mem 0x000000000009fc00-0x000000000009ffff] reserved
[    0.000000] BIOS-e820: [mem 0x00000000000f0000-0x00000000000fffff] reserved
[    0.000000] BIOS-e820: [mem 0x0000000000100000-0x00000000bb7effff] usable
[    0.000000] BIOS-e820: [mem 0x00000000bb7f0000-0x00000000bb7fffff] ACPI data
[    0.000000] BIOS-e820: [mem 0x00000000fec00000-0x00000000fec00fff] reserved
[    0.000000] BIOS-e820: [mem 0x00000000fee00000-0x00000000fee00fff] reserved
[    0.000000] BIOS-e820: [mem 0x00000000fffc0000-0x00000000ffffffff] reserved
[    0.000000] NX (Execute Disable) protection: active
[    0.000000] SMBIOS 2.5 present.
[    0.000000] Hypervisor detected: KVM
[    0.000000] e820: last_pfn = 0xbb7f0 max_arch_pfn = 0x400000000
[    0.000000] MTRR: Disabled
[    0.000000] x86/PAT: MTRRs disabled, skipping PAT initialization too.
[    0.000000] CPU MTRRs all blank - virtualized system.
[    0.000000] x86/PAT: Configuration [0-7]: WB  WT  UC- UC  WB  WT  UC- UC  
[    0.000000] found SMP MP-table at [mem 0x0009fff0-0x0009ffff] mapped at [ffff88000009fff0]
[    0.000000] Scanning 1 areas for low memory corruption
[    0.000000] RAMDISK: [mem 0x362fa000-0x37174fff]
[    0.000000] ACPI: Early table checksum verification disabled
[    0.000000] ACPI: RSDP 0x00000000000E0000 000024 (v02 VBOX  )
[    0.000000] ACPI: XSDT 0x00000000BB7F0030 00003C (v01 VBOX   VBOXXSDT 00000001 ASL  00000061)
[    0.000000] ACPI: FACP 0x00000000BB7F00F0 0000F4 (v04 VBOX   VBOXFACP 00000001 ASL  00000061)
[    0.000000] ACPI: DSDT 0x00000000BB7F0470 0021FF (v02 VBOX   VBOXBIOS 00000002 INTL 20100528)
[    0.000000] ACPI: FACS 0x00000000BB7F0200 000040
[    0.000000] ACPI: FACS 0x00000000BB7F0200 000040
[    0.000000] ACPI: APIC 0x00000000BB7F0240 00005C (v02 VBOX   VBOXAPIC 00000001 ASL  00000061)
[    0.000000] ACPI: SSDT 0x00000000BB7F02A0 0001CC (v01 VBOX   VBOXCPUT 000002 INTL 20100528)
[    0.000000] No NUMA configuration found
[    0.000000] Faking a node at [mem 0x0000000000000000-0x00000000bb7effff]
[    0.000000] NODE_DATA(0) allocated [mem 0xbb7eb000-0xbb7effff]
[    0.000000] kvm-clock: Using msrs 4b564d01 and 4b564d00
[    0.000000] kvm-clock: cpu 0, msr 0:bb7e3001, primary cpu clock
[    0.000000] kvm-clock: using sched offset of 36471393008 cycles
[    0.000000] clocksource: kvm-clock: mask: 0xffffffffffffffff max_cycles: 0x1cd42e4dffb, max_idle_ns: 881590591483 ns
[    0.0000Zoneange
   0.000000]   DMA    [mm 00000000000-0x0000000000ffffff]
[  00000  MA32    [emx000000000000-x000000bb7effff]
[    0.000000]   Normal   empty
[  000000]  evic  mpty
[    0.000000] Movable zone start for eh ode[   0.000] Erlmemory node ngs
[   000000]   node  : mem x0000000010-0x00000009ef]
[   00000]  de  0:me 0x0000000000-0x00000bb7eff
[    0.000000] Initmem tu nod 0 [mem 0000000010000x00000bb7eff
[    0.000000] AI:PM-TmeIO Prt0x008[   0.0000] IOIC0]: apic_id 2, version 32, address fec000, GS0-3
[   000000]CP: NT_SC_VR(bus bs_i 0loba_irq 2 dfl dfl)
[   .000000] AI:NT_S_OR (b 0busirq 9 global_irq 9 low level)
[  0.00000 Uing PI (MADT) fo SMPonguraoninforatn
[   .00000smbootAlowin2 PUs, 0 hotplug CPUs
   00000] M: Restred sae memry: [m 0x0000-0x0000ff
[  00000] PM Regteedosvemery [mem 0x0000-000fff]
[  0.00000]M:Regited noavmeor [m 0x00000-0x000fff]
[   0.000] PM: Regted nosaveemoy: [m 000f000-x00fffff]
[    0.000000] e820: [mem 0xbb800000-0xfebfffff] available for PCI devices
[    0.000000] Booting paravirtualized kernel on KVM
[    0.00000]clocksur: efnejiffi: ask:0xfffff x_ycl: ffffff maxid_ns: 75596001168ns   0.0000setu_perc: NRCP:52 ncpask_ts12 nr_cpu_ids:2 nr_node_ids:1[   0.000] PERU:Embeed 3 pes/cu ff880020000 990 r8923192 u0476
  0.000]Built 1 neists  Nde de mobit gropi on.  Talpaes:5564
[    0.000000Pocy zoneDM32
  0.000]Kerl ommd ine:OOT_IMGE=/otvmliz-.4.0-145-generic root=LABEL=cloudimg-rootfs ro console=tty1 console=ttyS0
[    0.000000] D sh tablenri: 96 (de 3, 76 byte
    00000] Mor 29839/30744avaiable 8608K kernel co, 33K wdta40K roat 1484K init, 84 bss,312K rered,  ca-reserv)[   .00000SLB: Hlin=64, de=0-3, nOjects=0, CPUs=2, Nodes=1
[   00000] Kernel/User pagetabls solation: abed
   0.00000 Hrarchil CU implementatio
    00000] Bud-ti ajustntof le fnouto 4.
[  000000] CUrestctng CPUs from NCPS=512 to nr_cpid=2.   0.000] RCU: justing gomeryor rcu_fanot_leaf=64, nr_cpu_ids=2
[    0.000000] NR_IRQS:33024 nr_irqs:440 16
[   0.00000] Console: olour VGA+ 80x25
[    0.000000] console [tty1] enabled
[    0.000000] console [ttyS0 enabled
[    0.000000] tsc: Detected 2294.798 MHz proessor
[   10.638646] Calibrating delay loop (skipped) preset value.. 4589.59 BogoMIPS (lpj=9179192)
[   10.652878] pid_max: default: 32768 minimum: 301
[   10.656706] ACPI: Core revision 20150930
[   10.659364] ACPI: 2 ACPI AML tables successfully acquired and loaded
[   10.661752] Security Framework initialized
[   10.672432] Yama: becoming mindful.
[   10.679577] AppArmor: AppArmor initialized
[   10.689071] Dentry cache hash table entries: 524288 (order: 10, 4194304 bytes)
[   10.702168] Inode-cache hash table entries: 262144 (order: 9, 2097152 bytes)
[   10.709930] Mount-cache hash table entries: 8192 (order: 4, 65536 bytes)
[   10.711263] Mountpoint-cache hash table entries: 8192 (order: 4, 65536 bytes)
[   10.729203] Initializing cgroup subsys io
[   10.730128] Initializing cgroup subsys memory
[   10.735875] Initializing cgroup subsys devices
[   10.736779] Initializing cgroup subsys freezer
[   10.737685] Initializing cgroup subsys net_cls
[   10.760344] Initializing cgroup subsys perf_event
[   10.773346] Initializing cgroup subsys net_prio
[   10.774274] Initializing cgroup subsys hugetlb
[   10.775176] Initializing cgroup subsys pids
[   10.813908] mce: CPU supports 0 MCE banks
[   10.861888] Last level iTLB entries: 4KB 512, 2MB 8, 4MB 8
[   10.868734] Last level dTLB entries: 4KB 512, 2MB 32, 4MB 32, 1GB 0
[   10.869889] Spectre V2 : Mitigation: Full generic retpoline
[   10.870978] Spectre V2 : Spectre v2 / SpectreRSB mitigation: Filling RSB on context switch
[   10.872644] Speculative Store Bypass: Vulnerable
[   10.882628] Freeing SMP alternatives memory: 36K
[   10.938886] ftrace: allocating 32283 entries in 127 pages
[   11.001882] smpboot: APIC(0) Converting physical 0 to logical package 0
[   11.121832] smpboot: Max logical packages: 1
[   11.183080] x2apic enabled
[   11.195749] Switched APIC routing to physical x2apic.
[   11.197934] ..TIMER: vector=0x30 apic1=0 pin1=2 apic2=-1 pin2=-1
[   11.303522] smpboot: CPU0: Intel(R) Core(TM) i7-3615QM CPU @ 2.30GHz (family: 0x6, model: 0x3a, stepping: 0x9)
[   11.459998] Performance Events: unsupported p6 CPU model 58 no PMU driver, software events only.
[   11.576605] KVM setup paravirtual spinlock
[   11.603216] x86: Booting SMP configuration:
[   11.623869] .... node  #0, CPUs:      #1
[   11.624851] kvm-clock: cpu 1, msr 0:bb7e3041, secondary cpu clock
[   11.626194] mce: CPU supports 0 MCE banks
[   11.628726] x86: Booted up 1 node, 2 CPUs
[   11.629814] smpboot: Total of 2 processors activated (9179.19 BogoMIPS)
[   11.637617] devtmpfs: initialized
[   11.646260] evm: security.selinux
[   11.711650] evm: security.SMACK64
[   11.794239] evm: security.SMACK64EXEC
[   11.846261] evm: security.SMACK64TRANSMUTE
[   11.879306] evm: security.SMACK64MMAP
[   11.913840] evm: security.ima
[   11.935816] evm: security.capability
[   12.028680] clocksource: jiffies: mask: 0xffffffff max_cycles: 0xffffffff, max_idle_ns: 7645041785100000 ns
[   12.085180] futex hash table entries: 512 (order: 3, 32768 bytes)
[   12.086517] pinctrl core: initialized pinctrl subsystem
[   12.162868] RTC time: 18:15:18, date: 04/12/19
[   12.234129] NET: Registered protocol family 16
[   12.315887] cpuidle: using governor ladder
[   12.331972] cpuidle: using governor menu
[   12.397368] PCCT header not found.
[   12.463047] ACPI: bus type PCI registered
[   12.484405] acpiphp: ACPI Hot Plug PCI Controller Driver version: 0.5
[   12.486058] PCI: Using configuration type 1 for base access
[   12.521270] ACPI: Added _OSI(Module Device)
[   12.576313] ACPI: Added _OSI(Processor Device)
[   12.618644] ACPI: Added _OSI(3.0 _SCP Extensions)
[   12.649138] ACPI: Added _OSI(Processor Aggregator Device)
[   12.659169] ACPI: Executed 1 blocks of module-level executable AML code
[   12.682986] ACPI: Interpreter enabled
[   12.683911] ACPI: (supports S0 S5)
[   12.686132] ACPI: Using IOAPIC for interrupt routing
[   12.695365] PCI: Using host bridge windows from ACPI; if necessary, use "pci=nocrs" and report a bug
[   12.718720] ACPI: PCI Root Bridge [PCI0] (domain 0000 [bus 00-ff])
[   12.730552] acpi PNP0A03:00: _OSC: OS supports [ASPM ClockPM Segments MSI]
[   12.748649] acpi PNP0A03:00: _OSC: not requesting OS control; OS requires [ExtendedConfig ASPM ClockPM MSI]
[   12.782997] acpi PNP0A03:00: fail to add MMCONFIG information, can't access extended PCI configuration space under this bridge.
[   12.804798] PCI host bridge to bus 0000:00
[   12.806013] pci_bus 0000:00: root bus resource [io  0x0000-0x0cf7 window]
[   12.807590] pci_bus 0000:00: root bus resource [io  0x0d00-0xffff window]
[   12.808890] pci_bus 0000:00: root bus resource [mem 0x000a0000-0x000bffff window]
[   12.816742] pci_bus 0000:00: root bus resource [mem 0xbb800000-0xfdffffff window]
[   12.873126] pci_bus 0000:00: root bus resource [bus 00-ff]
[   12.935823] pci 0000:00:01.1: legacy IDE quirk: reg 0x10: [io  0x01f0-0x01f7]
[   13.103767] pci 0000:00:01.1: legacy IDE quirk: reg 0x14: [io  0x03f6]
[   13.133580] pci 0000:00:01.1: legacy IDE quirk: reg 0x18: [io  0x0170-0x0177]
[   13.204604] pci 0000:00:01.1: legacy IDE quirk: reg 0x1c: [io  0x0376]
[   13.263986] pci 0000:00:07.0: quirk: [io  0x4000-0x403f] claimed by PIIX4 ACPI
[   13.289979] pci 0000:00:07.0: quirk: [io  0x4100-0x410f] claimed by PIIX4 SMB
[   13.323747] ACPI: PCI Interrupt Link [LNKA] (IRQs 5 9 10 *11)
[   13.329320] ACPI: PCI Interrupt Link [LNKB] (IRQs 5 9 *10 11)
[   13.339055] ACPI: PCI Interrupt Link [LNKC] (IRQs 5 *9 10 11)
[   13.342617] ACPI: PCI Interrupt Link [LNKD] (IRQs 5 9 10 *11)
[   13.344716] ACPI: Enabled 2 GPEs in block 00 to 07
[   13.346346] vgaarb: setting as boot device: PCI:0000:00:02.0
[   13.347751] vgaarb: device added: PCI:0000:00:02.0,decodes=io+mem,owns=io+mem,locks=none
[   13.349793] vgaarb: loaded
[   13.350529] vgaarb: bridge control possible 0000:00:02.0
[   13.351970] SCSI subsystem initialized
[   13.353030] ACPI: bus type USB registered
[   13.354216] usbcore: registered new interface driver usbfs
[   13.355626] usbcore: registered new interface driver hub
[   13.356946] usbcore: registered new device driver usb
[   13.358487] PCI: Using ACPI for IRQ routing
[   13.361008] NetLabel: Initializing
[   13.363834] NetLabel:  domain hash size = 128
[   13.369856] NetLabel:  protocols = UNLABELED CIPSOv4
[   13.370987] NetLabel:  unlabeled traffic allowed by default
[   13.379607] amd_nb: Cannot enumerate AMD northbridges
[   13.380881] clocksource: Switched to clocksource kvm-clock
[   13.406405] AppArmor:ppArmor Filesystem Enabled
[   13.457444] pnp: PnP ACPI init
[   13.459032] pnp: PnP ACPI: found 3 devices

[   13.469986] clocksource: acpi_pm: mask: 0xffffff max_cycles: 0xffffff, max_idle_ns: 2085701024 ns
[   13.472160] NET: Registered protocol family 2
[   13.473709] TCP established hash table entries: 32768 (order: 6, 262144 bytes)
[   13.476122] TCP bind hash table entries: 32768 (order: 7, 524288 bytes)
[   13.489084] TCP: Hash tables configured (established 32768 bind 32768)
[   13.490918] UDP hash table entries: 2048 (order: 4, 65536 bytes)
[   13.492485] UDP-Lite hash table entries: 2048 (order: 4, 65536 bytes)
[   13.519408] NET: Registered protocol family 1
[   13.520596] pci 000:00:00.0: Limiting direct PCI/PCI transfers
[   13.546562] pci 0000:00:01.0: Activating ISA DMA hang workarounds
[ 13.547941] Unpacking initramfs...

[   14.111406] Freeing initrd memory: 14828K
[   14.112408] RAPL PMU detected, API unit is 2^-32 Joules, 3 fixed counters 10737418240 ms ovfl timer
[   14.114346] hw unit of domain pp0-core 2^-0 Joules
[   14.115371] hw unit of domain package 2^-0 Joules
[   14.116328] hw unit of domain pp1-gpu 2^-0 Joules
[   14.117426] platform rtc_cmos: registered platform RTC device (no PNP device found)
[   14.119120] Scanning for low memory corruption every 60 seconds
[   14.120670] audit: initializing netlink subsys (disabled)
[   14.121823] audit: type=2000 audit(1555092946.068:1): initialized
[   14.123879] Initialise system trusted keyring
[   14.125297] HugeTLB registered 2 MB page size, pre-allocated 0 pages
[   14.127912] zbud: loaded
[   14.128958] VFS: Disk quotas dquot_6.6.0
[   14.129902] VFS: Dquot-cache hash table entries: 512 (order 0, 4096 bytes)
[   14.131419] squashfs: version 4.0 (2009/01/31) Phillip Lougher
[   14.132950] fuse init (API version 7.23)
[   14.134399] Key type big_key registered
[   14.135258] Allocating IMA MOK and blacklist keyrings.
[   14.137590] Key type asymmetric registered
[   14.138558] Asymmetric key parser 'x509' registered
[   14.139670] Block layer SCSI generic (bsg) driver version 0.4 loaded (major 249)
[   14.142071] io scheduler noop registered
[   14.143363] io scheduler deadline registered (default)
[   14.144906] io scheduler cfq registered
[   14.153734] pci_hotplug: PCI Hot Plug PCI Core version: 0.5
[   14.155126] pciehp: PCI Express Hot Plug Controller Driver version: 0.4
[   14.156708] ACPI: AC Adapter [AC] (off-line)
[   14.158220] input: Power Button as /devices/LNXSYSTM:00/LNXPWRBN:00/input/input0
[   14.160323] ACPI: Power Button [PWRF]
[   14.161374] input: Sleep Button as /devices/LNXSYSTM:00/LNXSLPBN:00/input/input1
[   14.162972] ACPI: Sleep Button [SLPF]
[   14.164852] ACPI: Battery Slot [BAT0] (battery present)
[   14.166099] GHES: HEST is not enabled!
[   14.167161] Serial: 8250/16550 driver, 32 ports, IRQ sharing enabled
[   14.191109] 00:02: ttyS0 at I/O 0x3f8 (irq = 4, base_baud = 115200) is a 16550A
[   14.194018] Linux agpgart interface v0.103
[   14.213825] loop: module loaded
[   14.215322] scsi host0: ata_piix
[   14.216294] scsi host1: ata_piix
[   14.217101] ata1: PATA max UDMA/33 cmd 0x1f0 ctl 0x3f6 bmdma 0xd000 irq 14
[   14.219021] ata2: PATA max UDMA/33 cmd 0x170 ctl 0x376 bmdma 0xd008 irq 15
[   14.221120] libphy: Fixed MDIO Bus: probed
[   14.222224] tun: Universal TUN/TAP device driver, 1.6
[   14.223471] tun: (C) 1999-2004 Max Krasnyansky <maxk@qualcomm.com>
[   14.225358] PPP generic driver version 2.4.2
[   14.226550] ehci_hcd: USB 2.0 'Enhanced' Host Controller (EHCI) Driver
[   14.228252] ehci-pci: EHCI PCI platform driver
[   14.229713] ehci-platform: EHCI generic platform driver
[   14.231037] ohci_hcd: USB 1.1 'Open' Host Controller (OHCI) Driver
[   14.232517] ohci-pci: OHCI PCI platform driver
[   14.233715] ohci-platform: OHCI generic platform driver
[   14.235366] uhci_hcd: USB Universal Host Controller Interface driver
[   14.237426] i8042: PNP: PS/2 Controller [PNP0303:PS2K,PNP0f03:PS2M] at 0x60,0x64 irq 1,12
[   14.240339] serio: i8042 KBD port at 0x60,0x64 irq 1
[   14.242775] serio: i8042 AUX port at 0x60,0x64 irq 12
[   14.244290] mousedev: PS/2 mouse device common for all mice
[   14.246448] input: AT Translated Set 2 keyboard as /devices/platform/i8042/serio0/input/input2
[   14.248968] rtc_cmos rtc_cmos: rtc core: registered rtc_cmos as rtc0
[   14.250538] rtc_cmos rtc_cmos: alarms up to one day, 114 bytes nvram
[   14.252416] i2c /dev entries driver
[   14.259701] device-mapper: uevent: version 1.0.3
[   14.260797] device-mapper: ioctl: 4.34.0-ioctl (2015-10-28) initialised: dm-devel@redhat.com
[   14.263733] ledtrig-cpu: registered to indicate activity on CPUs
[   14.267233] NET: Registered protocol family 10
[   14.268849] NET: Registered protocol family 17
[   14.270085] Key type dns_resolver registered
[   14.271592] registered taskstats version 1
[   14.272783] Loading compiled-in X.509 certificates
[   14.274910] Loaded X.509 cert 'Build time autogenerated kernel key: 766cb56454e39ea623681e1efb4bf4db48a2396c'
[   14.277404] zswap: loaded using pool lzo/zbud
[   14.280229] Key type trusted registered
[   14.285094] Key type encrypted registered
[   14.286390] AppArmor: AppArmor sha1 policy hashing enabled
[   14.287637] ima: No TPM chip found, activating TPM-bypass!
[   14.288725] ima: Allocated hash algorithm: sha1
[   14.289901] evm: HMAC attrs: 0x1
[   14.291035]   Magic number: 15:517:291
[   14.292131] tty tty24: hash matches
[   14.293328] rtc_cmos rtc_cmos: setting system clock to 2019-04-12 18:15:20 UTC (1555092920)
[   14.295428] BIOS EDD facility v0.16 2004-Jun-25, 0 devices found
[   14.296673] EDD information not available.
[   14.382084] Freeing unused kernel memory: 1484K
[   14.383333] Write protecting the kernel read-only data: 14336k
[   14.413753] Freeing unused kernel memory: 1620K
[   14.421434] Freeing unused kernel memory: 88K
Loading, please wait...
starting version 229
[   14.445326] random: systemd-udevd: uninitialized urandom read (16 bytes read, 2 bits of entropy available)
[   14.446027] random: udevadm: uninitialized urandom read (16 bytes read, 2 bits of entropy available)
[   14.446048] random: udevadm: uninitialized urandom read (16 bytes read, 2 bits of entropy available)
[   14.454809] random: systemd-udevd: uninitialized urandom read (16 bytes read, 2 bits of entropy available)
[   14.456893] random: udevadm: uninitialized urandom read (16 bytes read, 2 bits of entropy available)
[   14.456937] random: udevadm: uninitialized urandom read (16 bytes read, 2 bits of entropy available)
[   14.457124] random: udevadm: uninitialized urandom read (16 bytes read, 2 bits of entropy available)
[   14.457178] random: udevadm: uninitialized urandom read (16 bytes read, 2 bits of entropy available)
[   14.457229] random: udevadm: uninitialized urandom read (16 bytes read, 2 bits of entropy available)
[   14.457282] random: udevadm: uninitialized urandom read (16 bytes read, 2 bits of entropy available)
[   14.518561] Fusion MPT base driver 3.04.20
[   14.519612] Copyright (c) 1999-2008 LSI Corporation
[   14.521423] e1000: Intel(R) PRO/1000 Network Driver - version 7.3.21-k8-NAPI
[   14.523097] e1000: Copyright (c) 1999-2006 Intel Corporation.
[   14.550933] Fusion MPT SPI Host driver 3.04.20
[   14.562776] AVX version of gcm_enc/dec engaged.
[   14.563973] AES CTR mode by8 optimization enabled
[   14.752702] input: ImExPS/2 Generic Explorer Mouse as /devices/platform/i8042/serio1/input/input4
[   14.963971] e1000 0000:00:03.0 eth0: (PCI:33MHz:32-bit) 02:63:27:9f:3f:f3
[   14.983654] e1000 0000:00:03.0 eth0: Intel(R) PRO/1000 Network Connection
[   15.117035] tsc: Refined TSC clocksource calibration: 2295.755 MHz
[   15.141870] clocksource: tsc: mask: 0xffffffffffffffff max_cycles: 0x21178aec1e0, max_idle_ns: 440795238759 ns
[   15.379824] e1000 0000:00:08.0 eth1: (PCI:33MHz:32-bit) 08:00:27:87:71:a8
[   15.409292] e1000 0000:00:08.0 eth1: Intel(R) PRO/1000 Network Connection
[   15.432604] mptbase: ioc0: Initiating bringup
[   15.434955] e1000 0000:00:03.0 enp0s3: renamed from eth0
[   15.465830] e1000 0000:00:08.0 enp0s8: renamed from eth1
[   15.674353] ioc0: LSI53C1030 A0: Capabilities={Initiator}
[   16.206541] scsi host2: ioc0: LSI53C1030 A0, FwRev=00000000h, Ports=1, MaxQ=256, IRQ=20
[   17.023719] scsi 2:0:0:0: Direct-Access     VBOX     HARDDISK         1.0  PQ: 0 ANSI: 5
[   17.380608] scsi target2:0:0: Beginning Domain Validation
[   17.392539] scsi target2:0:0: Domain Validation skipping write tests
[   17.419030] scsi target2:0:0: Ending Domain Validation
[   17.434008] scsi target2:0:0: asynchronous
[   17.435247] scsi 2:0:1:0: Direct-Access     VBOX     HARDDISK         1.0  PQ: 0 ANSI: 5
[   17.436911] scsi target2:0:1: Beginning Domain Validation
[   17.438699] scsi target2:0:1: Domain Validation skipping write tests
[   17.439886] scsi target2:0:1: Ending Domain Validation
[   17.441036] scsi target2:0:1: asynchronous
[   17.447542] sd 2:0:0:0: [sda] 20971520 512-byte logical blocks: (10.7 GB/10.0 GiB)
[   17.467951] sd 2:0:0:0: Attached scsi generic sg0 type 0
[   17.469669] sd 2:0:1:0: [sdb] 20480 512-byte logical blocks: (10.5 MB/10.0 MiB)
[   17.472312] sd 2:0:1:0: [sdb] Write Protect is off
[   17.472356] sd 2:0:0:0: [sda] Write Protect is off
[   17.480593] sd 2:0:1:0: Attached scsi generic sg1 type 0
[   17.481936] sd 2:0:0:0: [sda] Incomplete mode parameter data
[   17.483365] sd 2:0:0:0: [sda] Assuming drive cache: write through
[   17.485078] sd 2:0:1:0: [sdb] Incomplete mode parameter data
[   17.486400] sd 2:0:1:0: [sdb] Assuming drive cache: write through
[   17.508876]  sda: sda1
[   17.511086] sd 2:0:0:0: [sda] Attached SCSI disk
[   17.589734] sd 2:0:1:0: [sdb] Attached SCSI disk
Begin: Loading e[   19.171777] md: linear personality registered for level -1
ssential drivers ... [   19.232921] md: multipath personality registered for level -4
[   19.236848] md: raid0 personality registered for level 0
[   19.242012] md: raid1 personality registered for level 1
[   19.324910] raid6: sse2x1   gen()  6762 MB/s
[   19.393397] raid6: sse2x1   xor()  5925 MB/s
[   19.460942] raid6: sse2x2   gen()  7302 MB/s
[   19.528993] raid6: sse2x2   xor()  5250 MB/s
[   19.597034] raid6: sse2x4   gen() 11972 MB/s
[   19.669081] raid6: sse2x4   xor()  7727 MB/s
[   19.670128] raid6: using algorithm sse2x4 gen() 11972 MB/s
[   19.671420] raid6: .... xor() 7727 MB/s, rmw enabled
[   19.672410] raid6: using ssse3x2 recovery algorithm
[   19.676126] xor: automatically using best checksumming function:
[   19.729124]    avx       : 19675.000 MB/sec
[   19.731652] async_tx: api initialized (async)
[   19.743687] md: raid6 personality registered for level 6
[   19.745011] md: raid5 personality registered for level 5
[   19.746227] md: raid4 personality registered for level 4
[   19.753507] md: raid10 personality registered for level 10
done.
Begin: Running /scripts/init-premount ... done.
Begin: Mounting root file system ... Begin: Running /scripts/local-top ... done.
Begin: Running /scripts/local-premount ... [   19.787658] Btrfs loaded
Scanning for Btrfs filesystems
done.
Warning: fsck not present, so skipping root file system
[   20.437577] EXT4-fs (sda1): mounted filesystem with ordered data mode. Opts: (null)
done.
Begin: Running /scripts/local-bottom ... done.
Begin: Running /scripts/init-bottom ... [   20.699319] random: nonblocking pool is initialized
done.
[   2.838] stemd[1]: systemd 229 running in system mode. (+PAM +AUDIT +SELINUX +IMA +APPARMOR +SMACK +SYSVINIT +UTMP +LIBCRYPTSETUP +GCRYPT +GNUTLS +ACL +XZ -LZ4 +SECCOMP +BLKID +ELFUTILS +KMOD -IDN)
[   25.047852] systemd[1]: Detected virtualization oracle.
[   25.049126] systemd[1]: Detected architecture x86-64.

Welcome to [1mUbuntu 16.04.6 LTS[0m!

[   25.208796] systemd[1]: Set hostname to <ubuntu>.
[ 2560380] ysmd]: Initializing machine ID fm andom gneto
[   25.986472] systemd[1]: Installed transient /etc/machine-id file.
[   34.761833] systemd[1]: Listening on udev Control Socket.
[[0;32m  OK  [0m] Listening on udev Control Socket.
[   34.765635] systemd[1]: Reached target User and Group Name Lookups.
[[0;32m  OK  [0m] Reached target User and Group Name Lookups.
[   34.769513] systemd[1]: Listening on /dev/initctl Compatibility Named Pipe.
[[0;32m  OK  [0m] Listening on /dev/initctl Compatibility Named Pipe.
[   34.773499] systemd[1]: Listening on Journal Socket.
[[0;32m  OK  [0m] Listening on Journal Socket.
[   34.776472] systemd[1]: Started Trigger resolvconf update for networkd DNS.
[[0;32m  OK  [0m] Started Trigger resolvconf update for networkd DNS.
[   34.780635] systemd[1]: Set up automount Arbitrary Executable File Formats File System Automount Point.
[[0;32m  OK  [0m] Set up automount Arbitrary Executab...ats File System Automount Point.
[   34.786067] systemd[1]: Listening on Jourl Audit Socket.
[[0;32m  OK  [0m] Listening on Journal Audit Socket.
[   34.844363] systemd[1]: Reached target Encrypted Volumes.
[[0;32m  OK  [0m] Reached target Encrypted Volumes.
[   34.847331] systemd[1]: Listening on LVM2 metadata daemon socket.
[[0;32m  OK  [0m] Listening on LVM2 metadata daemon socket.
[   34.851023] systemd[1]: Created slice System Slice.
[[0;32m  OK  [0m] Created slice System Slice.

[   34.865466] systemd[1]: Starting Uncomplicated firewall...
         Starting Uncomplicated firewall...
[   35.053750] systemd[1]: Starting Load Kernel Modules...
         Starting Load Kernel Modules...
[   35.058845] systemd[1]: Starting Nameserver information manager...
         Starting Nameserver information manager...
[   35.081177] systemd[1]: Mounting Debug File System...
         Mounting Debug File System...
[   35.153252] systemd[1]: Starting Create list of required static device nodes for the current kernel...
         Starting Create list of required st... nodes for the current kernel...
[   35.250390] systemd[1]: Starting Remount Root and Kernel File Systems...
         Starting Remount Root and Kernel File Systems...
[   35.293505] systemd[1]: Starting Set console keymap...
         Starting Set console keymap...
[   35.426235] systemd[1]: Mounting Huge Pages File System...
         Mounting Huge Pages File System...
[   35.432521] systemd[1]: Created slice User and Session Slice.
[[0;32m  OK  [0m] Created slice User and Session Slice.
[   35.451506] systemd[1]: Reached target Slices.
[[0;32m  OK  [0[   35.468915] EXT4-fs (sda1): re-mounted. Opts: (null)
m] Reached target Slices.
[   35.476485] systemd[1]: Listening on Device-mapper event daemon FIFOs.
[[0;32m  OK  [0m] Listening on Device-mapper event daemon FIFOs.
[   35.513474] systemd[1]: Starting Monitoring of LVM2 mirrors, snapshots etc. using dmeventd or progress polling...
         Starting Monitoring of LVM2 mirrors... dmeventd or progress polling...
[   35.594232] Loading iSCSI transport class v2.0-870.
[   35.613610] systemd[1]: Listening on Journal Socket (/dev/log).
[[0;32m  OK  [0m] Listening on Journal Socket (/dev/log).
[   35.616267] systemd[1]: Listening on udev Kernel Socket.
[[0;32m  OK  [0m] Listening on udev Kernel Socket.
[   35.618748] systemd[1]: Listening on LVM2 poll daemon socket.
[[0;32m  OK  [0m] Listening on LVM2 poll daemon socket.
[   35.621294] systemd[1]: Listening on Syslog Socket.
[[0;32m  OK  [0m] Listening on Syslog Socket.
[   35.633147] systemd[1]: Starting Journal Service...
         Starting Journal Service...
[   35.636997] systemd[1]: Started Forward Password Requests to Wall Directory Watch.
[[0;32m  OK  [0m] Started Forward Password Requests to Wall Directory Watch.
[   35.640925] systemd[1]: Reached target Swap.
[[0;32m  OK  [0m] Reached target Swap.
[   35.653200] systemd[1]: Created slice system-serial\x2dgetty.slice.
[[0;32m  OK  [0m] Created slice system-serial\x2dgetty.slice.
[   35.674781] systemd[1]: Reached target System Time Synchronized.
[[0;32m  OK  [0m] Reached target System Time Synchronized.
[   35.741115] systemd[1]: Mounting POSIX Message Queue File System...
         Mounting POSIX Message Queue File System...
[   35.814300] systemd[1]: Mounted Debug File System.
[   35.904910] iscsi: registered transport (tcp)
[[0;32m  OK  [0m] Mounted Debug File System.
[   36.013276] systemd[1]: Mounted POSIX Message Queue File System.
[[0;32m  OK  [0m] Mounted POSIX Message Queue File System.
[   36.071783] systemd[1]: Mounted Huge Pages File System.
[[0;32m  OK  [0m] Mounted Huge Pages File System.
[   36.129641] systemd[1]: Started Uncomplicated firewall.
[[0;32m  OK  [0m] Started Uncomplicated firewall.
[   36.157937] systemd[1]: Started Create list of required static device nodes for the current kernel.
[[0;32m  OK  [0m] Started Create list of required sta...ce nodes for the current kernel.
[   36.320285] systemd[1]: Started Remount Root and Kernel File Systems.
[[0;32m  OK  [0m] Started Remount Root and Kernel File Systems.
[   36.354036] systemd[1]: Started Set console keymap.
[[0;32m  OK  [0m] Started Set console keymap.
[   36.365497] systemd[1]: Started Nameserver information manager.
[[0;32m  OK  [0m] Started Nameserver information manager.
[   36.437017] systemd[1]: Starting Load/Save Random Seed...
         Starting Load/Save Random Seed...
[   36.789445] systemd[1]: Starting udev Coldplug all Devices...
         Starting udev Coldplug all Devices...
[   36.6199] systemd[1]: Starting Create Static Device Nodes in /dev...
[   37.107520] iscsi: registered transport (iser)
         Starting Create Static Device Nodes in /dev...
[   37.153736] systemd[1]: Started Load Kernel Modules.
[[0;32m  OK  [0m] Started Load Kernel Modules.
[   37.161636] systemd[1]: Started Load/Save Random Seed.
[[0;32m  OK  [0m] Started Load/Save Random Seed.
[   37.267732] systemd[1]: Started LVM2 metadata daemon.
[[0;32m  OK  [0m] Started LVM2 metadata daemon.
[   37.334246] systemd[1]: Mounting FUSE Control File System...
         Mounting FUSE Control File System...
[   37.337751] systemd[1]: Starting Apply Kernel Variables...
         Starting Apply Kernel Variables...
[   37.343008] systemd[1]: Mounted FUSE Control File System.
[[0;32m  OK  [0m] Mounted FUSE Control File System.
[   37.347036] systemd[1]: Started Journal Service.
[[0;32m  OK  [0m] Started Journal Service.
[[0;32m  OK  [0m] Started udev Coldplug all Devices.
         Starting Flush Journal to Persistent Storage...
[[0;32m  OK  [0m] Started Apply Kernel Variables.
[[0;32m  OK  [0m] Started Monitoring of LVM2 mirrors,...ng dmeventd or progress polling.
[[0;32m  OK  [0m] Started Flush Journal to Persistent Storage.
[[0;32m  OK  [0m] Started Create Static Device Nodes in /dev.
[[0;32m  OK  [0m] Reached target Local File Systems (Pre).
[[0;32m  OK  [0m] Reached target Local File Systems.
         Starting Tell Plymouth To Write Out Runtime Data...
         Starting LSB: AppArmor initialization...
         Starting Initial cloud-init job (pre-networking)...
         Starting Commit a transient machine-id on disk...
         Starting Create Volatile Files and Directories...
         Starting Set console font and keymap...
         Starting udev Kernel Device Manager...
[[0;32m  OK  [0m] Started Tell Plymouth To Write Out Runtime Data.
[[0;32m  OK  [0m] Started Create Volatile Files and Directories.
[[0;32m  OK  [0m] Started Commit a transient machine-id on disk.
         Starting Update UTMP about System Boot/Shutdown...
[[0;32m  OK  [0m] Started Update UTMP about System Boot/Shutdown.
[[0;32m  OK  [0m] Started Set console font and keymap.
[[0;32m  OK  [0m] Created slice system-getty.slice.
[[0;32m  OK  [0m] Started udev Kernel Device Manager.
[[0;32m  OK  [0m] Started Dispatch Password Requests to Console Directory Watch.
[[0;32m  OK  [0m] Found device /dev/ttyS0.
[[0;32m  OK  [0m] Listening on Load/Save RF Kill Switch Status /dev/rfkill Watch.
[[0;32m  OK  [0m] Started LSB: AppArmor initialization.
[   50.497849] cloud-init[459]: Cloud-init v. 18.5-45-g3554ffe8-0ubuntu1~16.04.1 running 'init-local' at Fri, 12 Apr 2019 18:16:05 +0000. Up 46.68 seconds.
[[0;32m  OK  [0m] Started Initial cloud-init job (pre-networking).
[[0;32m  OK  [0m] Reached target Network (Pre).
         Starting Raise network interfaces...
[[0;32m  OK  [0m] Started Raise network interfaces.
         Starting Initial cloud-init job (metadata service crawler)...
[[0;32m  OK  [0m] Reached target Network.
[   58.478878] cloud-init[945]: Cloud-init v. 18.5-45-g3554ffe8-0ubuntu1~16.04.1 running 'init' at Fri, 12 Apr 2019 18:16:11 +0000. Up 52.70 seconds.
[   58.482516] cloud-init[945]: ci-info: ++++++++++++++++++++++++++++++++++++++Net device info+++++++++++++++++++++++++++++++++++++++
[   58.510145] cloud-init[945]: ci-info: +--------+-------+----------------------------+---------------+--------+-------------------+
[   58.573036] cloud-init[945]: ci-info: | Device |   Up  |          Address           |      Mask     | Scope  |     Hw-Address    |
[   58.573344] cloud-init[945]: ci-info: +--------+-------+----------------------------+---------------+--------+-------------------+
[[0;32m  OK  [0m] Started Initial cloud-init job (metadata service crawler).
[   58.573565] cloud-init[945]: ci-info: | enp0s3 |  True |         10.0.2.15          | 255.255.255.0 | global | 02:63:27:9f:3f:f3 |
[   58.918813] cloud-init[945]: ci-info: | enp0s3 |  True | fe80::63:27ff:fe9f:3ff3/64 |       .       |  link  | 02:63:27:9f:3f:f3 |
[   58.919215] cloud-init[945]: ci-info: | enp0s8 | False |             .              |       .       |   .    | 08:00:27:87:71:a8 |
[   58.919656] cloud-init[945]: ci-info: |   lo   |  True |         127.0.0.1          |   255.0.0.0   |  host  |         .         |
[   58.919897] cloud-init[945]: ci-info: |   lo   |  True |          ::1/128           |       .       |  host  |         .         |
[   58.920148] cloud-init[945]: ci-info: +--------+-------+----------------------------+---------------+--------+-------------------+
[[0;32m  OK  [0m] Reached target System Initialization.
[   58.920548] cloud-init[945]: ci-info: +++++++++++++++++++++++++++Route IPv4 info++++++++++++++++++++++++++++
[   59.161884] cloud-init[945]: ci-info: +-------+-------------+----------+---------------+-----------+-------+
[   59.162067] cloud-init[945]: ci-info: | Route | Destination | Gateway  |    Genmask    | Interface | Flags |
[[0;32m  OK  [0m] Listening on UUID daemon activation socket.
[   59.162323] cloud-init[945]: ci-info: +-------+-------------+----------+---------------+-----------+-------+
[   59.181554] cloud-init[945]: ci-info: |   0   |   0.0.0.0   | 10.0.2.2 |    0.0.0.0    |   enp0s3  |   UG  |
[   59.183705] cloud-init[945]: ci-info: |   1   |   10.0.2.0  | 0.0.0.0  | 255.255.255.0 |   enp0s3  |   U   |
[   59.185824] cloud-init[945]: ci-info: +-------+-------------+----------+---------------+-----------+-------+
[   59.197676] cloud-init[945]: ci-info: +++++++++++++++++++Route IPv6 info+++++++++++++++++++
[   59.236682] cloud-init[945]: ci-info: +-------+-------------+---------+-----------+-------+
[   59.256651] cloud-init[945]: ci-info: | Route | Destination | Gateway | Interface | Flags |
[   59.308468] cloud-init[945]: ci-info: +-------+-------------+---------+-----------+-------+
[   59.348437] cloud-init[945]: ci-info: |   0   |  fe80::/64  |    ::   |   enp0s3  |   U   |
[   59.348842] cloud-init[945]: ci-info: |   3   |   ff00::/8  |    ::   |   enp0s3  |   U   |
[   59.349034] cloud-init[945]: ci-info: +-------+-------------+---------+-----------+-------+
[   59.349292] cloud-init[945]: Generating public/private rsa key pair.
[   59.350013] cloud-init[945]: Your identification has been saved in /etc/ssh/ssh_host_rsa_key.
[   59.350429] cloud-init[945]: Your public key has been saved in /etc/ssh/ssh_host_rsa_key.pub.
[   59.351189] cloud-init[945]: The key fingerprint is:
[   59.351407] cloud-init[945]: SHA256:DGQStBiBzGosHtoItFrwgMQcBBHs6P4xX2inj9CbYMM root@ubuntu-xenial
[   59.351700] cloud-init[945]: The key's randomart image is:
[   59.351848] cloud-init[945]: +---[RSA 2048]----+
[   59.352134] cloud-init[945]: |#B+o+.o          |
[   59.352354] cloud-init[945]: |=B o =           |
[   59.352645] cloud-init[945]: |*+o . .          |
[   59.352878] cloud-init[945]: |=*o    o         |
[   59.353168] cloud-init[945]: |O+.     S        |
[   59.353403] cloud-init[945]: |+oo . .          |
[   59.353632] cloud-init[945]: |.  E + o         |
[   59.353921] cloud-init[945]: | .. O B          |
[   59.354191] cloud-init[945]: |  .. *..         |
[   59.354403] cloud-init[945]: +----[SHA256]-----+
[   59.354644] cloud-init[945]: Generating public/private dsa key pair.
[   59.354875] cloud-init[945]: Your identification has been saved in /etc/ssh/ssh_host_dsa_key.
[   59.355127] cloud-init[945]: Your public key has been saved in /etc/ssh/ssh_host_dsa_key.pub.
[   59.355311] cloud-init[945]: The key fingerprint is:
[   59.355533] cloud-init[945]: SHA256:y782wUNv8XEvPdS7TioXHf+HmFFetitxnH0Im7UvvyU root@ubuntu-xenial
[   59.355768] cloud-init[945]: The key's randomart image is:
[   59.355970] cloud-init[945]: +---[DSA 1024]----+
[   59.356413] cloud-init[945]: |                 |
[   59.357389] cloud-init[945]: |                 |
[   59.357559] cloud-init[945]: |                .|
[   59.357760] cloud-init[945]: |          . o +o=|
[   59.357960] cloud-init[945]: |        So . X+OO|
[   59.358174] cloud-init[945]: |       . .+ *o*O*|
[   59.358377] cloud-init[945]: |        o  + +E=B|
[   59.358605] cloud-init[945]: |         .o.oo=+=|
[   59.358806] cloud-init[945]: |         .ooo.o=+|
[   59.359020] cloud-init[945]: +----[SHA256]-----+
[[0;32m  OK  [0m] Started ACPI Events Check.
[   59.359277] cloud-init[945]: Generating public/private ecdsa key pair.
[   59.619666] cloud-init[945]: Your identification has been saved in /etc/ssh/ssh_host_ecdsa_key.
[   59.620108] cloud-init[945]: Your public key has been saved in /etc/ssh/ssh_host_ecdsa_key.pub.
[   59.620323] cloud-init[945]: The key fingerprint is:
[   59.620529] cloud-init[945]: SHA256:A9ZSYmLwQ3Yy/dV6xG1dFs5dHnTwoJyaFnUCqCGTiZ8 root@ubuntu-xenial
[   59.620723] cloud-init[945]: The key's randomart image is:
[   59.620934] cloud-init[945]: +---[ECDSA 256]---+
[   59.621125] cloud-init[945]: |  .oB++ ...+o.=*B|
[   59.621356] cloud-init[945]: |  .==*o+. .o+===*|
[   59.621549] cloud-init[945]: |   .o+++...o+. o+|
[   59.621757] cloud-init[945]: |    Eo.o. .+.    |
[   59.621996] cloud-init[945]: |        S +.     |
[   59.622187] cloud-init[945]: |         o       |
[   59.622571] cloud-init[945]: |                 |
[   59.622767] cloud-init[945]: |                 |
[   59.622970] cloud-init[945]: |                 |
[   59.623162] cloud-init[945]: +----[SHA256]-----+
[   59.623543] cloud-init[945]: Generating public/private ed25519 key pair.
[   59.623754] cloud-init[945]: Your identification has been saved in /etc/ssh/ssh_host_ed25519_key.
[   59.623971] cloud-init[945]: Your public key has been saved in /etc/ssh/ssh_host_ed25519_key.pub.
[   59.624388] cloud-init[945]: The key fingerprint is:
[   59.624582] cloud-init[945]: SHA256:2/YzazMCltjq0w3emCYnlg1mAOmrqkgTPUZJPm108EY root@ubuntu-xenial
[   59.624790] cloud-init[945]: The key's randomart image is:
[   59.625003] cloud-init[945]: +--[ED25519 256]--+
[   59.625207] cloud-init[945]: |   o o.E         |
[   59.625455] cloud-init[945]: |  = + +          |
[   59.625951] cloud-init[945]: | . * o o         |
[   59.626126] cloud-init[945]: |  + + .          |
[   59.626356] cloud-init[945]: | . = . oS.       |
[   59.626565] cloud-init[945]: |  + . = *o       |
[   59.626774] cloud-init[945]: | +   o O.Bo      |
[   59.627001] cloud-init[945]: |+ .   B O.+.*    |
[   59.627236] cloud-init[945]: |*    o.*   oo*   |
[   59.627441] cloud-init[945]: +----[SHA256]-----+
[[0;32m  OK  [0m] Reached target Paths.
         Starting LXD - unix socket.
[[0;32m  OK  [0m] Started Daily Cleanup of Temporary Directories.
[[0;32m  OK  [0m] Listening on ACPID Listen Socket.
[[0;32m  OK  [0m] Started Daily apt download activities.
[[0;32m  OK  [0m] Started Daily apt upgrade and clean activities.
[[0;32m  OK  [0m] Reached target Timers.
         Starting Socket activation for snappy daemon.
[[0;32m  OK  [0m] Listening on D-Bus System Message Bus Socket.
[[0;32m  OK  [0m] Reached target Cloud-config availability.
[[0;32m  OK  [0m] Reached target Network is Online.
         Starting iSCSI initiator daemon (iscsid)...
[[0;32m  OK  [0m] Listening on LXD - unix socket.
[[0;32m  OK  [0m] Listening on Socket activation for snappy daemon.
[[0;32m  OK  [0m] Reached target Sockets.
[[0;32m  OK  [0m] Reached target Basic System.
[[0;32m  OK  [0m] Started Deferred execution scheduler.
[[0;32m  OK  [0m] Started ACPI event daemon.
         Starting /etc/rc.local Compatibility...
[[0;32m  OK  [0m] Started D-Bus System Message Bus.
         Starting Virtualbox guest utils...
[[0;32m  OK  [0m] Started Regular background program processing daemon.
         Starting Snappy daemon...
         Starting LSB: MD monitoring daemon...
         Starting Accounts Service...
[[0;32m  OK  [0m] Started FUSE filesystem for LXC.
         Starting System Logging Service...
[[0;32m  OK  [0m] Started Unattended Upgrades Shutdown.
         Starting LSB: Record successful boot for GRUB...
         Starting Login Service...
         Starting Pollinate to seed the pseudo random number generator...
         Starting LXD - container startup/shutdown...
[[0;32m  OK  [0m] Started /etc/rc.local Compatibility.
[[0;32m  OK  [0m] Started Login Service.
[[0;32m  OK  [0m] Started iSCSI initiator daemon (iscsid).
         Starting Login to default iSCSI targets...
[[0;32m  OK  [0m] Started LSB: Record successful boot for GRUB.
[[0;32m  OK  [0m] Started LSB: MD monitoring daemon.
[[0;32m  OK  [0m] Started Login to default iSCSI targets.
[[0;32m  OK  [0m] Reached target Remote File Systems (Pre).
[[0;32m  OK  [0m] Reached target Remote File Systems.
         Starting LSB: daemon to balance interrupts for SMP systems...
         Starting Permit User Sessions...
         Starting LSB: Set the CPU Frequency Scaling governor to "ondemand"...
         Starting LSB: automatic crash report generation...
[[0;32m  OK  [0m] Started System Logging Service.
[[0;32m  OK  [0m] Started LSB: Set the CPU Frequency Scaling governor to "ondemand".
[[0;32m  OK  [0m] Started Permit User Sessions.
         Starting Hold until boot process finishes up...
         Starting Terminate Plymouth Boot Screen...
[[0;32m  OK  [0m] Started Hold until boot process finishes up.
[[0;32m  OK  [0m] Started Terminate Plymouth Boot Screen.
[[0;32m  OK  [0m] Started Getty on tty1.
         Starting Set console scheme...
[[0;32m  OK  [0m] Started Serial Getty on ttyS0.
[[0;32m  OK  [0m] Reached target Login Prompts.
[[0;32m  OK  [0m] Started LSB: daemon to balance interrupts for SMP systems.
[[0;32m  OK  [0m] Started LSB: automatic crash report generation.
[[0;32m  OK  [0m] Started Virtualbox guest utils.
[[0;32m  OK  [0m] Started Set console scheme.
         Starting Authenticate and Authorize Users to Run Privileged Tasks...
[[0;32m  OK  [0m] Started Authenticate and Authorize Users to Run Privileged Tasks.
[[0;32m  OK  [0m] Started Accounts Service.

Ubuntu 16.04.6 LTS ubuntu-xenial ttyS0

ubuntu-xenial login: [   81.120178] cloud-init[1344]: Generating locales (this might take a while)...
[   84.224737] cloud-init[1344]:   en_US.UTF-8... done
[   84.225540] cloud-init[1344]: Generation complete.
[   91.306675] cloud-init[1344]: Cloud-init v. 18.5-45-g3554ffe8-0ubuntu1~16.04.1 running 'modules:config' at Fri, 12 Apr 2019 18:16:39 +0000. Up 80.10 seconds.
ci-info: no authorized ssh keys fingerprints found for user ubuntu.
<14>Apr 12 18:16:51 ec2: 
<14>Apr 12 18:16:51 ec2: #############################################################
<14>Apr 12 18:16:51 ec2: -----BEGIN SSH HOST KEY FINGERPRINTS-----
<14>Apr 12 18:16:51 ec2: 1024 SHA256:y782wUNv8XEvPdS7TioXHf+HmFFetitxnH0Im7UvvyU root@ubuntu-xenial (DSA)
<14>Apr 12 18:16:51 ec2: 256 SHA256:A9ZSYmLwQ3Yy/dV6xG1dFs5dHnTwoJyaFnUCqCGTiZ8 root@ubuntu-xenial (ECDSA)
<14>Apr 12 18:16:51 ec2: 256 SHA256:2/YzazMCltjq0w3emCYnlg1mAOmrqkgTPUZJPm108EY root@ubuntu-xenial (ED25519)
<14>Apr 12 18:16:51 ec2: 2048 SHA256:DGQStBiBzGosHtoItFrwgMQcBBHs6P4xX2inj9CbYMM root@ubuntu-xenial (RSA)
<14>Apr 12 18:16:51 ec2: -----END SSH HOST KEY FINGERPRINTS-----
<14>Apr 12 18:16:51 ec2: #############################################################
-----BEGIN SSH HOST KEY KEYS-----
ecdsa-sha2-nistp256 AAAAE2VjZHNhLXNoYTItbmlzdHAyNTYAAAAIbmlzdHAyNTYAAABBBCKe3Qf5mzP2IFeyNmXwk0Ib0jWJOOni6biaxayEuSebPR5tF2Yr5cu1pAUcu0BYnMCjyAjs5lUxKIkxdy9WLao= root@ubuntu-xenial
ssh-ed25519 AAAAC3NzaC1lZDI1NTE5AAAAIEBdaIM3VnsBazUx6T+Gh38pQS5rewOvLH/wUXySDOV7 root@ubuntu-xenial
ssh-rsa AAAAB3NzaC1yc2EAAAADAQABAAABAQDU8vEaxh7IrlQZBlWAo4LqaMXFzboHBeFQfA8v+eSjyQzgdjsgKRJi6yDvTBbrYG2xrfGhPCj7RtoP4OaI3W62MZHTZQMafc6C1Nb3Vlm9T/r8In4xadpqtX3ZvJX0kN+4YEYDOKFNPi64PKPR8u1aLzTi6R1MJ4Hm+kvb7dyxkqwfE6StR6hT6YK8Zx5ycZTKm9tBfBmBDRR/T+wI8JrJu46vCkdS/t4I0KEpKS2GzIPLumgsoe8sLGi+64a9OzIqsb0fFJXKEjZ2IOLK2+G+ic/W8yBRz01ZG/yiTCpAgfmRjcOnKlyf82Xt1jfsgDG/tuduA3pQwz3kE0NLy3+z root@ubuntu-xenial
-----END SSH HOST KEY KEYS-----
[   92.581556] cloud-init[1576]: Cloud-init v. 18.5-45-g3554ffe8-0ubuntu1~16.04.1 running 'modules:final' at Fri, 12 Apr 2019 18:16:50 +0000. Up 91.68 seconds.
[   92.582343] cloud-init[1576]: ci-info: no authorized ssh keys fingerprints found for user ubuntu.
[   92.582482] cloud-init[1576]: Cloud-init v. 18.5-45-g3554ffe8-0ubuntu1~16.04.1 finished at Fri, 12 Apr 2019 18:16:51 +0000. Datasource DataSourceNoCloud [seed=/dev/sdb][dsmode=net].  Up 92.57 seconds
         Stopping User Manager for UID 1000...
             Stopping LSB: MD monitoring daemon...
         Stopping Virtualbox guest utils...
         Stopping OpenBSD Secure Shell server...
         Stopping Session 4 of user vagrant.
         Stopping LSB: automatic crash report generation...
[[0;32m  OK  [0m] Closed Load/Save RF Kill Switch Status /dev/rfkill Watch.
[[0;32m  OK  [0m] Stopped target Timers.
[[0;32m  OK  [0m] Stopped Daily apt upgrade and clean activities.
[[0;32m  OK  [0m] Stopped Daily apt download activities.
[[0;32m  OK  [0m] Stopped target System Time Synchronized.
[[0;32m  OK  [0m] Stopped Daily Cleanup of Temporary Directories.
         Stopping Authenticate and Authorize Users to Run Privileged Tasks...
[[0;32m  OK  [0m] Unmounted /var/lib/lxcfs.
[[0;32m  OK  [0m] Stopped Deferred execution scheduler.
[[0;32m  OK  [0m] Stopped ACPI event daemon.
[[0;32m  OK  [0m] Stopped Regular background program processing daemon.
[[0;32m  OK  [0m] Stopped Accounts Service.
[[0;32m  OK  [0m] Stopped System Logging Service.
[[0;32m  OK  [0m] Stopped Getty on tty1.
[[0;32m  OK  [0m] Stopped Serial Getty on ttyS0.
[[0;32m  OK  [0m] Stopped Authenticate and Authorize Users to Run Privileged Tasks.
[[0;32m  OK  [0m] Stopped OpenBSD Secure Shell server.
[[0;32m  OK  [0m] Stopped User Manager for UID 1000.
[[0;32m  OK  [0m] Stopped Session 7 of user vagrant.
[[0;32m  OK  [0m] Stopped D-Bus System Message Bus.
[[0;32m  OK  [0m] Stopped Unattended Upgrades Shutdown.
[[0;32m  OK  [0m] Stopped FUSE filesystem for LXC.
[[0;32m  OK  [0m] Stopped LSB: Set the CPU Frequency Scaling governor to "ondemand".
[[0;32m  OK  [0m] Stopped LSB: MD monitoring daemon.
[[0;32m  OK  [0m] Stopped LSB: daemon to balance interrupts for SMP systems.
[[0;32m  OK  [0m] Stopped LXD - container startup/shutdown.
[[0;32m  OK  [0m] Stopped LSB: Record successful boot for GRUB.
[[0;32m  OK  [0m] Stopped Virtualbox guest utils.
[[0;32m  OK  [0m] Stopped LSB: automatic crash report generation.
[[0;32m  OK  [0m] Removed slice system-serial\x2dgetty.slice.
[[0;32m  OK  [0m] Stopped /etc/rc.local Compatibility.
[[0;32m  OK  [0m] Removed slice system-getty.slice.
[[0;32m  OK  [0m] Stopped Session 4 of user vagrant.
[[0;32m  OK  [0m] Removed slice User Slice of vagrant.
         Stopping Login Service...
         Stopping Permit User Sessions...
[[0;32m  OK  [0m] Stopped Permit User Sessions.
[[0;32m  OK  [0m] Stopped Login Service.
[[0;32m  OK  [0m] Stopped target Basic System.
[[0;32m  OK  [0m] Stopped target Slices.
[[0;32m  OK  [0m] Removed slice User and Session Slice.
[[0;32m  OK  [0m] Stopped target Paths.
[[0;32m  OK  [0m] Stopped Dispatch Password Requests to Console Directory Watch.
[[0;32m  OK  [0m] Stopped Forward Password Requests to Wall Directory Watch.
[[0;32m  OK  [0m] Stopped ACPI Events Check.
[[0;32m  OK  [0m] Stopped target Sockets.
[[0;32m  OK  [0m] Closed UUID daemon activation socket.
[[0;32m  OK  [0m] Closed Syslog Socket.
[[0;32m  OK  [0m] Closed Socket activation for snappy daemon.
[[0;32m  OK  [0m] Closed D-Bus System Message Bus Socket.
[[0;32m  OK  [0m] Closed ACPID Listen Socket.
[[0;32m  OK  [0m] Closed LXD - unix socket.
[[0;32m  OK  [0m] Stopped target User and Group Name Lookups.
[[0;32m  OK  [0m] Stopped target System Initialization.
         Stopping Load/Save Random Seed...
[[0;32m  OK  [0m] Stopped target Swap.
[[0;32m  OK  [0m] Stopped Create Volatile Files and Directories.
[[0;32m  OK  [0m] Stopped target Encrypted Volumes.
[[0;32m  OK  [0m] Stopped Commit a transient machine-id on disk.
[[0;32m  OK  [0m] Stopped target Remote File Systems.
[[0;32m  OK  [0m] Stopped target Remote File Systems (Pre).
         Stopping Login to default iSCSI targets...
[[0;32m  OK  [0m] Stopped Load/Save Random Seed.
[[0;32m  OK  [0m] Stopped Login to default iSCSI targets.
         Stopping iSCSI initiator daemon (iscsid)...
[[0;32m  OK  [0m] Stopped iSCSI initiator daemon (iscsid).
[[0;32m  OK  [0m] Stopped target Network is Online.
[[0;32m  OK  [0m] Stopped Initial cloud-init job (metadata service crawler).
[[0;32m  OK  [0m] Stopped target Network.
         Stopping Raise network interfaces...
[[0;32m  OK  [0m] Stopped Raise network interfaces.
[[0;32m  OK  [0m] Stopped target Local File Systems.
         Unmounting /run/user/1000...
         Unmounting /vagrant...
[[0;32m  OK  [0m] Stopped Apply Kernel Variables.
[[0;32m  OK  [0m] Stopped target Network (Pre).
[[0;32m  OK  [0m] Stopped Initial cloud-init job (pre-networking).
[[0;32m  OK  [0m] Stopped Load Kernel Modules.
[[0;32m  OK  [0m] Unmounted /run/user/1000.
[[0;32m  OK  [0m] Unmounted /vagrant.
[[0;32m  OK  [0m] Reached target Unmount All Filesystems.
[[0;32m  OK  [0m] Stopped target Local File Systems (Pre).
[[0;32m  OK  [0m] Stopped Remount Root and Kernel File Systems.
[[0;32m  OK  [0m] Stopped Create Static Device Nodes in /dev.
[[0;32m  OK  [0m] Reached target Shutdown.
[ 3752.5085]ebt:owr ow

