2019-01-11 17:52:09,507 - SWARM_Simulator - INFO - Connecting to Kafka...
2019-01-11 17:52:09,736 - SWARM_Simulator - INFO - connected to Kafka at ['192.168.34.181:9092']
2019-01-11 17:52:09,737 - SWARM_Simulator - INFO - UID: 1000
Sensors: 
 SID: 100
 type: PushGPS updateFrequency: 5.0 latMult: 6 longMult: 4 altMult: 4

2019-01-11 17:52:09,737 - SWARM_Simulator - INFO - UID: 1001
Sensors: 
 SID: 100
 type: PullHeartRateMonitor updateFrequency: 5.0 rateMult: 1 bpm: 86

2019-01-11 17:52:09,737 - SWARM_Simulator - INFO - UID: 1002
Sensors: 
 SID: 100
 type: PushGPS updateFrequency: 5.0 latMult: 3 longMult: 8 altMult: 1

2019-01-11 17:52:09,746 - SWARM_Simulator - INFO - UID: 1003
Sensors: 
 SID: 100
 type: PullHeartRateMonitor updateFrequency: 5.0 rateMult: 2 bpm: 94

2019-01-11 17:52:09,746 - SWARM_Simulator - INFO - UID: 1004
Sensors: 
 SID: 100
 type: PushGPS updateFrequency: 5.0 latMult: 6 longMult: 6 altMult: 4

2019-01-11 17:52:09,747 - SWARM_Simulator - INFO - UID: 1005
Sensors: 
 SID: 100
 type: PullGPS updateFrequency: 5.0 latMult: 9 longMult: 8 altMult: 4

2019-01-11 17:52:09,747 - SWARM_Simulator - INFO - UID: 1006
Sensors: 
 SID: 100
 type: PullGPS updateFrequency: 5.0 latMult: 4 longMult: 3 altMult: 7

2019-01-11 17:52:09,747 - SWARM_Simulator - INFO - UID: 1007
Sensors: 
 SID: 100
 type: PushGPS updateFrequency: 5.0 latMult: 10 longMult: 8 altMult: 5

2019-01-11 17:52:09,747 - SWARM_Simulator - INFO - UID: 1008
Sensors: 
 SID: 100
 type: PushGPS updateFrequency: 5.0 latMult: 2 longMult: 4 altMult: 4

2019-01-11 17:52:09,747 - SWARM_Simulator - INFO - UID: 1009
Sensors: 
 SID: 100
 type: PullHeartRateMonitor updateFrequency: 5.0 rateMult: 2 bpm: 126

2019-01-11 17:52:09,748 - SWARM_Simulator - INFO - started sensor SID: 100
 type: PushGPS updateFrequency: 5.0 latMult: 6 longMult: 4 altMult: 4 for UID: 1000
Sensors: 
 SID: 100
 type: PushGPS updateFrequency: 5.0 latMult: 6 longMult: 4 altMult: 4

2019-01-11 17:52:09,749 - SWARM_Simulator - INFO - SWARMUserSensorData sent {
    "UID": 1000,
    "Timestamp": "1547247129.748367",
    "SensorType": "PushGPS",
    "Payload": "bytearray(b\"\\x02\\'*>\\x1a\\x00L\\x054\\x04\\x00\\x00\\x00\\x00\\x00\\x81\\x00\\x00\\x00\\x08\")"
}
2019-01-11 17:52:10,259 - SWARM_Simulator - INFO - started sensor SID: 100
 type: PullHeartRateMonitor updateFrequency: 5.0 rateMult: 1 bpm: 88.0 for UID: 1001
Sensors: 
 SID: 100
 type: PullHeartRateMonitor updateFrequency: 5.0 rateMult: 1 bpm: 88.0

2019-01-11 17:52:11,102 - SWARM_Simulator - INFO - started sensor SID: 100
 type: PushGPS updateFrequency: 5.0 latMult: 3 longMult: 8 altMult: 1 for UID: 1002
Sensors: 
 SID: 100
 type: PushGPS updateFrequency: 5.0 latMult: 3 longMult: 8 altMult: 1

2019-01-11 17:52:11,103 - SWARM_Simulator - INFO - SWARMUserSensorData sent {
    "UID": 1002,
    "Timestamp": "1547247131.1018717",
    "SensorType": "PushGPS",
    "Payload": "bytearray(b\"\\x02\\'\\x18\\x05K\\x00L\\x1c;0\\x00\\x00\\x01P\\x01\\n\\x00\\x00\\x00\\x02\")"
}
2019-01-11 17:52:11,704 - SWARM_Simulator - INFO - started sensor SID: 100
 type: PullHeartRateMonitor updateFrequency: 5.0 rateMult: 2 bpm: 96.0 for UID: 1003
Sensors: 
 SID: 100
 type: PullHeartRateMonitor updateFrequency: 5.0 rateMult: 2 bpm: 96.0

2019-01-11 17:52:12,365 - SWARM_Simulator - INFO - started sensor SID: 100
 type: PushGPS updateFrequency: 5.0 latMult: 6 longMult: 6 altMult: 4 for UID: 1004
Sensors: 
 SID: 100
 type: PushGPS updateFrequency: 5.0 latMult: 6 longMult: 6 altMult: 4

2019-01-11 17:52:12,365 - SWARM_Simulator - INFO - SWARMUserSensorData sent {
    "UID": 1004,
    "Timestamp": "1547247132.3646595",
    "SensorType": "PushGPS",
    "Payload": "bytearray(b\"\\x02\\'BR\\t\\x00L\\x1aK\\x01\\x00\\x00\\x03D\\x01\\x12\\x00\\x00\\x00\\r\")"
}
2019-01-11 17:52:13,236 - SWARM_Simulator - INFO - started sensor SID: 100
 type: PullGPS updateFrequency: 5.0 latMult: 9 longMult: 8 altMult: 4 for UID: 1005
Sensors: 
 SID: 100
 type: PullGPS updateFrequency: 5.0 latMult: 9 longMult: 8 altMult: 4

2019-01-11 17:52:13,987 - SWARM_Simulator - INFO - started sensor SID: 100
 type: PullGPS updateFrequency: 5.0 latMult: 4 longMult: 3 altMult: 7 for UID: 1006
Sensors: 
 SID: 100
 type: PullGPS updateFrequency: 5.0 latMult: 4 longMult: 3 altMult: 7

2019-01-11 17:52:14,750 - SWARM_Simulator - INFO - SWARMUserSensorData sent {
    "UID": 1000,
    "Timestamp": "1547247134.7500324",
    "SensorType": "PushGPS",
    "Payload": "bytearray(b\"\\x02\\'*C7\\x00L\\x056<\\x00\\x00\\x00\\x00\\x006\\x00\\x00\\x00\\r\")"
}
2019-01-11 17:52:14,908 - SWARM_Simulator - INFO - started sensor SID: 100
 type: PushGPS updateFrequency: 5.0 latMult: 10 longMult: 8 altMult: 5 for UID: 1007
Sensors: 
 SID: 100
 type: PushGPS updateFrequency: 5.0 latMult: 10 longMult: 8 altMult: 5

2019-01-11 17:52:14,909 - SWARM_Simulator - INFO - SWARMUserSensorData sent {
    "UID": 1007,
    "Timestamp": "1547247134.9083273",
    "SensorType": "PushGPS",
    "Payload": "bytearray(b\"\\x02\\'2\\x13\\x11\\x00LG\\x19\\x1e\\x00\\x00\\x00\\xc0\\x01@\\x00\\x00\\x00\\x0b\")"
}
2019-01-11 17:52:15,019 - SWARM_Simulator - INFO - started sensor SID: 100
 type: PushGPS updateFrequency: 5.0 latMult: 2 longMult: 4 altMult: 4 for UID: 1008
Sensors: 
 SID: 100
 type: PushGPS updateFrequency: 5.0 latMult: 2 longMult: 4 altMult: 4

2019-01-11 17:52:15,020 - SWARM_Simulator - INFO - SWARMUserSensorData sent {
    "UID": 1008,
    "Timestamp": "1547247135.0199037",
    "SensorType": "PushGPS",
    "Payload": "bytearray(b\"\\x02\\'\\n\\x18N\\x00L\\tV\\x08\\x00\\x00\\x00\\xbd\\x00\\x8b\\x00\\x00\\x00\\x07\")"
}
2019-01-11 17:52:15,581 - SWARM_Simulator - INFO - started sensor SID: 100
 type: PullHeartRateMonitor updateFrequency: 5.0 rateMult: 2 bpm: 120.0 for UID: 1009
Sensors: 
 SID: 100
 type: PullHeartRateMonitor updateFrequency: 5.0 rateMult: 2 bpm: 120.0

2019-01-11 17:52:16,106 - SWARM_Simulator - INFO - SWARMUserSensorData sent {
    "UID": 1002,
    "Timestamp": "1547247136.1055956",
    "SensorType": "PushGPS",
    "Payload": "bytearray(b\"\\x02\\'\\x18\\x04G\\x00L\\x1c8\\x11\\x00\\x00\\x01Q\\x00(\\x00\\x00\\x00\\x07\")"
}
2019-01-11 17:52:16,445 - SWARM_Simulator - INFO - SWARMUserSensorData sent {
    "UID": 1001,
    "Timestamp": "1547247136.4430583",
    "SensorType": "PullHeartRateMonitor",
    "Payload": "{\"Time\": 1547247136.4430583, \"BPM\": 87.0}"
}
2019-01-11 17:52:16,449 - SWARM_Simulator - INFO - SWARMUserSensorData sent {
    "UID": 1003,
    "Timestamp": "1547247136.4469662",
    "SensorType": "PullHeartRateMonitor",
    "Payload": "{\"Time\": 1547247136.4459863, \"BPM\": 96.0}"
}
2019-01-11 17:52:16,450 - SWARM_Simulator - INFO - SWARMUserSensorData sent {
    "UID": 1005,
    "Timestamp": "1547247136.4499013",
    "SensorType": "PullGPS",
    "Payload": "bytearray(b\"\\x02\\'a\\x1b2\\x00L.^ \\x00\\x00\\x01}\\x00\\xf5\\x00\\x00\\x00\\x15\")"
}
2019-01-11 17:52:16,452 - SWARM_Simulator - INFO - SWARMUserSensorData sent {
    "UID": 1006,
    "Timestamp": "1547247136.4518518",
    "SensorType": "PullGPS",
    "Payload": "bytearray(b\"\\x02\\'O+U\\x00L\\x12>\\x11\\x00\\x00\\x01\\xca\\x00F\\x00\\x00\\x00\\x03\")"
}
2019-01-11 17:52:16,454 - SWARM_Simulator - INFO - SWARMUserSensorData sent {
    "UID": 1009,
    "Timestamp": "1547247136.453806",
    "SensorType": "PullHeartRateMonitor",
    "Payload": "{\"Time\": 1547247136.453806, \"BPM\": 120.0}"
}
2019-01-11 17:52:17,365 - SWARM_Simulator - INFO - SWARMUserSensorData sent {
    "UID": 1004,
    "Timestamp": "1547247137.3656795",
    "SensorType": "PushGPS",
    "Payload": "bytearray(b\"\\x02\\'BT9\\x00L\\x1aP2\\x00\\x00\\x034\\x01\\x0b\\x00\\x00\\x00\\r\")"
}
2019-01-11 17:52:19,752 - SWARM_Simulator - INFO - SWARMUserSensorData sent {
    "UID": 1000,
    "Timestamp": "1547247139.752434",
    "SensorType": "PushGPS",
    "Payload": "bytearray(b\"\\x02\\'*?9\\x00L\\x059>\\x00\\x00\\x00\\x01\\x00\\x80\\x00\\x00\\x00\\x0b\")"
}
2019-01-11 17:52:19,911 - SWARM_Simulator - INFO - SWARMUserSensorData sent {
    "UID": 1007,
    "Timestamp": "1547247139.9111254",
    "SensorType": "PushGPS",
    "Payload": "bytearray(b\"\\x02\\'2\\x11%\\x00LG\\x17I\\x00\\x00\\x00\\xd1\\x00Y\\x00\\x00\\x00\\x05\")"
}
2019-01-11 17:52:20,022 - SWARM_Simulator - INFO - SWARMUserSensorData sent {
    "UID": 1008,
    "Timestamp": "1547247140.0223575",
    "SensorType": "PushGPS",
    "Payload": "bytearray(b\"\\x02\\'\\n\\x185\\x00L\\tXD\\x00\\x00\\x00\\xb7\\x00/\\x00\\x00\\x00\\x05\")"
}
2019-01-11 17:52:21,108 - SWARM_Simulator - INFO - SWARMUserSensorData sent {
    "UID": 1002,
    "Timestamp": "1547247141.1087255",
    "SensorType": "PushGPS",
    "Payload": "bytearray(b'\\x02\\'\\x18\\x02<\\x00L\\x1c9\"\\x00\\x00\\x01V\\x00\\xad\\x00\\x00\\x00\\x05')"
}
2019-01-11 17:52:21,448 - SWARM_Simulator - INFO - SWARMUserSensorData sent {
    "UID": 1001,
    "Timestamp": "1547247141.4480512",
    "SensorType": "PullHeartRateMonitor",
    "Payload": "{\"Time\": 1547247141.4480512, \"BPM\": 86.0}"
}
2019-01-11 17:52:21,451 - SWARM_Simulator - INFO - SWARMUserSensorData sent {
    "UID": 1003,
    "Timestamp": "1547247141.4519618",
    "SensorType": "PullHeartRateMonitor",
    "Payload": "{\"Time\": 1547247141.4519618, \"BPM\": 91.0}"
}
2019-01-11 17:52:21,455 - SWARM_Simulator - INFO - SWARMUserSensorData sent {
    "UID": 1005,
    "Timestamp": "1547247141.4539113",
    "SensorType": "PullGPS",
    "Payload": "bytearray(b\"\\x02\\'a\\x1a\\x07\\x00L.Y1\\x00\\x00\\x01\\x81\\x00\\xb0\\x00\\x00\\x00\\x0b\")"
}
2019-01-11 17:52:21,456 - SWARM_Simulator - INFO - SWARMUserSensorData sent {
    "UID": 1009,
    "Timestamp": "1547247141.4568493",
    "SensorType": "PullHeartRateMonitor",
    "Payload": "{\"Time\": 1547247141.4568493, \"BPM\": 125.0}"
}
2019-01-11 17:52:21,457 - SWARM_Simulator - INFO - SWARMUserSensorData sent {
    "UID": 1006,
    "Timestamp": "1547247141.4558723",
    "SensorType": "PullGPS",
    "Payload": "bytearray(b\"\\x02\\'O-A\\x00L\\x12<K\\x00\\x00\\x01\\xc0\\x00\\xb0\\x00\\x00\\x00\\x05\")"
}
2019-01-11 17:52:22,368 - SWARM_Simulator - INFO - SWARMUserSensorData sent {
    "UID": 1004,
    "Timestamp": "1547247142.3683684",
    "SensorType": "PushGPS",
    "Payload": "bytearray(b\"\\x02\\'BRX\\x00L\\x1aM*\\x00\\x00\\x03!\\x01f\\x00\\x00\\x00\\x07\")"
}
2019-01-11 17:52:24,754 - SWARM_Simulator - INFO - SWARMUserSensorData sent {
    "UID": 1000,
    "Timestamp": "1547247144.7541027",
    "SensorType": "PushGPS",
    "Payload": "bytearray(b\"\\x02\\'*<P\\x00L\\x05=\\x0b\\x00\\x00\\x00\\x0f\\x01E\\x00\\x00\\x00\\t\")"
}
2019-01-11 17:52:24,913 - SWARM_Simulator - INFO - SWARMUserSensorData sent {
    "UID": 1007,
    "Timestamp": "1547247144.9128485",
    "SensorType": "PushGPS",
    "Payload": "bytearray(b\"\\x02\\'2\\x12\\x1e\\x00LG\\x17\\x16\\x00\\x00\\x00\\xe6\\x01$\\x00\\x00\\x00\\x02\")"
}
2019-01-11 17:52:25,023 - SWARM_Simulator - INFO - SWARMUserSensorData sent {
    "UID": 1008,
    "Timestamp": "1547247145.0237002",
    "SensorType": "PushGPS",
    "Payload": "bytearray(b\"\\x02\\'\\n\\x18\\x19\\x00L\\tTN\\x00\\x00\\x00\\xa7\\x00\\xce\\x00\\x00\\x00\\x08\")"
}
2019-01-11 17:52:26,109 - SWARM_Simulator - INFO - SWARMUserSensorData sent {
    "UID": 1002,
    "Timestamp": "1547247146.1099634",
    "SensorType": "PushGPS",
    "Payload": "bytearray(b\"\\x02\\'\\x18\\x04L\\x00L\\x1c@\\x1e\\x00\\x00\\x01R\\x00\\xcb\\x00\\x00\\x00\\x10\")"
}
2019-01-11 17:52:26,451 - SWARM_Simulator - INFO - SWARMUserSensorData sent {
    "UID": 1001,
    "Timestamp": "1547247146.451509",
    "SensorType": "PullHeartRateMonitor",
    "Payload": "{\"Time\": 1547247146.451509, \"BPM\": 87.0}"
}
2019-01-11 17:52:26,455 - SWARM_Simulator - INFO - SWARMUserSensorData sent {
    "UID": 1003,
    "Timestamp": "1547247146.454442",
    "SensorType": "PullHeartRateMonitor",
    "Payload": "{\"Time\": 1547247146.454442, \"BPM\": 87.0}"
}
2019-01-11 17:52:26,458 - SWARM_Simulator - INFO - SWARMUserSensorData sent {
    "UID": 1005,
    "Timestamp": "1547247146.4583523",
    "SensorType": "PullGPS",
    "Payload": "bytearray(b\"\\x02\\'a\\x1a?\\x00L.\\\\[\\x00\\x00\\x01t\\x00\\xcb\\x00\\x00\\x00\\x07\")"
}
2019-01-11 17:52:26,460 - SWARM_Simulator - INFO - SWARMUserSensorData sent {
    "UID": 1009,
    "Timestamp": "1547247146.4603066",
    "SensorType": "PullHeartRateMonitor",
    "Payload": "{\"Time\": 1547247146.4603066, \"BPM\": 125.0}"
}
2019-01-11 17:52:26,462 - SWARM_Simulator - INFO - SWARMUserSensorData sent {
    "UID": 1006,
    "Timestamp": "1547247146.4612858",
    "SensorType": "PullGPS",
    "Payload": "bytearray(b\"\\x02\\'O0 \\x00L\\x12><\\x00\\x00\\x01\\xde\\x00\\xb4\\x00\\x00\\x00\\x07\")"
}
2019-01-11 17:52:27,370 - SWARM_Simulator - INFO - SWARMUserSensorData sent {
    "UID": 1004,
    "Timestamp": "1547247147.3703747",
    "SensorType": "PushGPS",
    "Payload": "bytearray(b\"\\x02\\'BLX\\x00L\\x1aN\\x16\\x00\\x00\\x03\\x15\\x00=\\x00\\x00\\x00\\r\")"
}
2019-01-11 17:52:29,755 - SWARM_Simulator - INFO - SWARMUserSensorData sent {
    "UID": 1000,
    "Timestamp": "1547247149.7554812",
    "SensorType": "PushGPS",
    "Payload": "bytearray(b\"\\x02\\'*8A\\x00L\\x05@H\\x00\\x00\\x00#\\x00r\\x00\\x00\\x00\\x0c\")"
}
2019-01-11 17:52:29,914 - SWARM_Simulator - INFO - SWARMUserSensorData sent {
    "UID": 1007,
    "Timestamp": "1547247149.914571",
    "SensorType": "PushGPS",
    "Payload": "bytearray(b'\\x02\\'2\\r\"\\x00LG\\x159\\x00\\x00\\x00\\xf7\\x00]\\x00\\x00\\x00\\x0b')"
}
2019-01-11 17:52:30,025 - SWARM_Simulator - INFO - SWARMUserSensorData sent {
    "UID": 1008,
    "Timestamp": "1547247150.025168",
    "SensorType": "PushGPS",
    "Payload": "bytearray(b\"\\x02\\'\\n\\x19 \\x00L\\tV\\x19\\x00\\x00\\x00\\x9b\\x00\\xa9\\x00\\x00\\x00\\x04\")"
}
2019-01-11 17:52:31,111 - SWARM_Simulator - INFO - SWARMUserSensorData sent {
    "UID": 1002,
    "Timestamp": "1547247151.1119866",
    "SensorType": "PushGPS",
    "Payload": "bytearray(b\"\\x02\\'\\x18\\x03R\\x00L\\x1c>P\\x00\\x00\\x01S\\x00\\xd9\\x00\\x00\\x00\\x03\")"
}
2019-01-11 17:52:31,453 - SWARM_Simulator - INFO - SWARMUserSensorData sent {
    "UID": 1001,
    "Timestamp": "1547247151.4537315",
    "SensorType": "PullHeartRateMonitor",
    "Payload": "{\"Time\": 1547247151.4537315, \"BPM\": 84.0}"
}
2019-01-11 17:52:31,456 - SWARM_Simulator - INFO - SWARMUserSensorData sent {
    "UID": 1003,
    "Timestamp": "1547247151.456671",
    "SensorType": "PullHeartRateMonitor",
    "Payload": "{\"Time\": 1547247151.456671, \"BPM\": 81.0}"
}
2019-01-11 17:52:31,460 - SWARM_Simulator - INFO - SWARMUserSensorData sent {
    "UID": 1005,
    "Timestamp": "1547247151.460584",
    "SensorType": "PullGPS",
    "Payload": "bytearray(b\"\\x02\\'a\\x1e9\\x00L.^c\\x00\\x00\\x01q\\x00\\xf6\\x00\\x00\\x00\\t\")"
}
2019-01-11 17:52:31,464 - SWARM_Simulator - INFO - SWARMUserSensorData sent {
    "UID": 1009,
    "Timestamp": "1547247151.4625397",
    "SensorType": "PullHeartRateMonitor",
    "Payload": "{\"Time\": 1547247151.4625397, \"BPM\": 119.0}"
}
2019-01-11 17:52:31,466 - SWARM_Simulator - INFO - SWARMUserSensorData sent {
    "UID": 1006,
    "Timestamp": "1547247151.4644892",
    "SensorType": "PullGPS",
    "Payload": "bytearray(b\"\\x02\\'O.>\\x00L\\x12@\\x19\\x00\\x00\\x01\\xd9\\x000\\x00\\x00\\x00\\x05\")"
}
2019-01-11 17:52:32,373 - SWARM_Simulator - INFO - SWARMUserSensorData sent {
    "UID": 1004,
    "Timestamp": "1547247152.3735034",
    "SensorType": "PushGPS",
    "Payload": "bytearray(b'\\x02\\'BJ\\x1d\\x00L\\x1aST\\x00\\x00\\x03\"\\x00\\xfb\\x00\\x00\\x00\\r')"
}
2019-01-11 17:52:34,757 - SWARM_Simulator - INFO - SWARMUserSensorData sent {
    "UID": 1000,
    "Timestamp": "1547247154.757887",
    "SensorType": "PushGPS",
    "Payload": "bytearray(b\"\\x02\\'*3#\\x00L\\x05>+\\x00\\x00\\x00\\x17\\x01\\x13\\x00\\x00\\x00\\x0c\")"
}
2019-01-11 17:52:34,917 - SWARM_Simulator - INFO - SWARMUserSensorData sent {
    "UID": 1007,
    "Timestamp": "1547247154.9170396",
    "SensorType": "PushGPS",
    "Payload": "bytearray(b\"\\x02\\'2\\x0f\\n\\x00LG\\x173\\x00\\x00\\x00\\xf7\\x006\\x00\\x00\\x00\\x05\")"
}
2019-01-11 17:52:35,027 - SWARM_Simulator - INFO - SWARMUserSensorData sent {
    "UID": 1008,
    "Timestamp": "1547247155.0273957",
    "SensorType": "PushGPS",
    "Payload": "bytearray(b\"\\x02\\'\\n\\x1b\\x01\\x00L\\tW`\\x00\\x00\\x00\\xa4\\x00\\x82\\x00\\x00\\x00\\x05\")"
}
2019-01-11 17:52:36,114 - SWARM_Simulator - INFO - SWARMUserSensorData sent {
    "UID": 1002,
    "Timestamp": "1547247156.1148353",
    "SensorType": "PushGPS",
    "Payload": "bytearray(b\"\\x02\\'\\x18\\x01\\x14\\x00L\\x1c:-\\x00\\x00\\x01U\\x00\\xba\\x00\\x00\\x00\\x0b\")"
}
2019-01-11 17:52:36,456 - SWARM_Simulator - INFO - SWARMUserSensorData sent {
    "UID": 1001,
    "Timestamp": "1547247156.4564495",
    "SensorType": "PullHeartRateMonitor",
    "Payload": "{\"Time\": 1547247156.4564495, \"BPM\": 83.0}"
}
2019-01-11 17:52:36,459 - SWARM_Simulator - INFO - SWARMUserSensorData sent {
    "UID": 1003,
    "Timestamp": "1547247156.4593823",
    "SensorType": "PullHeartRateMonitor",
    "Payload": "{\"Time\": 1547247156.4593823, \"BPM\": 76.0}"
}
2019-01-11 17:52:36,463 - SWARM_Simulator - INFO - SWARMUserSensorData sent {
    "UID": 1005,
    "Timestamp": "1547247156.4632924",
    "SensorType": "PullGPS",
    "Payload": "bytearray(b\"\\x02\\'a!@\\x00L.[H\\x00\\x00\\x01}\\x00a\\x00\\x00\\x00\\t\")"
}
2019-01-11 17:52:36,467 - SWARM_Simulator - INFO - SWARMUserSensorData sent {
    "UID": 1009,
    "Timestamp": "1547247156.467203",
    "SensorType": "PullHeartRateMonitor",
    "Payload": "{\"Time\": 1547247156.467203, \"BPM\": 119.0}"
}
2019-01-11 17:52:36,468 - SWARM_Simulator - INFO - SWARMUserSensorData sent {
    "UID": 1006,
    "Timestamp": "1547247156.46818",
    "SensorType": "PullGPS",
    "Payload": "bytearray(b\"\\x02\\'O-Z\\x00L\\x12B\\x12\\x00\\x00\\x01\\xeb\\x00\\x1f\\x00\\x00\\x00\\x04\")"
}
2019-01-11 17:52:37,376 - SWARM_Simulator - INFO - SWARMUserSensorData sent {
    "UID": 1004,
    "Timestamp": "1547247157.3762434",
    "SensorType": "PushGPS",
    "Payload": "bytearray(b\"\\x02\\'BO\\x16\\x00L\\x1aQ:\\x00\\x00\\x03)\\x00=\\x00\\x00\\x00\\x0c\")"
}
2019-01-11 17:52:39,760 - SWARM_Simulator - INFO - SWARMUserSensorData sent {
    "UID": 1000,
    "Timestamp": "1547247159.760171",
    "SensorType": "PushGPS",
    "Payload": "bytearray(b'\\x02\\'*7\\x1a\\x00L\\x05A\"\\x00\\x00\\x00\\x1f\\x00\\xb5\\x00\\x00\\x00\\n')"
}
2019-01-11 17:52:39,919 - SWARM_Simulator - INFO - SWARMUserSensorData sent {
    "UID": 1007,
    "Timestamp": "1547247159.919281",
    "SensorType": "PushGPS",
    "Payload": "bytearray(b\"\\x02\\'2\\x08D\\x00LG\\x1d\\x17\\x00\\x00\\x00\\xef\\x00R\\x00\\x00\\x00\\x13\")"
}
2019-01-11 17:52:40,029 - SWARM_Simulator - INFO - SWARMUserSensorData sent {
    "UID": 1008,
    "Timestamp": "1547247160.0291736",
    "SensorType": "PushGPS",
    "Payload": "bytearray(b\"\\x02\\'\\n\\x19\\x08\\x00L\\tW#\\x00\\x00\\x00\\x9a\\x00\\xd6\\x00\\x00\\x00\\x04\")"
}
2019-01-11 17:52:41,116 - SWARM_Simulator - INFO - SWARMUserSensorData sent {
    "UID": 1002,
    "Timestamp": "1547247161.1168544",
    "SensorType": "PushGPS",
    "Payload": "bytearray(b\"\\x02\\'\\x18\\x00W\\x00L\\x1c=\\x0e\\x00\\x00\\x01X\\x01c\\x00\\x00\\x00\\x06\")"
}
2019-01-11 17:52:41,457 - SWARM_Simulator - INFO - SWARMUserSensorData sent {
    "UID": 1001,
    "Timestamp": "1547247161.4576354",
    "SensorType": "PullHeartRateMonitor",
    "Payload": "{\"Time\": 1547247161.4576354, \"BPM\": 85.0}"
}
2019-01-11 17:52:41,460 - SWARM_Simulator - INFO - SWARMUserSensorData sent {
    "UID": 1003,
    "Timestamp": "1547247161.4605768",
    "SensorType": "PullHeartRateMonitor",
    "Payload": "{\"Time\": 1547247161.4605768, \"BPM\": 76.0}"
}
2019-01-11 17:52:41,464 - SWARM_Simulator - INFO - SWARMUserSensorData sent {
    "UID": 1005,
    "Timestamp": "1547247161.4644904",
    "SensorType": "PullGPS",
    "Payload": "bytearray(b\"\\x02\\'a\\x1e,\\x00L.]-\\x00\\x00\\x01\\x82\\x00\\x96\\x00\\x00\\x00\\x08\")"
}
2019-01-11 17:52:41,469 - SWARM_Simulator - INFO - SWARMUserSensorData sent {
    "UID": 1009,
    "Timestamp": "1547247161.4693785",
    "SensorType": "PullHeartRateMonitor",
    "Payload": "{\"Time\": 1547247161.4693785, \"BPM\": 119.0}"
}
2019-01-11 17:52:41,469 - SWARM_Simulator - INFO - SWARMUserSensorData sent {
    "UID": 1006,
    "Timestamp": "1547247161.4693785",
    "SensorType": "PullGPS",
    "Payload": "bytearray(b\"\\x02\\'O-\\x1c\\x00L\\x12A=\\x00\\x00\\x01\\xe4\\x00i\\x00\\x00\\x00\\x01\")"
}
2019-01-11 17:52:42,377 - SWARM_Simulator - INFO - SWARMUserSensorData sent {
    "UID": 1004,
    "Timestamp": "1547247162.3776164",
    "SensorType": "PushGPS",
    "Payload": "bytearray(b\"\\x02\\'BRL\\x00L\\x1aS\\x00\\x00\\x00\\x03\\x17\\x00\\xc7\\x00\\x00\\x00\\x08\")"
}
2019-01-11 17:52:44,763 - SWARM_Simulator - INFO - SWARMUserSensorData sent {
    "UID": 1000,
    "Timestamp": "1547247164.7633007",
    "SensorType": "PushGPS",
    "Payload": "bytearray(b\"\\x02\\'*:B\\x00L\\x05CW\\x00\\x00\\x00%\\x01c\\x00\\x00\\x00\\t\")"
}
2019-01-11 17:52:44,921 - SWARM_Simulator - INFO - SWARMUserSensorData sent {
    "UID": 1007,
    "Timestamp": "1547247164.9214733",
    "SensorType": "PushGPS",
    "Payload": "bytearray(b\"\\x02\\'2\\nK\\x00LG\\x1a)\\x00\\x00\\x00\\xf6\\x00\\xf0\\x00\\x00\\x00\\x07\")"
}
2019-01-11 17:52:45,031 - SWARM_Simulator - INFO - SWARMUserSensorData sent {
    "UID": 1008,
    "Timestamp": "1547247165.0315042",
    "SensorType": "PushGPS",
    "Payload": "bytearray(b\"\\x02\\'\\n\\x189\\x00L\\tT\\x0b\\x00\\x00\\x00\\x8b\\x01\\x18\\x00\\x00\\x00\\x07\")"
}
2019-01-11 17:52:46,118 - SWARM_Simulator - INFO - SWARMUserSensorData sent {
    "UID": 1002,
    "Timestamp": "1547247166.1184127",
    "SensorType": "PushGPS",
    "Payload": "bytearray(b'\\x02\\'\\x17c:\\x00L\\x1c?\"\\x00\\x00\\x01S\\x00\\xee\\x00\\x00\\x00\\x05')"
}
2019-01-11 17:52:46,460 - SWARM_Simulator - INFO - SWARMUserSensorData sent {
    "UID": 1001,
    "Timestamp": "1547247166.4603822",
    "SensorType": "PullHeartRateMonitor",
    "Payload": "{\"Time\": 1547247166.4603822, \"BPM\": 84.0}"
}
2019-01-11 17:52:46,462 - SWARM_Simulator - INFO - SWARMUserSensorData sent {
    "UID": 1003,
    "Timestamp": "1547247166.4623446",
    "SensorType": "PullHeartRateMonitor",
    "Payload": "{\"Time\": 1547247166.4623446, \"BPM\": 75.0}"
}
2019-01-11 17:52:46,466 - SWARM_Simulator - INFO - SWARMUserSensorData sent {
    "UID": 1005,
    "Timestamp": "1547247166.4662566",
    "SensorType": "PullGPS",
    "Payload": "bytearray(b\"\\x02\\'a\\x1d*\\x00L.`\\x00\\x00\\x00\\x01\\x89\\x01\\x17\\x00\\x00\\x00\\x06\")"
}
2019-01-11 17:52:46,472 - SWARM_Simulator - INFO - SWARMUserSensorData sent {
    "UID": 1006,
    "Timestamp": "1547247166.472122",
    "SensorType": "PullGPS",
    "Payload": "bytearray(b\"\\x02\\'O+\\x1d\\x00L\\x12B\\x18\\x00\\x00\\x01\\xe9\\x00\\xf6\\x00\\x00\\x00\\x04\")"
}
2019-01-11 17:52:46,473 - SWARM_Simulator - INFO - SWARMUserSensorData sent {
    "UID": 1009,
    "Timestamp": "1547247166.472122",
    "SensorType": "PullHeartRateMonitor",
    "Payload": "{\"Time\": 1547247166.472122, \"BPM\": 121.0}"
}
2019-01-11 17:52:47,379 - SWARM_Simulator - INFO - SWARMUserSensorData sent {
    "UID": 1004,
    "Timestamp": "1547247167.379957",
    "SensorType": "PushGPS",
    "Payload": "bytearray(b\"\\x02\\'BT\\x0b\\x00L\\x1aXK\\x00\\x00\\x03\\x13\\x00t\\x00\\x00\\x00\\r\")"
}
2019-01-11 17:52:49,766 - SWARM_Simulator - INFO - SWARMUserSensorData sent {
    "UID": 1000,
    "Timestamp": "1547247169.7663572",
    "SensorType": "PushGPS",
    "Payload": "bytearray(b\"\\x02\\'*<Y\\x00L\\x05E-\\x00\\x00\\x008\\x00g\\x00\\x00\\x00\\x06\")"
}
2019-01-11 17:52:49,923 - SWARM_Simulator - INFO - SWARMUserSensorData sent {
    "UID": 1007,
    "Timestamp": "1547247169.9234004",
    "SensorType": "PushGPS",
    "Payload": "bytearray(b\"\\x02\\'2\\x14\\x10\\x00LG\\x179\\x00\\x00\\x01\\x0c\\x00\\xd7\\x00\\x00\\x00\\x15\")"
}
2019-01-11 17:52:50,034 - SWARM_Simulator - INFO - SWARMUserSensorData sent {
    "UID": 1008,
    "Timestamp": "1547247170.0332325",
    "SensorType": "PushGPS",
    "Payload": "bytearray(b\"\\x02\\'\\n\\x19\\x03\\x00L\\tVI\\x00\\x00\\x00\\x84\\x00M\\x00\\x00\\x00\\x05\")"
}
2019-01-11 17:52:51,120 - SWARM_Simulator - INFO - SWARMUserSensorData sent {
    "UID": 1002,
    "Timestamp": "1547247171.1208098",
    "SensorType": "PushGPS",
    "Payload": "bytearray(b\"\\x02\\'\\x17b\\x0f\\x00L\\x1c?B\\x00\\x00\\x01O\\x01\\x0f\\x00\\x00\\x00\\x03\")"
}
2019-01-11 17:52:51,462 - SWARM_Simulator - INFO - SWARMUserSensorData sent {
    "UID": 1001,
    "Timestamp": "1547247171.462293",
    "SensorType": "PullHeartRateMonitor",
    "Payload": "{\"Time\": 1547247171.462293, \"BPM\": 87.0}"
}
2019-01-11 17:52:51,465 - SWARM_Simulator - INFO - SWARMUserSensorData sent {
    "UID": 1003,
    "Timestamp": "1547247171.465237",
    "SensorType": "PullHeartRateMonitor",
    "Payload": "{\"Time\": 1547247171.465237, \"BPM\": 69.0}"
}
2019-01-11 17:52:51,468 - SWARM_Simulator - INFO - SWARMUserSensorData sent {
    "UID": 1005,
    "Timestamp": "1547247171.4681654",
    "SensorType": "PullGPS",
    "Payload": "bytearray(b\"\\x02\\'a\\x1b\\x12\\x00L.c\\x07\\x00\\x00\\x01\\x93\\x01J\\x00\\x00\\x00\\x08\")"
}
2019-01-11 17:52:51,473 - SWARM_Simulator - INFO - SWARMUserSensorData sent {
    "UID": 1006,
    "Timestamp": "1547247171.473058",
    "SensorType": "PullGPS",
    "Payload": "bytearray(b\"\\x02\\'O,B\\x00L\\x12B4\\x00\\x00\\x01\\xc9\\x01Z\\x00\\x00\\x00\\x03\")"
}
2019-01-11 17:52:51,475 - SWARM_Simulator - INFO - SWARMUserSensorData sent {
    "UID": 1009,
    "Timestamp": "1547247171.475008",
    "SensorType": "PullHeartRateMonitor",
    "Payload": "{\"Time\": 1547247171.475008, \"BPM\": 115.0}"
}
2019-01-11 17:52:52,382 - SWARM_Simulator - INFO - SWARMUserSensorData sent {
    "UID": 1004,
    "Timestamp": "1547247172.382484",
    "SensorType": "PushGPS",
    "Payload": "bytearray(b\"\\x02\\'BQT\\x00L\\x1aV^\\x00\\x00\\x03\\x1e\\x00\\xc0\\x00\\x00\\x00\\x06\")"
}
2019-01-11 17:52:54,767 - SWARM_Simulator - INFO - SWARMUserSensorData sent {
    "UID": 1000,
    "Timestamp": "1547247174.7679799",
    "SensorType": "PushGPS",
    "Payload": "bytearray(b\"\\x02\\'*B\\x14\\x00L\\x05C\\x19\\x00\\x00\\x004\\x01R\\x00\\x00\\x00\\x0c\")"
}
2019-01-11 17:52:54,925 - SWARM_Simulator - INFO - SWARMUserSensorData sent {
    "UID": 1007,
    "Timestamp": "1547247174.9258823",
    "SensorType": "PushGPS",
    "Payload": "bytearray(b\"\\x02\\'2\\x1c;\\x00LG\\x17\\x1a\\x00\\x00\\x01%\\x00t\\x00\\x00\\x00\\x12\")"
}
2019-01-11 17:52:55,035 - SWARM_Simulator - INFO - SWARMUserSensorData sent {
    "UID": 1008,
    "Timestamp": "1547247175.0357742",
    "SensorType": "PushGPS",
    "Payload": "bytearray(b\"\\x02\\'\\n\\x18b\\x00L\\tSZ\\x00\\x00\\x00\\x88\\x00\\xc4\\x00\\x00\\x00\\x06\")"
}
2019-01-11 17:52:56,122 - SWARM_Simulator - INFO - SWARMUserSensorData sent {
    "UID": 1002,
    "Timestamp": "1547247176.1229498",
    "SensorType": "PushGPS",
    "Payload": "bytearray(b\"\\x02\\'\\x17b\\x19\\x00L\\x1c>\\x11\\x00\\x00\\x01T\\x00}\\x00\\x00\\x00\\x03\")"
}
2019-01-11 17:52:56,466 - SWARM_Simulator - INFO - SWARMUserSensorData sent {
    "UID": 1001,
    "Timestamp": "1547247176.4648867",
    "SensorType": "PullHeartRateMonitor",
    "Payload": "{\"Time\": 1547247176.4648867, \"BPM\": 89.0}"
}
2019-01-11 17:52:56,467 - SWARM_Simulator - INFO - SWARMUserSensorData sent {
    "UID": 1003,
    "Timestamp": "1547247176.467397",
    "SensorType": "PullHeartRateMonitor",
    "Payload": "{\"Time\": 1547247176.467397, \"BPM\": 64.0}"
}
2019-01-11 17:52:56,471 - SWARM_Simulator - INFO - SWARMUserSensorData sent {
    "UID": 1005,
    "Timestamp": "1547247176.4704804",
    "SensorType": "PullGPS",
    "Payload": "bytearray(b\"\\x02\\'a!\\x1a\\x00L/\\x01&\\x00\\x00\\x01\\x90\\x00!\\x00\\x00\\x00\\x0e\")"
}
2019-01-11 17:52:56,476 - SWARM_Simulator - INFO - SWARMUserSensorData sent {
    "UID": 1006,
    "Timestamp": "1547247176.4762433",
    "SensorType": "PullGPS",
    "Payload": "bytearray(b\"\\x02\\'O+K\\x00L\\x12D\\n\\x00\\x00\\x01\\xcf\\x00\\xf2\\x00\\x00\\x00\\x04\")"
}
2019-01-11 17:52:56,478 - SWARM_Simulator - INFO - SWARMUserSensorData sent {
    "UID": 1009,
    "Timestamp": "1547247176.477217",
    "SensorType": "PullHeartRateMonitor",
    "Payload": "{\"Time\": 1547247176.477217, \"BPM\": 120.0}"
}
2019-01-11 17:52:57,384 - SWARM_Simulator - INFO - SWARMUserSensorData sent {
    "UID": 1004,
    "Timestamp": "1547247177.3840053",
    "SensorType": "PushGPS",
    "Payload": "bytearray(b\"\\x02\\'BK`\\x00L\\x1aUQ\\x00\\x00\\x03\\x1d\\x00\\xb7\\x00\\x00\\x00\\r\")"
}
2019-01-11 17:52:59,771 - SWARM_Simulator - INFO - SWARMUserSensorData sent {
    "UID": 1000,
    "Timestamp": "1547247179.7716346",
    "SensorType": "PushGPS",
    "Payload": "bytearray(b\"\\x02\\'*>[\\x00L\\x05C<\\x00\\x00\\x000\\x00\\x91\\x00\\x00\\x00\\x07\")"
}
2019-01-11 17:52:59,927 - SWARM_Simulator - INFO - SWARMUserSensorData sent {
    "UID": 1007,
    "Timestamp": "1547247179.9276707",
    "SensorType": "PushGPS",
    "Payload": "bytearray(b\"\\x02\\'2\\x1b:\\x00LG\\x12c\\x00\\x00\\x016\\x01\\x1f\\x00\\x00\\x00\\t\")"
}
2019-01-11 17:53:00,037 - SWARM_Simulator - INFO - SWARMUserSensorData sent {
    "UID": 1008,
    "Timestamp": "1547247180.0379987",
    "SensorType": "PushGPS",
    "Payload": "bytearray(b\"\\x02\\'\\n\\x1aH\\x00L\\tPV\\x00\\x00\\x00\\x8b\\x01h\\x00\\x00\\x00\\x07\")"
}
2019-01-11 17:53:01,124 - SWARM_Simulator - INFO - SWARMUserSensorData sent {
    "UID": 1002,
    "Timestamp": "1547247181.1248956",
    "SensorType": "PushGPS",
    "Payload": "bytearray(b\"\\x02\\'\\x17a<\\x00L\\x1c>b\\x00\\x00\\x01P\\x00\\xf3\\x00\\x00\\x00\\x02\")"
}
2019-01-11 17:53:01,467 - SWARM_Simulator - INFO - SWARMUserSensorData sent {
    "UID": 1001,
    "Timestamp": "1547247181.467105",
    "SensorType": "PullHeartRateMonitor",
    "Payload": "{\"Time\": 1547247181.467105, \"BPM\": 89.0}"
}
2019-01-11 17:53:01,470 - SWARM_Simulator - INFO - SWARMUserSensorData sent {
    "UID": 1003,
    "Timestamp": "1547247181.4700482",
    "SensorType": "PullHeartRateMonitor",
    "Payload": "{\"Time\": 1547247181.4700482, \"BPM\": 68.0}"
}
2019-01-11 17:53:01,472 - SWARM_Simulator - INFO - SWARMUserSensorData sent {
    "UID": 1005,
    "Timestamp": "1547247181.4729793",
    "SensorType": "PullGPS",
    "Payload": "bytearray(b\"\\x02\\'a\\x1d&\\x00L/\\x009\\x00\\x00\\x01\\x9b\\x00\\xdd\\x00\\x00\\x00\\x08\")"
}
2019-01-11 17:53:01,478 - SWARM_Simulator - INFO - SWARMUserSensorData sent {
    "UID": 1006,
    "Timestamp": "1547247181.4776213",
    "SensorType": "PullGPS",
    "Payload": "bytearray(b\"\\x02\\'O(T\\x00L\\x12F\\x13\\x00\\x00\\x01\\xdb\\x00\\x99\\x00\\x00\\x00\\x07\")"
}
2019-01-11 17:53:01,479 - SWARM_Simulator - INFO - SWARMUserSensorData sent {
    "UID": 1009,
    "Timestamp": "1547247181.4796216",
    "SensorType": "PullHeartRateMonitor",
    "Payload": "{\"Time\": 1547247181.4796216, \"BPM\": 120.0}"
}
2019-01-11 17:53:02,387 - SWARM_Simulator - INFO - SWARMUserSensorData sent {
    "UID": 1004,
    "Timestamp": "1547247182.3861737",
    "SensorType": "PushGPS",
    "Payload": "bytearray(b\"\\x02\\'BM_\\x00L\\x1aY\\x00\\x00\\x00\\x03\\x1b\\x00\\xdd\\x00\\x00\\x00\\x08\")"
}
2019-01-11 17:53:04,774 - SWARM_Simulator - INFO - SWARMUserSensorData sent {
    "UID": 1000,
    "Timestamp": "1547247184.7746973",
    "SensorType": "PushGPS",
    "Payload": "bytearray(b\"\\x02\\'*A*\\x00L\\x05E\\x08\\x00\\x00\\x009\\x00\\xea\\x00\\x00\\x00\\x06\")"
}
2019-01-11 17:53:04,929 - SWARM_Simulator - INFO - SWARMUserSensorData sent {
    "UID": 1007,
    "Timestamp": "1547247184.9296021",
    "SensorType": "PushGPS",
    "Payload": "bytearray(b\"\\x02\\'2\\x1b)\\x00LG\\x0cG\\x00\\x00\\x01A\\x00Y\\x00\\x00\\x00\\r\")"
}
2019-01-11 17:53:05,040 - SWARM_Simulator - INFO - SWARMUserSensorData sent {
    "UID": 1008,
    "Timestamp": "1547247185.040676",
    "SensorType": "PushGPS",
    "Payload": "bytearray(b\"\\x02\\'\\n\\x1aO\\x00L\\tS7\\x00\\x00\\x00\\x99\\x00\\x98\\x00\\x00\\x00\\x05\")"
}
2019-01-11 17:53:06,126 - SWARM_Simulator - INFO - SWARMUserSensorData sent {
    "UID": 1002,
    "Timestamp": "1547247186.1265655",
    "SensorType": "PushGPS",
    "Payload": "bytearray(b\"\\x02\\'\\x17b\\x18\\x00L\\x1cF)\\x00\\x00\\x01S\\x00\\x94\\x00\\x00\\x00\\x10\")"
}
2019-01-11 17:53:06,470 - SWARM_Simulator - INFO - SWARMUserSensorData sent {
    "UID": 1001,
    "Timestamp": "1547247186.470092",
    "SensorType": "PullHeartRateMonitor",
    "Payload": "{\"Time\": 1547247186.470092, \"BPM\": 90.0}"
}
2019-01-11 17:53:06,472 - SWARM_Simulator - INFO - SWARMUserSensorData sent {
    "UID": 1003,
    "Timestamp": "1547247186.472054",
    "SensorType": "PullHeartRateMonitor",
    "Payload": "{\"Time\": 1547247186.472054, \"BPM\": 65.0}"
}
2019-01-11 17:53:06,474 - SWARM_Simulator - INFO - SWARMUserSensorData sent {
    "UID": 1005,
    "Timestamp": "1547247186.474988",
    "SensorType": "PullGPS",
    "Payload": "bytearray(b\"\\x02\\'a#a\\x00L._\\\\\\x00\\x00\\x01\\x9e\\x00\\xf0\\x00\\x00\\x00\\x11\")"
}
2019-01-11 17:53:06,479 - SWARM_Simulator - INFO - SWARMUserSensorData sent {
    "UID": 1006,
    "Timestamp": "1547247186.4799645",
    "SensorType": "PullGPS",
    "Payload": "bytearray(b\"\\x02\\'O+G\\x00L\\x12CO\\x00\\x00\\x01\\xdf\\x00\\xbd\\x00\\x00\\x00\\x08\")"
}
2019-01-11 17:53:06,481 - SWARM_Simulator - INFO - SWARMUserSensorData sent {
    "UID": 1009,
    "Timestamp": "1547247186.4819198",
    "SensorType": "PullHeartRateMonitor",
    "Payload": "{\"Time\": 1547247186.4819198, \"BPM\": 123.0}"
}
2019-01-11 17:53:07,387 - SWARM_Simulator - INFO - SWARMUserSensorData sent {
    "UID": 1004,
    "Timestamp": "1547247187.387521",
    "SensorType": "PushGPS",
    "Payload": "bytearray(b\"\\x02\\'BQ@\\x00L\\x1a]1\\x00\\x00\\x03-\\x000\\x00\\x00\\x00\\x0c\")"
}
2019-01-11 17:53:09,777 - SWARM_Simulator - INFO - SWARMUserSensorData sent {
    "UID": 1000,
    "Timestamp": "1547247189.7770565",
    "SensorType": "PushGPS",
    "Payload": "bytearray(b\"\\x02\\'*D \\x00L\\x05CN\\x00\\x00\\x001\\x00w\\x00\\x00\\x00\\x07\")"
}
2019-01-11 17:53:09,932 - SWARM_Simulator - INFO - SWARMUserSensorData sent {
    "UID": 1007,
    "Timestamp": "1547247189.9317825",
    "SensorType": "PushGPS",
    "Payload": "bytearray(b\"\\x02\\'2\\x1fW\\x00LG\\x0cY\\x00\\x00\\x015\\x00)\\x00\\x00\\x00\\t\")"
}
2019-01-11 17:53:10,042 - SWARM_Simulator - INFO - SWARMUserSensorData sent {
    "UID": 1008,
    "Timestamp": "1547247190.042432",
    "SensorType": "PushGPS",
    "Payload": "bytearray(b\"\\x02\\'\\n\\x19&\\x00L\\tQ@\\x00\\x00\\x00\\x8f\\x01\\x1d\\x00\\x00\\x00\\x05\")"
}
2019-01-11 17:53:11,128 - SWARM_Simulator - INFO - SWARMUserSensorData sent {
    "UID": 1002,
    "Timestamp": "1547247191.1281059",
    "SensorType": "PushGPS",
    "Payload": "bytearray(b\"\\x02\\'\\x17c)\\x00L\\x1cN\\x1b\\x00\\x00\\x01N\\x00\\xbd\\x00\\x00\\x00\\x11\")"
}
2019-01-11 17:53:11,473 - SWARM_Simulator - INFO - SWARMUserSensorData sent {
    "UID": 1001,
    "Timestamp": "1547247191.4726322",
    "SensorType": "PullHeartRateMonitor",
    "Payload": "{\"Time\": 1547247191.4726322, \"BPM\": 88.0}"
}
2019-01-11 17:53:11,473 - SWARM_Simulator - INFO - SWARMUserSensorData sent {
    "UID": 1003,
    "Timestamp": "1547247191.4726322",
    "SensorType": "PullHeartRateMonitor",
    "Payload": "{\"Time\": 1547247191.4726322, \"BPM\": 67.0}"
}
2019-01-11 17:53:11,476 - SWARM_Simulator - INFO - SWARMUserSensorData sent {
    "UID": 1005,
    "Timestamp": "1547247191.4765506",
    "SensorType": "PullGPS",
    "Payload": "bytearray(b\"\\x02\\'a$]\\x00L.X&\\x00\\x00\\x01\\xb1\\x00\\xd3\\x00\\x00\\x00\\x10\")"
}
2019-01-11 17:53:11,480 - SWARM_Simulator - INFO - SWARMUserSensorData sent {
    "UID": 1006,
    "Timestamp": "1547247191.4805186",
    "SensorType": "PullGPS",
    "Payload": "bytearray(b\"\\x02\\'O)O\\x00L\\x12E:\\x00\\x00\\x01\\xc2\\x00\\xe8\\x00\\x00\\x00\\x05\")"
}
2019-01-11 17:53:11,482 - SWARM_Simulator - INFO - SWARMUserSensorData sent {
    "UID": 1009,
    "Timestamp": "1547247191.4824805",
    "SensorType": "PullHeartRateMonitor",
    "Payload": "{\"Time\": 1547247191.4824805, \"BPM\": 126.0}"
}
2019-01-11 17:53:12,389 - SWARM_Simulator - INFO - SWARMUserSensorData sent {
    "UID": 1004,
    "Timestamp": "1547247192.3899107",
    "SensorType": "PushGPS",
    "Payload": "bytearray(b\"\\x02\\'BN=\\x00L\\x1abP\\x00\\x00\\x03(\\x00=\\x00\\x00\\x00\\r\")"
}
2019-01-11 17:53:14,780 - SWARM_Simulator - INFO - SWARMUserSensorData sent {
    "UID": 1000,
    "Timestamp": "1547247194.780348",
    "SensorType": "PushGPS",
    "Payload": "bytearray(b\"\\x02\\'*B%\\x00L\\x05AE\\x00\\x00\\x00,\\x01E\\x00\\x00\\x00\\x06\")"
}
2019-01-11 17:53:14,934 - SWARM_Simulator - INFO - SWARMUserSensorData sent {
    "UID": 1007,
    "Timestamp": "1547247194.9341533",
    "SensorType": "PushGPS",
    "Payload": "bytearray(b\"\\x02\\'2!\\x06\\x00LG\\x0cB\\x00\\x00\\x01>\\x00A\\x00\\x00\\x00\\x02\")"
}
2019-01-11 17:53:15,045 - SWARM_Simulator - INFO - SWARMUserSensorData sent {
    "UID": 1008,
    "Timestamp": "1547247195.0444407",
    "SensorType": "PushGPS",
    "Payload": "bytearray(b\"\\x02\\'\\n\\x19\\x06\\x00L\\tOM\\x00\\x00\\x00\\x95\\x00\\x14\\x00\\x00\\x00\\x04\")"
}
2019-01-11 17:53:16,131 - SWARM_Simulator - INFO - SWARMUserSensorData sent {
    "UID": 1002,
    "Timestamp": "1547247196.1316268",
    "SensorType": "PushGPS",
    "Payload": "bytearray(b\"\\x02\\'\\x18\\x01*\\x00L\\x1cR*\\x00\\x00\\x01N\\x00$\\x00\\x00\\x00\\n\")"
}
2019-01-11 17:53:16,477 - SWARM_Simulator - INFO - SWARMUserSensorData sent {
    "UID": 1001,
    "Timestamp": "1547247196.4764585",
    "SensorType": "PullHeartRateMonitor",
    "Payload": "{\"Time\": 1547247196.4764585, \"BPM\": 90.0}"
}
2019-01-11 17:53:16,478 - SWARM_Simulator - INFO - SWARMUserSensorData sent {
    "UID": 1003,
    "Timestamp": "1547247196.477432",
    "SensorType": "PullHeartRateMonitor",
    "Payload": "{\"Time\": 1547247196.477432, \"BPM\": 70.0}"
}
2019-01-11 17:53:16,479 - SWARM_Simulator - INFO - SWARMUserSensorData sent {
    "UID": 1005,
    "Timestamp": "1547247196.4793887",
    "SensorType": "PullGPS",
    "Payload": "bytearray(b\"\\x02\\'a#\\x15\\x00L.W\\x1e\\x00\\x00\\x01\\xab\\x01G\\x00\\x00\\x00\\x04\")"
}
2019-01-11 17:53:16,483 - SWARM_Simulator - INFO - SWARMUserSensorData sent {
    "UID": 1006,
    "Timestamp": "1547247196.4832437",
    "SensorType": "PullGPS",
    "Payload": "bytearray(b\"\\x02\\'O\\'\\x07\\x00L\\x12DO\\x00\\x00\\x01\\xdc\\x00\\xcf\\x00\\x00\\x00\\x06\")"
}
2019-01-11 17:53:16,485 - SWARM_Simulator - INFO - SWARMUserSensorData sent {
    "UID": 1009,
    "Timestamp": "1547247196.4851992",
    "SensorType": "PullHeartRateMonitor",
    "Payload": "{\"Time\": 1547247196.4851992, \"BPM\": 120.0}"
}
2019-01-11 17:53:17,393 - SWARM_Simulator - INFO - SWARMUserSensorData sent {
    "UID": 1004,
    "Timestamp": "1547247197.3930497",
    "SensorType": "PushGPS",
    "Payload": "bytearray(b\"\\x02\\'BT\\x18\\x00L\\x1b\\x04$\\x00\\x00\\x03/\\x004\\x00\\x00\\x00\\x11\")"
}
2019-01-11 17:53:19,782 - SWARM_Simulator - INFO - SWARMUserSensorData sent {
    "UID": 1000,
    "Timestamp": "1547247199.782241",
    "SensorType": "PushGPS",
    "Payload": "bytearray(b\"\\x02\\'*D=\\x00L\\x05B%\\x00\\x00\\x004\\x00\\xe3\\x00\\x00\\x00\\x05\")"
}
2019-01-11 17:53:19,934 - SWARM_Simulator - INFO - SWARMUserSensorData sent {
    "UID": 1007,
    "Timestamp": "1547247199.9349003",
    "SensorType": "PushGPS",
    "Payload": "bytearray(b\"\\x02\\'2(\\n\\x00LG\\x071\\x00\\x00\\x01A\\x00\\x13\\x00\\x00\\x00\\x13\")"
}
2019-01-11 17:53:20,046 - SWARM_Simulator - INFO - SWARMUserSensorData sent {
    "UID": 1008,
    "Timestamp": "1547247200.0466263",
    "SensorType": "PushGPS",
    "Payload": "bytearray(b\"\\x02\\'\\n\\x197\\x00L\\tS\\x1e\\x00\\x00\\x00\\xa6\\x00`\\x00\\x00\\x00\\x07\")"
}
2019-01-11 17:53:21,132 - SWARM_Simulator - INFO - SWARMUserSensorData sent {
    "UID": 1002,
    "Timestamp": "1547247201.132985",
    "SensorType": "PushGPS",
    "Payload": "bytearray(b\"\\x02\\'\\x18\\x04\\x11\\x00L\\x1cW!\\x00\\x00\\x01Q\\x00\\xb0\\x00\\x00\\x00\\x0c\")"
}
2019-01-11 17:53:21,479 - SWARM_Simulator - INFO - SWARMUserSensorData sent {
    "UID": 1003,
    "Timestamp": "1547247201.4795153",
    "SensorType": "PullHeartRateMonitor",
    "Payload": "{\"Time\": 1547247201.4795153, \"BPM\": 70.0}"
}
2019-01-11 17:53:21,480 - SWARM_Simulator - INFO - SWARMUserSensorData sent {
    "UID": 1005,
    "Timestamp": "1547247201.4804916",
    "SensorType": "PullGPS",
    "Payload": "bytearray(b\"\\x02\\'a\\x1b\\x19\\x00L.Sc\\x00\\x00\\x01\\xbd\\x01C\\x00\\x00\\x00\\x13\")"
}
2019-01-11 17:53:21,481 - SWARM_Simulator - INFO - SWARMUserSensorData sent {
    "UID": 1001,
    "Timestamp": "1547247201.4795153",
    "SensorType": "PullHeartRateMonitor",
    "Payload": "{\"Time\": 1547247201.4795153, \"BPM\": 89.0}"
}
2019-01-11 17:53:21,484 - SWARM_Simulator - INFO - SWARMUserSensorData sent {
    "UID": 1006,
    "Timestamp": "1547247201.484403",
    "SensorType": "PullGPS",
    "Payload": "bytearray(b\"\\x02\\'O*\\x18\\x00L\\x12E\\x17\\x00\\x00\\x01\\xc7\\x01\\x1e\\x00\\x00\\x00\\x07\")"
}
2019-01-11 17:53:21,486 - SWARM_Simulator - INFO - SWARMUserSensorData sent {
    "UID": 1009,
    "Timestamp": "1547247201.4863565",
    "SensorType": "PullHeartRateMonitor",
    "Payload": "{\"Time\": 1547247201.4863565, \"BPM\": 122.0}"
}
2019-01-11 17:53:22,395 - SWARM_Simulator - INFO - SWARMUserSensorData sent {
    "UID": 1004,
    "Timestamp": "1547247202.3959758",
    "SensorType": "PushGPS",
    "Payload": "bytearray(b\"\\x02\\'BT\\x15\\x00L\\x1b\\x05@\\x00\\x00\\x033\\x01O\\x00\\x00\\x00\\x02\")"
}
2019-01-11 17:53:24,785 - SWARM_Simulator - INFO - SWARMUserSensorData sent {
    "UID": 1000,
    "Timestamp": "1547247204.785325",
    "SensorType": "PushGPS",
    "Payload": "bytearray(b\"\\x02\\'*C\\x1e\\x00L\\x05D-\\x00\\x00\\x00&\\x008\\x00\\x00\\x00\\x05\")"
}
2019-01-11 17:53:24,936 - SWARM_Simulator - INFO - SWARMUserSensorData sent {
    "UID": 1007,
    "Timestamp": "1547247204.9369185",
    "SensorType": "PushGPS",
    "Payload": "bytearray(b\"\\x02\\'2%%\\x00LG\\x04Z\\x00\\x00\\x01P\\x00\\xaa\\x00\\x00\\x00\\x08\")"
}
2019-01-11 17:53:25,049 - SWARM_Simulator - INFO - SWARMUserSensorData sent {
    "UID": 1008,
    "Timestamp": "1547247205.049301",
    "SensorType": "PushGPS",
    "Payload": "bytearray(b'\\x02\\'\\n\\x17\\\\\\x00L\\tS\"\\x00\\x00\\x00\\xae\\x01?\\x00\\x00\\x00\\x03')"
}
2019-01-11 17:53:26,134 - SWARM_Simulator - INFO - SWARMUserSensorData sent {
    "UID": 1002,
    "Timestamp": "1547247206.1342783",
    "SensorType": "PushGPS",
    "Payload": "bytearray(b\"\\x02\\'\\x18\\x05?\\x00L\\x1cU6\\x00\\x00\\x01M\\x00\\x86\\x00\\x00\\x00\\x05\")"
}
2019-01-11 17:53:26,482 - SWARM_Simulator - INFO - SWARMUserSensorData sent {
    "UID": 1003,
    "Timestamp": "1547247206.4828367",
    "SensorType": "PullHeartRateMonitor",
    "Payload": "{\"Time\": 1547247206.4828367, \"BPM\": 69.0}"
}
2019-01-11 17:53:26,485 - SWARM_Simulator - INFO - SWARMUserSensorData sent {
    "UID": 1005,
    "Timestamp": "1547247206.4857693",
    "SensorType": "PullGPS",
    "Payload": "bytearray(b\"\\x02\\'a\\x1a\\x1e\\x00L.Q\\t\\x00\\x00\\x01\\xb1\\x01\\x0c\\x00\\x00\\x00\\x06\")"
}
2019-01-11 17:53:26,485 - SWARM_Simulator - INFO - SWARMUserSensorData sent {
    "UID": 1001,
    "Timestamp": "1547247206.4847872",
    "SensorType": "PullHeartRateMonitor",
    "Payload": "{\"Time\": 1547247206.4847872, \"BPM\": 86.0}"
}
2019-01-11 17:53:26,488 - SWARM_Simulator - INFO - SWARMUserSensorData sent {
    "UID": 1009,
    "Timestamp": "1547247206.4886966",
    "SensorType": "PullHeartRateMonitor",
    "Payload": "{\"Time\": 1547247206.4886966, \"BPM\": 125.0}"
}
2019-01-11 17:53:26,489 - SWARM_Simulator - INFO - SWARMUserSensorData sent {
    "UID": 1006,
    "Timestamp": "1547247206.4886966",
    "SensorType": "PullGPS",
    "Payload": "bytearray(b\"\\x02\\'O+\\'\\x00L\\x12E@\\x00\\x00\\x01\\xdb\\x00\\x1a\\x00\\x00\\x00\\x02\")"
}
2019-01-11 17:53:27,398 - SWARM_Simulator - INFO - SWARMUserSensorData sent {
    "UID": 1004,
    "Timestamp": "1547247207.3982964",
    "SensorType": "PushGPS",
    "Payload": "bytearray(b\"\\x02\\'BU0\\x00L\\x1b\\x02\\x1d\\x00\\x00\\x03G\\x01\\x04\\x00\\x00\\x00\\x07\")"
}
2019-01-11 17:53:29,787 - SWARM_Simulator - INFO - SWARMUserSensorData sent {
    "UID": 1000,
    "Timestamp": "1547247209.7879813",
    "SensorType": "PushGPS",
    "Payload": "bytearray(b\"\\x02\\'*EE\\x00L\\x05D.\\x00\\x00\\x00:\\x01&\\x00\\x00\\x00\\x05\")"
}
2019-01-11 17:53:29,940 - SWARM_Simulator - INFO - SWARMUserSensorData sent {
    "UID": 1007,
    "Timestamp": "1547247209.9385347",
    "SensorType": "PushGPS",
    "Payload": "bytearray(b\"\\x02\\'2\\x1e\\r\\x00LG\\x05H\\x00\\x00\\x01e\\x00\\x05\\x00\\x00\\x00\\x10\")"
}
2019-01-11 17:53:30,051 - SWARM_Simulator - INFO - SWARMUserSensorData sent {
    "UID": 1008,
    "Timestamp": "1547247210.0511332",
    "SensorType": "PushGPS",
    "Payload": "bytearray(b\"\\x02\\'\\n\\x19\\x0c\\x00L\\tP\\x01\\x00\\x00\\x00\\xa5\\x00\\xb9\\x00\\x00\\x00\\x07\")"
}
2019-01-11 17:53:31,136 - SWARM_Simulator - INFO - SWARMUserSensorData sent {
    "UID": 1002,
    "Timestamp": "1547247211.1361525",
    "SensorType": "PushGPS",
    "Payload": "bytearray(b\"\\x02\\'\\x18\\x03,\\x00L\\x1cV!\\x00\\x00\\x01I\\x00\\xe6\\x00\\x00\\x00\\x05\")"
}
2019-01-11 17:53:31,485 - SWARM_Simulator - INFO - SWARMUserSensorData sent {
    "UID": 1003,
    "Timestamp": "1547247211.485419",
    "SensorType": "PullHeartRateMonitor",
    "Payload": "{\"Time\": 1547247211.485419, \"BPM\": 63.0}"
}
2019-01-11 17:53:31,490 - SWARM_Simulator - INFO - SWARMUserSensorData sent {
    "UID": 1005,
    "Timestamp": "1547247211.490318",
    "SensorType": "PullGPS",
    "Payload": "bytearray(b\"\\x02\\'a\\x1a\\x14\\x00L.NS\\x00\\x00\\x01\\xa3\\x00\\\\\\x00\\x00\\x00\\x05\")"
}
2019-01-11 17:53:31,492 - SWARM_Simulator - INFO - SWARMUserSensorData sent {
    "UID": 1001,
    "Timestamp": "1547247211.4922683",
    "SensorType": "PullHeartRateMonitor",
    "Payload": "{\"Time\": 1547247211.4922683, \"BPM\": 83.0}"
}
2019-01-11 17:53:31,494 - SWARM_Simulator - INFO - SWARMUserSensorData sent {
    "UID": 1006,
    "Timestamp": "1547247211.4942276",
    "SensorType": "PullGPS",
    "Payload": "bytearray(b\"\\x02\\'O,\\x13\\x00L\\x12G_\\x00\\x00\\x01\\xd9\\x00\\x10\\x00\\x00\\x00\\x05\")"
}
2019-01-11 17:53:31,495 - SWARM_Simulator - INFO - SWARMUserSensorData sent {
    "UID": 1009,
    "Timestamp": "1547247211.4942276",
    "SensorType": "PullHeartRateMonitor",
    "Payload": "{\"Time\": 1547247211.4942276, \"BPM\": 124.0}"
}
2019-01-11 17:53:32,401 - SWARM_Simulator - INFO - SWARMUserSensorData sent {
    "UID": 1004,
    "Timestamp": "1547247212.401255",
    "SensorType": "PushGPS",
    "Payload": "bytearray(b\"\\x02\\'BSP\\x00L\\x1aa\\x1a\\x00\\x00\\x03>\\x00\\x8e\\x00\\x00\\x00\\x0b\")"
}
2019-01-11 17:53:34,791 - SWARM_Simulator - INFO - SWARMUserSensorData sent {
    "UID": 1000,
    "Timestamp": "1547247214.7916765",
    "SensorType": "PushGPS",
    "Payload": "bytearray(b\"\\x02\\'*JA\\x00L\\x05DJ\\x00\\x00\\x00)\\x00\\x80\\x00\\x00\\x00\\x0b\")"
}
2019-01-11 17:53:34,941 - SWARM_Simulator - INFO - SWARMUserSensorData sent {
    "UID": 1007,
    "Timestamp": "1547247214.9412293",
    "SensorType": "PushGPS",
    "Payload": "bytearray(b\"\\x02\\'2\\x190\\x00LG\\r+\\x00\\x00\\x01S\\x01\\x19\\x00\\x00\\x00\\x13\")"
}
2019-01-11 17:53:35,053 - SWARM_Simulator - INFO - SWARMUserSensorData sent {
    "UID": 1008,
    "Timestamp": "1547247215.0531702",
    "SensorType": "PushGPS",
    "Payload": "bytearray(b'\\x02\\'\\n\\x1a\\'\\x00L\\tQ\\x18\\x00\\x00\\x00\\x94\\x01\"\\x00\\x00\\x00\\x03')"
}
2019-01-11 17:53:36,139 - SWARM_Simulator - INFO - SWARMUserSensorData sent {
    "UID": 1002,
    "Timestamp": "1547247216.1396658",
    "SensorType": "PushGPS",
    "Payload": "bytearray(b\"\\x02\\'\\x18\\x04O\\x00L\\x1cTO\\x00\\x00\\x01N\\x00\\x98\\x00\\x00\\x00\\x04\")"
}
2019-01-11 17:53:36,488 - SWARM_Simulator - INFO - SWARMUserSensorData sent {
    "UID": 1003,
    "Timestamp": "1547247216.4876497",
    "SensorType": "PullHeartRateMonitor",
    "Payload": "{\"Time\": 1547247216.4876497, \"BPM\": 64.0}"
}
2019-01-11 17:53:36,492 - SWARM_Simulator - INFO - SWARMUserSensorData sent {
    "UID": 1005,
    "Timestamp": "1547247216.4924452",
    "SensorType": "PullGPS",
    "Payload": "bytearray(b\"\\x02\\'a!M\\x00L.S(\\x00\\x00\\x01\\xa3\\x00\\n\\x00\\x00\\x00\\x13\")"
}
2019-01-11 17:53:36,494 - SWARM_Simulator - INFO - SWARMUserSensorData sent {
    "UID": 1001,
    "Timestamp": "1547247216.4946008",
    "SensorType": "PullHeartRateMonitor",
    "Payload": "{\"Time\": 1547247216.4946008, \"BPM\": 80.0}"
}
2019-01-11 17:53:36,495 - SWARM_Simulator - INFO - SWARMUserSensorData sent {
    "UID": 1006,
    "Timestamp": "1547247216.4955738",
    "SensorType": "PullGPS",
    "Payload": "bytearray(b\"\\x02\\'O)Z\\x00L\\x12EQ\\x00\\x00\\x01\\xe9\\x01/\\x00\\x00\\x00\\x06\")"
}
2019-01-11 17:53:36,497 - SWARM_Simulator - INFO - SWARMUserSensorData sent {
    "UID": 1009,
    "Timestamp": "1547247216.4975302",
    "SensorType": "PullHeartRateMonitor",
    "Payload": "{\"Time\": 1547247216.4975302, \"BPM\": 118.0}"
}
2019-01-11 17:53:37,403 - SWARM_Simulator - INFO - SWARMUserSensorData sent {
    "UID": 1004,
    "Timestamp": "1547247217.4026985",
    "SensorType": "PushGPS",
    "Payload": "bytearray(b\"\\x02\\'BR\\x01\\x00L\\x1a]-\\x00\\x00\\x03,\\x00\\x9a\\x00\\x00\\x00\\t\")"
}
2019-01-11 17:53:39,793 - SWARM_Simulator - INFO - SWARMUserSensorData sent {
    "UID": 1000,
    "Timestamp": "1547247219.793104",
    "SensorType": "PushGPS",
    "Payload": "bytearray(b\"\\x02\\'*DT\\x00L\\x05G0\\x00\\x00\\x00)\\x00Z\\x00\\x00\\x00\\x0e\")"
}
2019-01-11 17:53:39,943 - SWARM_Simulator - INFO - SWARMUserSensorData sent {
    "UID": 1007,
    "Timestamp": "1547247219.9430594",
    "SensorType": "PushGPS",
    "Payload": "bytearray(b\"\\x02\\'2!-\\x00LG\\x10N\\x00\\x00\\x01_\\x00m\\x00\\x00\\x00\\x13\")"
}
2019-01-11 17:53:40,054 - SWARM_Simulator - INFO - SWARMUserSensorData sent {
    "UID": 1008,
    "Timestamp": "1547247220.0543914",
    "SensorType": "PushGPS",
    "Payload": "bytearray(b\"\\x02\\'\\n\\x19N\\x00L\\tS`\\x00\\x00\\x00\\x9a\\x00\\x9c\\x00\\x00\\x00\\x06\")"
}
2019-01-11 17:53:41,142 - SWARM_Simulator - INFO - SWARMUserSensorData sent {
    "UID": 1002,
    "Timestamp": "1547247221.1428623",
    "SensorType": "PushGPS",
    "Payload": "bytearray(b\"\\x02\\'\\x18\\x05O\\x00L\\x1c[\\x18\\x00\\x00\\x01L\\x00\\x92\\x00\\x00\\x00\\x0e\")"
}
2019-01-11 17:53:41,489 - SWARM_Simulator - INFO - SWARMUserSensorData sent {
    "UID": 1003,
    "Timestamp": "1547247221.489921",
    "SensorType": "PullHeartRateMonitor",
    "Payload": "{\"Time\": 1547247221.489921, \"BPM\": 68.0}"
}
2019-01-11 17:53:41,493 - SWARM_Simulator - INFO - SWARMUserSensorData sent {
    "UID": 1005,
    "Timestamp": "1547247221.4938405",
    "SensorType": "PullGPS",
    "Payload": "bytearray(b\"\\x02\\'a\\x1d\\x16\\x00L.M\\x0b\\x00\\x00\\x01\\x9d\\x00\\r\\x00\\x00\\x00\\x11\")"
}
2019-01-11 17:53:41,496 - SWARM_Simulator - INFO - SWARMUserSensorData sent {
    "UID": 1006,
    "Timestamp": "1547247221.4967737",
    "SensorType": "PullGPS",
    "Payload": "bytearray(b\"\\x02\\'O&\\x1f\\x00L\\x12D*\\x00\\x00\\x01\\xf2\\x00\\x15\\x00\\x00\\x00\\x08\")"
}
2019-01-11 17:53:41,499 - SWARM_Simulator - INFO - SWARMUserSensorData sent {
    "UID": 1001,
    "Timestamp": "1547247221.4957952",
    "SensorType": "PullHeartRateMonitor",
    "Payload": "{\"Time\": 1547247221.4957952, \"BPM\": 79.0}"
}
2019-01-11 17:53:41,501 - SWARM_Simulator - INFO - SWARMUserSensorData sent {
    "UID": 1009,
    "Timestamp": "1547247221.4992633",
    "SensorType": "PullHeartRateMonitor",
    "Payload": "{\"Time\": 1547247221.4992633, \"BPM\": 119.0}"
}
2019-01-11 17:53:42,404 - SWARM_Simulator - INFO - SWARMUserSensorData sent {
    "UID": 1004,
    "Timestamp": "1547247222.404108",
    "SensorType": "PushGPS",
    "Payload": "bytearray(b\"\\x02\\'BP=\\x00L\\x1a\\\\8\\x00\\x00\\x03(\\x00\\xed\\x00\\x00\\x00\\x03\")"
}
2019-01-11 17:53:44,795 - SWARM_Simulator - INFO - SWARMUserSensorData sent {
    "UID": 1000,
    "Timestamp": "1547247224.7959716",
    "SensorType": "PushGPS",
    "Payload": "bytearray(b\"\\x02\\'*G%\\x00L\\x05Hc\\x00\\x00\\x00\\x1e\\x00\\x02\\x00\\x00\\x00\\x06\")"
}
2019-01-11 17:53:44,944 - SWARM_Simulator - INFO - SWARMUserSensorData sent {
    "UID": 1007,
    "Timestamp": "1547247224.944714",
    "SensorType": "PushGPS",
    "Payload": "bytearray(b\"\\x02\\'2+\\x19\\x00LG\\x0c\\x03\\x00\\x00\\x01I\\x00\\xd7\\x00\\x00\\x00\\x18\")"
}
2019-01-11 17:53:45,056 - SWARM_Simulator - INFO - SWARMUserSensorData sent {
    "UID": 1008,
    "Timestamp": "1547247225.0565364",
    "SensorType": "PushGPS",
    "Payload": "bytearray(b\"\\x02\\'\\n\\x1a\\x1e\\x00L\\tP\\x05\\x00\\x00\\x00\\xa8\\x00\\xd3\\x00\\x00\\x00\\x08\")"
}
2019-01-11 17:53:46,145 - SWARM_Simulator - INFO - SWARMUserSensorData sent {
    "UID": 1002,
    "Timestamp": "1547247226.1453786",
    "SensorType": "PushGPS",
    "Payload": "bytearray(b\"\\x02\\'\\x18\\x06Y\\x00L\\x1cZJ\\x00\\x00\\x01P\\x00\\x82\\x00\\x00\\x00\\x02\")"
}
2019-01-11 17:53:46,493 - SWARM_Simulator - INFO - SWARMUserSensorData sent {
    "UID": 1003,
    "Timestamp": "1547247226.4934003",
    "SensorType": "PullHeartRateMonitor",
    "Payload": "{\"Time\": 1547247226.4934003, \"BPM\": 65.0}"
}
2019-01-11 17:53:46,496 - SWARM_Simulator - INFO - SWARMUserSensorData sent {
    "UID": 1005,
    "Timestamp": "1547247226.4963267",
    "SensorType": "PullGPS",
    "Payload": "bytearray(b\"\\x02\\'a\\x1f\\x1e\\x00L.O@\\x00\\x00\\x01\\x8e\\x00\\xa0\\x00\\x00\\x00\\x07\")"
}
2019-01-11 17:53:46,499 - SWARM_Simulator - INFO - SWARMUserSensorData sent {
    "UID": 1006,
    "Timestamp": "1547247226.498288",
    "SensorType": "PullGPS",
    "Payload": "bytearray(b\"\\x02\\'O%P\\x00L\\x12C\\x0f\\x00\\x00\\x02\\x05\\x00C\\x00\\x00\\x00\\x03\")"
}
2019-01-11 17:53:46,502 - SWARM_Simulator - INFO - SWARMUserSensorData sent {
    "UID": 1001,
    "Timestamp": "1547247226.5012214",
    "SensorType": "PullHeartRateMonitor",
    "Payload": "{\"Time\": 1547247226.5012214, \"BPM\": 78.0}"
}
2019-01-11 17:53:46,506 - SWARM_Simulator - INFO - SWARMUserSensorData sent {
    "UID": 1009,
    "Timestamp": "1547247226.5031755",
    "SensorType": "PullHeartRateMonitor",
    "Payload": "{\"Time\": 1547247226.5031755, \"BPM\": 118.0}"
}
2019-01-11 17:53:47,405 - SWARM_Simulator - INFO - SWARMUserSensorData sent {
    "UID": 1004,
    "Timestamp": "1547247227.4058964",
    "SensorType": "PushGPS",
    "Payload": "bytearray(b\"\\x02\\'BR\\x04\\x00L\\x1a`?\\x00\\x00\\x03\\x1f\\x00\\xfc\\x00\\x00\\x00\\t\")"
}
2019-01-11 17:53:49,797 - SWARM_Simulator - INFO - SWARMUserSensorData sent {
    "UID": 1000,
    "Timestamp": "1547247229.797129",
    "SensorType": "PushGPS",
    "Payload": "bytearray(b\"\\x02\\'*C<\\x00L\\x05E]\\x00\\x00\\x00\\x15\\x00W\\x00\\x00\\x00\\n\")"
}
2019-01-11 17:53:49,946 - SWARM_Simulator - INFO - SWARMUserSensorData sent {
    "UID": 1007,
    "Timestamp": "1547247229.9469078",
    "SensorType": "PushGPS",
    "Payload": "bytearray(b\"\\x02\\'2&=\\x00LG\\x108\\x00\\x00\\x01`\\x00?\\x00\\x00\\x00\\x0e\")"
}
2019-01-11 17:53:50,058 - SWARM_Simulator - INFO - SWARMUserSensorData sent {
    "UID": 1008,
    "Timestamp": "1547247230.0588374",
    "SensorType": "PushGPS",
    "Payload": "bytearray(b\"\\x02\\'\\n\\x18Z\\x00L\\tS\\x00\\x00\\x00\\x00\\xb8\\x00\\xf9\\x00\\x00\\x00\\x07\")"
}
2019-01-11 17:53:51,146 - SWARM_Simulator - INFO - SWARMUserSensorData sent {
    "UID": 1002,
    "Timestamp": "1547247231.1464772",
    "SensorType": "PushGPS",
    "Payload": "bytearray(b\"\\x02\\'\\x18\\x06P\\x00L\\x1cV\\x06\\x00\\x00\\x01O\\x00\\x14\\x00\\x00\\x00\\n\")"
}
2019-01-11 17:53:51,496 - SWARM_Simulator - INFO - SWARMUserSensorData sent {
    "UID": 1003,
    "Timestamp": "1547247231.4967513",
    "SensorType": "PullHeartRateMonitor",
    "Payload": "{\"Time\": 1547247231.4967513, \"BPM\": 65.0}"
}
2019-01-11 17:53:51,498 - SWARM_Simulator - INFO - SWARMUserSensorData sent {
    "UID": 1005,
    "Timestamp": "1547247231.498701",
    "SensorType": "PullGPS",
    "Payload": "bytearray(b\"\\x02\\'a\\'?\\x00L.O\\x03\\x00\\x00\\x01\\x9e\\x01\\x0c\\x00\\x00\\x00\\x12\")"
}
2019-01-11 17:53:51,501 - SWARM_Simulator - INFO - SWARMUserSensorData sent {
    "UID": 1006,
    "Timestamp": "1547247231.5016358",
    "SensorType": "PullGPS",
    "Payload": "bytearray(b\"\\x02\\'O$6\\x00L\\x12CR\\x00\\x00\\x02\\x0c\\x00A\\x00\\x00\\x00\\x03\")"
}
2019-01-11 17:53:51,504 - SWARM_Simulator - INFO - SWARMUserSensorData sent {
    "UID": 1001,
    "Timestamp": "1547247231.5046203",
    "SensorType": "PullHeartRateMonitor",
    "Payload": "{\"Time\": 1547247231.5046203, \"BPM\": 79.0}"
}
2019-01-11 17:53:51,507 - SWARM_Simulator - INFO - SWARMUserSensorData sent {
    "UID": 1009,
    "Timestamp": "1547247231.5075624",
    "SensorType": "PullHeartRateMonitor",
    "Payload": "{\"Time\": 1547247231.5075624, \"BPM\": 116.0}"
}
2019-01-11 17:53:52,407 - SWARM_Simulator - INFO - SWARMUserSensorData sent {
    "UID": 1004,
    "Timestamp": "1547247232.4078233",
    "SensorType": "PushGPS",
    "Payload": "bytearray(b\"\\x02\\'BSC\\x00L\\x1a^\\x0b\\x00\\x00\\x03-\\x00w\\x00\\x00\\x00\\x06\")"
}
2019-01-11 17:53:54,800 - SWARM_Simulator - INFO - SWARMUserSensorData sent {
    "UID": 1000,
    "Timestamp": "1547247234.798997",
    "SensorType": "PushGPS",
    "Payload": "bytearray(b\"\\x02\\'*DJ\\x00L\\x05I0\\x00\\x00\\x00\\x07\\x00\\x16\\x00\\x00\\x00\\x08\")"
}
2019-01-11 17:53:54,948 - SWARM_Simulator - INFO - SWARMUserSensorData sent {
    "UID": 1007,
    "Timestamp": "1547247234.9487386",
    "SensorType": "PushGPS",
    "Payload": "bytearray(b\"\\x02\\'2)\\x16\\x00LG\\x10`\\x00\\x00\\x01d\\x00e\\x00\\x00\\x00\\x05\")"
}
2019-01-11 17:53:55,061 - SWARM_Simulator - INFO - SWARMUserSensorData sent {
    "UID": 1008,
    "Timestamp": "1547247235.0612469",
    "SensorType": "PushGPS",
    "Payload": "bytearray(b\"\\x02\\'\\n\\x1aX\\x00L\\tPP\\x00\\x00\\x00\\xb8\\x00\\r\\x00\\x00\\x00\\x06\")"
}
2019-01-11 17:53:56,148 - SWARM_Simulator - INFO - SWARMUserSensorData sent {
    "UID": 1002,
    "Timestamp": "1547247236.1484754",
    "SensorType": "PushGPS",
    "Payload": "bytearray(b\"\\x02\\'\\x18\\x06L\\x00L\\x1cR_\\x00\\x00\\x01J\\x00\\x1c\\x00\\x00\\x00\\x06\")"
}
2019-01-11 17:53:56,499 - SWARM_Simulator - INFO - SWARMUserSensorData sent {
    "UID": 1003,
    "Timestamp": "1547247236.4986448",
    "SensorType": "PullHeartRateMonitor",
    "Payload": "{\"Time\": 1547247236.4986448, \"BPM\": 67.0}"
}
2019-01-11 17:53:56,501 - SWARM_Simulator - INFO - SWARMUserSensorData sent {
    "UID": 1005,
    "Timestamp": "1547247236.5006552",
    "SensorType": "PullGPS",
    "Payload": "bytearray(b\"\\x02\\'a-\\x13\\x00L.I\\\\\\x00\\x00\\x01\\x95\\x00:\\x00\\x00\\x00\\x10\")"
}
2019-01-11 17:53:56,503 - SWARM_Simulator - INFO - SWARMUserSensorData sent {
    "UID": 1006,
    "Timestamp": "1547247236.5037243",
    "SensorType": "PullGPS",
    "Payload": "bytearray(b\"\\x02\\'O\\'4\\x00L\\x12D\\x1f\\x00\\x00\\x02\\x17\\x01a\\x00\\x00\\x00\\x06\")"
}
2019-01-11 17:53:56,506 - SWARM_Simulator - INFO - SWARMUserSensorData sent {
    "UID": 1001,
    "Timestamp": "1547247236.5065696",
    "SensorType": "PullHeartRateMonitor",
    "Payload": "{\"Time\": 1547247236.5065696, \"BPM\": 79.0}"
}
2019-01-11 17:53:56,508 - SWARM_Simulator - INFO - SWARMUserSensorData sent {
    "UID": 1009,
    "Timestamp": "1547247236.5086813",
    "SensorType": "PullHeartRateMonitor",
    "Payload": "{\"Time\": 1547247236.5086813, \"BPM\": 116.0}"
}
2019-01-11 17:53:57,409 - SWARM_Simulator - INFO - SWARMUserSensorData sent {
    "UID": 1004,
    "Timestamp": "1547247237.4094844",
    "SensorType": "PushGPS",
    "Payload": "bytearray(b\"\\x02\\'BT4\\x00L\\x1a]A\\x00\\x00\\x03+\\x01$\\x00\\x00\\x00\\x02\")"
}
2019-01-11 17:53:59,802 - SWARM_Simulator - INFO - SWARMUserSensorData sent {
    "UID": 1000,
    "Timestamp": "1547247239.8020651",
    "SensorType": "PushGPS",
    "Payload": "bytearray(b\"\\x02\\'*A+\\x00L\\x05G^\\x00\\x00\\x00\\x06\\x01\\x17\\x00\\x00\\x00\\x08\")"
}
2019-01-11 17:53:59,950 - SWARM_Simulator - INFO - SWARMUserSensorData sent {
    "UID": 1007,
    "Timestamp": "1547247239.950426",
    "SensorType": "PushGPS",
    "Payload": "bytearray(b\"\\x02\\'2(\\x03\\x00LG\\x0c]\\x00\\x00\\x01M\\x00R\\x00\\x00\\x00\\t\")"
}
2019-01-11 17:54:00,063 - SWARM_Simulator - INFO - SWARMUserSensorData sent {
    "UID": 1008,
    "Timestamp": "1547247240.0634437",
    "SensorType": "PushGPS",
    "Payload": "bytearray(b\"\\x02\\'\\n\\x1b%\\x00L\\tPH\\x00\\x00\\x00\\xb8\\x00\\xaf\\x00\\x00\\x00\\x01\")"
}
2019-01-11 17:54:01,150 - SWARM_Simulator - INFO - SWARMUserSensorData sent {
    "UID": 1002,
    "Timestamp": "1547247241.1503525",
    "SensorType": "PushGPS",
    "Payload": "bytearray(b\"\\x02\\'\\x18\\x07)\\x00L\\x1cT\\x17\\x00\\x00\\x01O\\x01\\x1a\\x00\\x00\\x00\\x03\")"
}
2019-01-11 17:54:01,500 - SWARM_Simulator - INFO - SWARMUserSensorData sent {
    "UID": 1003,
    "Timestamp": "1547247241.500357",
    "SensorType": "PullHeartRateMonitor",
    "Payload": "{\"Time\": 1547247241.500357, \"BPM\": 62.0}"
}
2019-01-11 17:54:01,503 - SWARM_Simulator - INFO - SWARMUserSensorData sent {
    "UID": 1005,
    "Timestamp": "1547247241.503298",
    "SensorType": "PullGPS",
    "Payload": "bytearray(b\"\\x02\\'a,\\x19\\x00L.K\\x01\\x00\\x00\\x01\\xa8\\x01(\\x00\\x00\\x00\\x03\")"
}
2019-01-11 17:54:01,504 - SWARM_Simulator - INFO - SWARMUserSensorData sent {
    "UID": 1006,
    "Timestamp": "1547247241.5042727",
    "SensorType": "PullGPS",
    "Payload": "bytearray(b\"\\x02\\'O#I\\x00L\\x12D/\\x00\\x00\\x02\\n\\x00*\\x00\\x00\\x00\\x08\")"
}
2019-01-11 17:54:01,507 - SWARM_Simulator - INFO - SWARMUserSensorData sent {
    "UID": 1001,
    "Timestamp": "1547247241.5072086",
    "SensorType": "PullHeartRateMonitor",
    "Payload": "{\"Time\": 1547247241.5072086, \"BPM\": 78.0}"
}
2019-01-11 17:54:01,510 - SWARM_Simulator - INFO - SWARMUserSensorData sent {
    "UID": 1009,
    "Timestamp": "1547247241.5101378",
    "SensorType": "PullHeartRateMonitor",
    "Payload": "{\"Time\": 1547247241.5101378, \"BPM\": 110.0}"
}
2019-01-11 17:54:02,411 - SWARM_Simulator - INFO - SWARMUserSensorData sent {
    "UID": 1004,
    "Timestamp": "1547247242.4114387",
    "SensorType": "PushGPS",
    "Payload": "bytearray(b\"\\x02\\'BP\\x1e\\x00L\\x1a^>\\x00\\x00\\x03&\\x00\\x88\\x00\\x00\\x00\\t\")"
}
2019-01-11 17:54:04,804 - SWARM_Simulator - INFO - SWARMUserSensorData sent {
    "UID": 1000,
    "Timestamp": "1547247244.804138",
    "SensorType": "PushGPS",
    "Payload": "bytearray(b\"\\x02\\'*?\\x15\\x00L\\x05H<\\x00\\x00\\x00\\x08\\x00\\xc7\\x00\\x00\\x00\\x05\")"
}
2019-01-11 17:54:04,952 - SWARM_Simulator - INFO - SWARMUserSensorData sent {
    "UID": 1007,
    "Timestamp": "1547247244.9522793",
    "SensorType": "PushGPS",
    "Payload": "bytearray(b\"\\x02\\'2,\\x06\\x00LG\\x054\\x00\\x00\\x01R\\x00\\xd7\\x00\\x00\\x00\\x12\")"
}
2019-01-11 17:54:05,065 - SWARM_Simulator - INFO - SWARMUserSensorData sent {
    "UID": 1008,
    "Timestamp": "1547247245.0653765",
    "SensorType": "PushGPS",
    "Payload": "bytearray(b\"\\x02\\'\\n\\x1a!\\x00L\\tM?\\x00\\x00\\x00\\xbc\\x00\\x8f\\x00\\x00\\x00\\x07\")"
}
2019-01-11 17:54:06,153 - SWARM_Simulator - INFO - SWARMUserSensorData sent {
    "UID": 1002,
    "Timestamp": "1547247246.1528525",
    "SensorType": "PushGPS",
    "Payload": "bytearray(b\"\\x02\\'\\x18\\x07*\\x00L\\x1cY:\\x00\\x00\\x01M\\x00\\x9d\\x00\\x00\\x00\\x0b\")"
}
2019-01-11 17:54:06,501 - SWARM_Simulator - INFO - SWARMUserSensorData sent {
    "UID": 1003,
    "Timestamp": "1547247246.5019026",
    "SensorType": "PullHeartRateMonitor",
    "Payload": "{\"Time\": 1547247246.5019026, \"BPM\": 61.0}"
}
2019-01-11 17:54:06,504 - SWARM_Simulator - INFO - SWARMUserSensorData sent {
    "UID": 1005,
    "Timestamp": "1547247246.5048468",
    "SensorType": "PullGPS",
    "Payload": "bytearray(b\"\\x02\\'a/7\\x00L.F`\\x00\\x00\\x01\\xa0\\x01X\\x00\\x00\\x00\\x0b\")"
}
2019-01-11 17:54:06,506 - SWARM_Simulator - INFO - SWARMUserSensorData sent {
    "UID": 1006,
    "Timestamp": "1547247246.5067978",
    "SensorType": "PullGPS",
    "Payload": "bytearray(b\"\\x02\\'O\\'H\\x00L\\x12BT\\x00\\x00\\x02\\x0c\\x00\\xba\\x00\\x00\\x00\\t\")"
}
2019-01-11 17:54:06,508 - SWARM_Simulator - INFO - SWARMUserSensorData sent {
    "UID": 1001,
    "Timestamp": "1547247246.5087574",
    "SensorType": "PullHeartRateMonitor",
    "Payload": "{\"Time\": 1547247246.5087574, \"BPM\": 77.0}"
}
2019-01-11 17:54:06,511 - SWARM_Simulator - INFO - SWARMUserSensorData sent {
    "UID": 1009,
    "Timestamp": "1547247246.5116897",
    "SensorType": "PullHeartRateMonitor",
    "Payload": "{\"Time\": 1547247246.5116897, \"BPM\": 115.0}"
}
2019-01-11 17:54:07,414 - SWARM_Simulator - INFO - SWARMUserSensorData sent {
    "UID": 1004,
    "Timestamp": "1547247247.4144208",
    "SensorType": "PushGPS",
    "Payload": "bytearray(b\"\\x02\\'BR\\x1b\\x00L\\x1a]Z\\x00\\x00\\x03$\\x00\\x1c\\x00\\x00\\x00\\x04\")"
}
2019-01-11 17:54:09,805 - SWARM_Simulator - INFO - SWARMUserSensorData sent {
    "UID": 1000,
    "Timestamp": "1547247249.8059402",
    "SensorType": "PushGPS",
    "Payload": "bytearray(b\"\\x02\\'*9X\\x00L\\x05K8\\x00\\x00\\x00\\x13\\x00\\xc2\\x00\\x00\\x00\\r\")"
}
2019-01-11 17:54:09,953 - SWARM_Simulator - INFO - SWARMUserSensorData sent {
    "UID": 1007,
    "Timestamp": "1547247249.9538643",
    "SensorType": "PushGPS",
    "Payload": "bytearray(b\"\\x02\\'2)+\\x00LG\\x04%\\x00\\x00\\x01h\\x00U\\x00\\x00\\x00\\x06\")"
}
2019-01-11 17:54:10,067 - SWARM_Simulator - INFO - SWARMUserSensorData sent {
    "UID": 1008,
    "Timestamp": "1547247250.0669146",
    "SensorType": "PushGPS",
    "Payload": "bytearray(b\"\\x02\\'\\n\\x19\\\\\\x00L\\tQ \\x00\\x00\\x00\\xab\\x00\\xf6\\x00\\x00\\x00\\x08\")"
}
2019-01-11 17:54:11,154 - SWARM_Simulator - INFO - SWARMUserSensorData sent {
    "UID": 1002,
    "Timestamp": "1547247251.1548162",
    "SensorType": "PushGPS",
    "Payload": "bytearray(b\"\\x02\\'\\x18\\x06E\\x00L\\x1cUF\\x00\\x00\\x01P\\x00z\\x00\\x00\\x00\\x08\")"
}
2019-01-11 17:54:11,504 - SWARM_Simulator - INFO - SWARMUserSensorData sent {
    "UID": 1003,
    "Timestamp": "1547247251.503572",
    "SensorType": "PullHeartRateMonitor",
    "Payload": "{\"Time\": 1547247251.503572, \"BPM\": 56.0}"
}
2019-01-11 17:54:11,508 - SWARM_Simulator - INFO - SWARMUserSensorData sent {
    "UID": 1005,
    "Timestamp": "1547247251.5065",
    "SensorType": "PullGPS",
    "Payload": "bytearray(b\"\\x02\\'a/R\\x00L.H]\\x00\\x00\\x01\\x99\\x00\\x90\\x00\\x00\\x00\\x04\")"
}
2019-01-11 17:54:11,510 - SWARM_Simulator - INFO - SWARMUserSensorData sent {
    "UID": 1006,
    "Timestamp": "1547247251.50846",
    "SensorType": "PullGPS",
    "Payload": "bytearray(b\"\\x02\\'O)a\\x00L\\x12@^\\x00\\x00\\x02!\\x01\\x1b\\x00\\x00\\x00\\x06\")"
}
2019-01-11 17:54:11,513 - SWARM_Simulator - INFO - SWARMUserSensorData sent {
    "UID": 1001,
    "Timestamp": "1547247251.5113888",
    "SensorType": "PullHeartRateMonitor",
    "Payload": "{\"Time\": 1547247251.5113888, \"BPM\": 76.0}"
}
2019-01-11 17:54:11,516 - SWARM_Simulator - INFO - SWARMUserSensorData sent {
    "UID": 1009,
    "Timestamp": "1547247251.5133426",
    "SensorType": "PullHeartRateMonitor",
    "Payload": "{\"Time\": 1547247251.5133426, \"BPM\": 114.0}"
}
2019-01-11 17:54:12,417 - SWARM_Simulator - INFO - SWARMUserSensorData sent {
    "UID": 1004,
    "Timestamp": "1547247252.4170623",
    "SensorType": "PushGPS",
    "Payload": "bytearray(b\"\\x02\\'BUG\\x00L\\x1aX\\x1d\\x00\\x00\\x03.\\x00\\x17\\x00\\x00\\x00\\x0e\")"
}
2019-01-11 17:54:14,808 - SWARM_Simulator - INFO - SWARMUserSensorData sent {
    "UID": 1000,
    "Timestamp": "1547247254.8086996",
    "SensorType": "PushGPS",
    "Payload": "bytearray(b\"\\x02\\'*6S\\x00L\\x05N&\\x00\\x00\\x00\\x19\\x00g\\x00\\x00\\x00\\t\")"
}
2019-01-11 17:54:14,955 - SWARM_Simulator - INFO - SWARMUserSensorData sent {
    "UID": 1007,
    "Timestamp": "1547247254.9554245",
    "SensorType": "PushGPS",
    "Payload": "bytearray(b\"\\x02\\'2\\x1f5\\x00LFaC\\x00\\x00\\x01f\\x00\\x1b\\x00\\x00\\x00\\x1a\")"
}
2019-01-11 17:54:15,068 - SWARM_Simulator - INFO - SWARMUserSensorData sent {
    "UID": 1008,
    "Timestamp": "1547247255.068073",
    "SensorType": "PushGPS",
    "Payload": "bytearray(b\"\\x02\\'\\n\\x1a;\\x00L\\tT\\x1e\\x00\\x00\\x00\\xb4\\x000\\x00\\x00\\x00\\x06\")"
}
2019-01-11 17:54:16,157 - SWARM_Simulator - INFO - SWARMUserSensorData sent {
    "UID": 1002,
    "Timestamp": "1547247256.1576471",
    "SensorType": "PushGPS",
    "Payload": "bytearray(b\"\\x02\\'\\x18\\x06J\\x00L\\x1cV\\x1a\\x00\\x00\\x01T\\x00E\\x00\\x00\\x00\\x01\")"
}
2019-01-11 17:54:16,506 - SWARM_Simulator - INFO - SWARMUserSensorData sent {
    "UID": 1003,
    "Timestamp": "1547247256.5065467",
    "SensorType": "PullHeartRateMonitor",
    "Payload": "{\"Time\": 1547247256.5065467, \"BPM\": 51.0}"
}
2019-01-11 17:54:16,510 - SWARM_Simulator - INFO - SWARMUserSensorData sent {
    "UID": 1005,
    "Timestamp": "1547247256.5104668",
    "SensorType": "PullGPS",
    "Payload": "bytearray(b\"\\x02\\'a3\\x03\\x00L.M\\x05\\x00\\x00\\x01\\x97\\x00\\xab\\x00\\x00\\x00\\x0b\")"
}
2019-01-11 17:54:16,512 - SWARM_Simulator - INFO - SWARMUserSensorData sent {
    "UID": 1006,
    "Timestamp": "1547247256.512417",
    "SensorType": "PullGPS",
    "Payload": "bytearray(b\"\\x02\\'O+T\\x00L\\x12C%\\x00\\x00\\x02\\x08\\x00\\xc7\\x00\\x00\\x00\\x06\")"
}
2019-01-11 17:54:16,515 - SWARM_Simulator - INFO - SWARMUserSensorData sent {
    "UID": 1001,
    "Timestamp": "1547247256.515423",
    "SensorType": "PullHeartRateMonitor",
    "Payload": "{\"Time\": 1547247256.515423, \"BPM\": 76.0}"
}
2019-01-11 17:54:16,517 - SWARM_Simulator - INFO - SWARMUserSensorData sent {
    "UID": 1009,
    "Timestamp": "1547247256.5173872",
    "SensorType": "PullHeartRateMonitor",
    "Payload": "{\"Time\": 1547247256.5173872, \"BPM\": 115.0}"
}
2019-01-11 17:54:17,419 - SWARM_Simulator - INFO - SWARMUserSensorData sent {
    "UID": 1004,
    "Timestamp": "1547247257.419823",
    "SensorType": "PushGPS",
    "Payload": "bytearray(b\"\\x02\\'BQ\\x0e\\x00L\\x1aVR\\x00\\x00\\x039\\x00\\x12\\x00\\x00\\x00\\n\")"
}
2019-01-11 17:54:19,811 - SWARM_Simulator - INFO - SWARMUserSensorData sent {
    "UID": 1000,
    "Timestamp": "1547247259.8115742",
    "SensorType": "PushGPS",
    "Payload": "bytearray(b\"\\x02\\'*;2\\x00L\\x05M\\x1e\\x00\\x00\\x00\\x16\\x00n\\x00\\x00\\x00\\n\")"
}
2019-01-11 17:54:19,957 - SWARM_Simulator - INFO - SWARMUserSensorData sent {
    "UID": 1007,
    "Timestamp": "1547247259.957217",
    "SensorType": "PushGPS",
    "Payload": "bytearray(b\"\\x02\\'2\\'\\x1a\\x00LF]Y\\x00\\x00\\x01M\\x00\\xa6\\x00\\x00\\x00\\x13\")"
}
2019-01-11 17:54:20,070 - SWARM_Simulator - INFO - SWARMUserSensorData sent {
    "UID": 1008,
    "Timestamp": "1547247260.0703661",
    "SensorType": "PushGPS",
    "Payload": "bytearray(b\"\\x02\\'\\n\\x1c$\\x00L\\tVV\\x00\\x00\\x00\\xc7\\x01X\\x00\\x00\\x00\\x06\")"
}
2019-01-11 17:54:21,159 - SWARM_Simulator - INFO - SWARMUserSensorData sent {
    "UID": 1002,
    "Timestamp": "1547247261.1593451",
    "SensorType": "PushGPS",
    "Payload": "bytearray(b\"\\x02\\'\\x18\\x08\\x00\\x00L\\x1cO`\\x00\\x00\\x01T\\x01K\\x00\\x00\\x00\\x0e\")"
}
2019-01-11 17:54:21,509 - SWARM_Simulator - INFO - SWARMUserSensorData sent {
    "UID": 1003,
    "Timestamp": "1547247261.5090642",
    "SensorType": "PullHeartRateMonitor",
    "Payload": "{\"Time\": 1547247261.5090642, \"BPM\": 48.0}"
}
2019-01-11 17:54:21,513 - SWARM_Simulator - INFO - SWARMUserSensorData sent {
    "UID": 1006,
    "Timestamp": "1547247261.5130782",
    "SensorType": "PullGPS",
    "Payload": "bytearray(b\"\\x02\\'O(\\x0b\\x00L\\x12D#\\x00\\x00\\x02!\\x01)\\x00\\x00\\x00\\x08\")"
}
2019-01-11 17:54:21,513 - SWARM_Simulator - INFO - SWARMUserSensorData sent {
    "UID": 1005,
    "Timestamp": "1547247261.512577",
    "SensorType": "PullGPS",
    "Payload": "bytearray(b\"\\x02\\'a3F\\x00L.I8\\x00\\x00\\x01\\x9a\\x00)\\x00\\x00\\x00\\x07\")"
}
2019-01-11 17:54:21,516 - SWARM_Simulator - INFO - SWARMUserSensorData sent {
    "UID": 1001,
    "Timestamp": "1547247261.51602",
    "SensorType": "PullHeartRateMonitor",
    "Payload": "{\"Time\": 1547247261.51602, \"BPM\": 77.0}"
}
2019-01-11 17:54:21,519 - SWARM_Simulator - INFO - SWARMUserSensorData sent {
    "UID": 1009,
    "Timestamp": "1547247261.517971",
    "SensorType": "PullHeartRateMonitor",
    "Payload": "{\"Time\": 1547247261.517971, \"BPM\": 116.0}"
}
2019-01-11 17:54:22,422 - SWARM_Simulator - INFO - SWARMUserSensorData sent {
    "UID": 1004,
    "Timestamp": "1547247262.422605",
    "SensorType": "PushGPS",
    "Payload": "bytearray(b\"\\x02\\'BVH\\x00L\\x1aR\\x0c\\x00\\x00\\x03%\\x00X\\x00\\x00\\x00\\x10\")"
}
2019-01-11 17:54:24,815 - SWARM_Simulator - INFO - SWARMUserSensorData sent {
    "UID": 1000,
    "Timestamp": "1547247264.8146465",
    "SensorType": "PushGPS",
    "Payload": "bytearray(b\"\\x02\\'*@\\x08\\x00L\\x05L\\n\\x00\\x00\\x00\\x13\\x01U\\x00\\x00\\x00\\n\")"
}
2019-01-11 17:54:24,959 - SWARM_Simulator - INFO - SWARMUserSensorData sent {
    "UID": 1007,
    "Timestamp": "1547247264.959014",
    "SensorType": "PushGPS",
    "Payload": "bytearray(b\"\\x02\\'2#?\\x00LF`\\x13\\x00\\x00\\x01=\\x01C\\x00\\x00\\x00\\t\")"
}
2019-01-11 17:54:25,072 - SWARM_Simulator - INFO - SWARMUserSensorData sent {
    "UID": 1008,
    "Timestamp": "1547247265.0723984",
    "SensorType": "PushGPS",
    "Payload": "bytearray(b\"\\x02\\'\\n\\x1d.\\x00L\\tTR\\x00\\x00\\x00\\xb8\\x00]\\x00\\x00\\x00\\x05\")"
}
2019-01-11 17:54:26,161 - SWARM_Simulator - INFO - SWARMUserSensorData sent {
    "UID": 1002,
    "Timestamp": "1547247266.161497",
    "SensorType": "PushGPS",
    "Payload": "bytearray(b\"\\x02\\'\\x18\\t\\x14\\x00L\\x1cT\\x1d\\x00\\x00\\x01O\\x00\\x10\\x00\\x00\\x00\\t\")"
}
2019-01-11 17:54:26,512 - SWARM_Simulator - INFO - SWARMUserSensorData sent {
    "UID": 1003,
    "Timestamp": "1547247266.5124216",
    "SensorType": "PullHeartRateMonitor",
    "Payload": "{\"Time\": 1547247266.5124216, \"BPM\": 46.0}"
}
2019-01-11 17:54:26,514 - SWARM_Simulator - INFO - SWARMUserSensorData sent {
    "UID": 1006,
    "Timestamp": "1547247266.5143824",
    "SensorType": "PullGPS",
    "Payload": "bytearray(b\"\\x02\\'O$3\\x00L\\x12C\\x17\\x00\\x00\\x02\\x15\\x00\\x83\\x00\\x00\\x00\\x08\")"
}
2019-01-11 17:54:26,516 - SWARM_Simulator - INFO - SWARMUserSensorData sent {
    "UID": 1005,
    "Timestamp": "1547247266.516368",
    "SensorType": "PullGPS",
    "Payload": "bytearray(b\"\\x02\\'a20\\x00L.F5\\x00\\x00\\x01\\x9e\\x01\\x0f\\x00\\x00\\x00\\x07\")"
}
2019-01-11 17:54:26,517 - SWARM_Simulator - INFO - SWARMUserSensorData sent {
    "UID": 1001,
    "Timestamp": "1547247266.5173671",
    "SensorType": "PullHeartRateMonitor",
    "Payload": "{\"Time\": 1547247266.5173671, \"BPM\": 80.0}"
}
2019-01-11 17:54:26,521 - SWARM_Simulator - INFO - SWARMUserSensorData sent {
    "UID": 1009,
    "Timestamp": "1547247266.5219688",
    "SensorType": "PullHeartRateMonitor",
    "Payload": "{\"Time\": 1547247266.5219688, \"BPM\": 115.0}"
}
2019-01-11 17:54:27,424 - SWARM_Simulator - INFO - SWARMUserSensorData sent {
    "UID": 1004,
    "Timestamp": "1547247267.4248893",
    "SensorType": "PushGPS",
    "Payload": "bytearray(b\"\\x02\\'BR!\\x00L\\x1aMF\\x00\\x00\\x03\\x1b\\x00\\xe0\\x00\\x00\\x00\\r\")"
}
2019-01-11 17:54:29,816 - SWARM_Simulator - INFO - SWARMUserSensorData sent {
    "UID": 1000,
    "Timestamp": "1547247269.8169532",
    "SensorType": "PushGPS",
    "Payload": "bytearray(b\"\\x02\\'*?G\\x00L\\x05L?\\x00\\x00\\x00\\x0b\\x00D\\x00\\x00\\x00\\x01\")"
}
2019-01-11 17:54:29,961 - SWARM_Simulator - INFO - SWARMUserSensorData sent {
    "UID": 1007,
    "Timestamp": "1547247269.9614606",
    "SensorType": "PushGPS",
    "Payload": "bytearray(b\"\\x02\\'2\\x1cF\\x00LFb\\x12\\x00\\x00\\x017\\x01\\t\\x00\\x00\\x00\\x10\")"
}
2019-01-11 17:54:30,074 - SWARM_Simulator - INFO - SWARMUserSensorData sent {
    "UID": 1008,
    "Timestamp": "1547247270.0746253",
    "SensorType": "PushGPS",
    "Payload": "bytearray(b\"\\x02\\'\\n\\x1c\\x02\\x00L\\tPa\\x00\\x00\\x00\\xc9\\x00K\\x00\\x00\\x00\\t\")"
}
2019-01-11 17:54:31,163 - SWARM_Simulator - INFO - SWARMUserSensorData sent {
    "UID": 1002,
    "Timestamp": "1547247271.1638412",
    "SensorType": "PushGPS",
    "Payload": "bytearray(b\"\\x02\\'\\x18\\t\\x14\\x00L\\x1cV;\\x00\\x00\\x01Q\\x01\\x03\\x00\\x00\\x00\\x05\")"
}
2019-01-11 17:54:31,514 - SWARM_Simulator - INFO - SWARMUserSensorData sent {
    "UID": 1003,
    "Timestamp": "1547247271.514774",
    "SensorType": "PullHeartRateMonitor",
    "Payload": "{\"Time\": 1547247271.514774, \"BPM\": 52.0}"
}
2019-01-11 17:54:31,516 - SWARM_Simulator - INFO - SWARMUserSensorData sent {
    "UID": 1006,
    "Timestamp": "1547247271.5167317",
    "SensorType": "PullGPS",
    "Payload": "bytearray(b\"\\x02\\'O&\\x07\\x00L\\x12D\\x16\\x00\\x00\\x02\\x19\\x00\\xa9\\x00\\x00\\x00\\x04\")"
}
2019-01-11 17:54:31,519 - SWARM_Simulator - INFO - SWARMUserSensorData sent {
    "UID": 1001,
    "Timestamp": "1547247271.5186868",
    "SensorType": "PullHeartRateMonitor",
    "Payload": "{\"Time\": 1547247271.5186868, \"BPM\": 82.0}"
}
2019-01-11 17:54:31,521 - SWARM_Simulator - INFO - SWARMUserSensorData sent {
    "UID": 1005,
    "Timestamp": "1547247271.5186868",
    "SensorType": "PullGPS",
    "Payload": "bytearray(b\"\\x02\\'a4\\x03\\x00L.K4\\x00\\x00\\x01\\xb1\\x00\\x84\\x00\\x00\\x00\\x0b\")"
}
2019-01-11 17:54:31,523 - SWARM_Simulator - INFO - SWARMUserSensorData sent {
    "UID": 1009,
    "Timestamp": "1547247271.5236316",
    "SensorType": "PullHeartRateMonitor",
    "Payload": "{\"Time\": 1547247271.5236316, \"BPM\": 118.0}"
}
2019-01-11 17:54:32,426 - SWARM_Simulator - INFO - SWARMUserSensorData sent {
    "UID": 1004,
    "Timestamp": "1547247272.426484",
    "SensorType": "PushGPS",
    "Payload": "bytearray(b\"\\x02\\'BPQ\\x00L\\x1aM/\\x00\\x00\\x03)\\x00\\n\\x00\\x00\\x00\\x03\")"
}
2019-01-11 17:54:34,817 - SWARM_Simulator - INFO - SWARMUserSensorData sent {
    "UID": 1000,
    "Timestamp": "1547247274.8177602",
    "SensorType": "PushGPS",
    "Payload": "bytearray(b\"\\x02\\'*=\\x00\\x00L\\x05IV\\x00\\x00\\x00\\x15\\x00\\xf3\\x00\\x00\\x00\\x08\")"
}
2019-01-11 17:54:34,964 - SWARM_Simulator - INFO - SWARMUserSensorData sent {
    "UID": 1007,
    "Timestamp": "1547247274.963566",
    "SensorType": "PushGPS",
    "Payload": "bytearray(b\"\\x02\\'2\\x1d*\\x00LG\\x02\\\\\\x00\\x00\\x016\\x01\\x1d\\x00\\x00\\x00\\n\")"
}
2019-01-11 17:54:35,075 - SWARM_Simulator - INFO - SWARMUserSensorData sent {
    "UID": 1008,
    "Timestamp": "1547247275.0759013",
    "SensorType": "PushGPS",
    "Payload": "bytearray(b\"\\x02\\'\\n\\x1d/\\x00L\\tTV\\x00\\x00\\x00\\xc1\\x00\\x82\\x00\\x00\\x00\\t\")"
}
2019-01-11 17:54:36,165 - SWARM_Simulator - INFO - SWARMUserSensorData sent {
    "UID": 1002,
    "Timestamp": "1547247276.1650598",
    "SensorType": "PushGPS",
    "Payload": "bytearray(b\"\\x02\\'\\x18\\x0b;\\x00L\\x1cW!\\x00\\x00\\x01N\\x01\\'\\x00\\x00\\x00\\x05\")"
}
2019-01-11 17:54:36,518 - SWARM_Simulator - INFO - SWARMUserSensorData sent {
    "UID": 1006,
    "Timestamp": "1547247276.5181897",
    "SensorType": "PullGPS",
    "Payload": "bytearray(b\"\\x02\\'O#\\x02\\x00L\\x12Eb\\x00\\x00\\x02\\x19\\x00\\xbb\\x00\\x00\\x00\\x07\")"
}
2019-01-11 17:54:36,519 - SWARM_Simulator - INFO - SWARMUserSensorData sent {
    "UID": 1003,
    "Timestamp": "1547247276.5181897",
    "SensorType": "PullHeartRateMonitor",
    "Payload": "{\"Time\": 1547247276.5181897, \"BPM\": 58.0}"
}
2019-01-11 17:54:36,522 - SWARM_Simulator - INFO - SWARMUserSensorData sent {
    "UID": 1001,
    "Timestamp": "1547247276.5221083",
    "SensorType": "PullHeartRateMonitor",
    "Payload": "{\"Time\": 1547247276.5221083, \"BPM\": 80.0}"
}
2019-01-11 17:54:36,523 - SWARM_Simulator - INFO - SWARMUserSensorData sent {
    "UID": 1005,
    "Timestamp": "1547247276.5230815",
    "SensorType": "PullGPS",
    "Payload": "bytearray(b\"\\x02\\'a:\\x15\\x00L.I\\x19\\x00\\x00\\x01\\xb7\\x00\\xb3\\x00\\x00\\x00\\x0e\")"
}
2019-01-11 17:54:36,526 - SWARM_Simulator - INFO - SWARMUserSensorData sent {
    "UID": 1009,
    "Timestamp": "1547247276.526019",
    "SensorType": "PullHeartRateMonitor",
    "Payload": "{\"Time\": 1547247276.526019, \"BPM\": 117.0}"
}
2019-01-11 17:54:37,428 - SWARM_Simulator - INFO - SWARMUserSensorData sent {
    "UID": 1004,
    "Timestamp": "1547247277.4281268",
    "SensorType": "PushGPS",
    "Payload": "bytearray(b\"\\x02\\'BQ\\x11\\x00L\\x1aH?\\x00\\x00\\x03%\\x00h\\x00\\x00\\x00\\n\")"
}
2019-01-11 17:54:39,821 - SWARM_Simulator - INFO - SWARMUserSensorData sent {
    "UID": 1000,
    "Timestamp": "1547247279.821275",
    "SensorType": "PushGPS",
    "Payload": "bytearray(b\"\\x02\\'*8,\\x00L\\x05I-\\x00\\x00\\x00\\x0e\\x01A\\x00\\x00\\x00\\n\")"
}
2019-01-11 17:54:39,965 - SWARM_Simulator - INFO - SWARMUserSensorData sent {
    "UID": 1007,
    "Timestamp": "1547247279.9656315",
    "SensorType": "PushGPS",
    "Payload": "bytearray(b\"\\x02\\'2\\x18_\\x00LG\\n/\\x00\\x00\\x01E\\x00\\x98\\x00\\x00\\x00\\x13\")"
}
2019-01-11 17:54:40,077 - SWARM_Simulator - INFO - SWARMUserSensorData sent {
    "UID": 1008,
    "Timestamp": "1547247280.077768",
    "SensorType": "PushGPS",
    "Payload": "bytearray(b\"\\x02\\'\\n\\x1dK\\x00L\\tV\\x00\\x00\\x00\\x00\\xc8\\x00D\\x00\\x00\\x00\\x02\")"
}
2019-01-11 17:54:41,167 - SWARM_Simulator - INFO - SWARMUserSensorData sent {
    "UID": 1002,
    "Timestamp": "1547247281.1677556",
    "SensorType": "PushGPS",
    "Payload": "bytearray(b\"\\x02\\'\\x18\\n&\\x00L\\x1cW3\\x00\\x00\\x01J\\x00\\xdb\\x00\\x00\\x00\\x02\")"
}
2019-01-11 17:54:41,520 - SWARM_Simulator - INFO - SWARMUserSensorData sent {
    "UID": 1006,
    "Timestamp": "1547247281.520812",
    "SensorType": "PullGPS",
    "Payload": "bytearray(b\"\\x02\\'O$D\\x00L\\x12GS\\x00\\x00\\x022\\x00/\\x00\\x00\\x00\\x05\")"
}
2019-01-11 17:54:41,524 - SWARM_Simulator - INFO - SWARMUserSensorData sent {
    "UID": 1001,
    "Timestamp": "1547247281.524719",
    "SensorType": "PullHeartRateMonitor",
    "Payload": "{\"Time\": 1547247281.524719, \"BPM\": 81.0}"
}
2019-01-11 17:54:41,524 - SWARM_Simulator - INFO - SWARMUserSensorData sent {
    "UID": 1003,
    "Timestamp": "1547247281.522762",
    "SensorType": "PullHeartRateMonitor",
    "Payload": "{\"Time\": 1547247281.522762, \"BPM\": 58.0}"
}
2019-01-11 17:54:41,528 - SWARM_Simulator - INFO - SWARMUserSensorData sent {
    "UID": 1005,
    "Timestamp": "1547247281.524719",
    "SensorType": "PullGPS",
    "Payload": "bytearray(b\"\\x02\\'aB%\\x00L.K#\\x00\\x00\\x01\\xaf\\x00\\xda\\x00\\x00\\x00\\x12\")"
}
2019-01-11 17:54:41,529 - SWARM_Simulator - INFO - SWARMUserSensorData sent {
    "UID": 1009,
    "Timestamp": "1547247281.5266757",
    "SensorType": "PullHeartRateMonitor",
    "Payload": "{\"Time\": 1547247281.5266757, \"BPM\": 116.0}"
}
2019-01-11 17:54:42,431 - SWARM_Simulator - INFO - SWARMUserSensorData sent {
    "UID": 1004,
    "Timestamp": "1547247282.4316273",
    "SensorType": "PushGPS",
    "Payload": "bytearray(b\"\\x02\\'BQK\\x00L\\x1aBG\\x00\\x00\\x03$\\x00\\xef\\x00\\x00\\x00\\r\")"
}
2019-01-11 17:54:44,824 - SWARM_Simulator - INFO - SWARMUserSensorData sent {
    "UID": 1000,
    "Timestamp": "1547247284.8241029",
    "SensorType": "PushGPS",
    "Payload": "bytearray(b\"\\x02\\'*:X\\x00L\\x05GH\\x00\\x00\\x00\\x15\\x005\\x00\\x00\\x00\\x06\")"
}
2019-01-11 17:54:44,968 - SWARM_Simulator - INFO - SWARMUserSensorData sent {
    "UID": 1007,
    "Timestamp": "1547247284.968095",
    "SensorType": "PushGPS",
    "Payload": "bytearray(b\"\\x02\\'2\\x0fK\\x00LG\\x08N\\x00\\x00\\x011\\x01K\\x00\\x00\\x00\\x14\")"
}
2019-01-11 17:54:45,079 - SWARM_Simulator - INFO - SWARMUserSensorData sent {
    "UID": 1008,
    "Timestamp": "1547247285.079047",
    "SensorType": "PushGPS",
    "Payload": "bytearray(b\"\\x02\\'\\n\\x1f\\x12\\x00L\\tTF\\x00\\x00\\x00\\xc2\\x00\\xe6\\x00\\x00\\x00\\x04\")"
}
2019-01-11 17:54:46,168 - SWARM_Simulator - INFO - SWARMUserSensorData sent {
    "UID": 1002,
    "Timestamp": "1547247286.168802",
    "SensorType": "PushGPS",
    "Payload": "bytearray(b\"\\x02\\'\\x18\\x0b\\r\\x00L\\x1cWC\\x00\\x00\\x01M\\x00\\x12\\x00\\x00\\x00\\x01\")"
}
2019-01-11 17:54:46,523 - SWARM_Simulator - INFO - SWARMUserSensorData sent {
    "UID": 1006,
    "Timestamp": "1547247286.5234232",
    "SensorType": "PullGPS",
    "Payload": "bytearray(b'\\x02\\'O\"9\\x00L\\x12H\\x07\\x00\\x00\\x02\\x19\\x00\\xcb\\x00\\x00\\x00\\x04')"
}
2019-01-11 17:54:46,527 - SWARM_Simulator - INFO - SWARMUserSensorData sent {
    "UID": 1001,
    "Timestamp": "1547247286.5273452",
    "SensorType": "PullHeartRateMonitor",
    "Payload": "{\"Time\": 1547247286.5273452, \"BPM\": 79.0}"
}
2019-01-11 17:54:46,530 - SWARM_Simulator - INFO - SWARMUserSensorData sent {
    "UID": 1003,
    "Timestamp": "1547247286.530278",
    "SensorType": "PullHeartRateMonitor",
    "Payload": "{\"Time\": 1547247286.530278, \"BPM\": 60.0}"
}
2019-01-11 17:54:46,531 - SWARM_Simulator - INFO - SWARMUserSensorData sent {
    "UID": 1005,
    "Timestamp": "1547247286.530278",
    "SensorType": "PullGPS",
    "Payload": "bytearray(b\"\\x02\\'aA\\x04\\x00L.KD\\x00\\x00\\x01\\xbf\\x00p\\x00\\x00\\x00\\x03\")"
}
2019-01-11 17:54:46,531 - SWARM_Simulator - INFO - SWARMUserSensorData sent {
    "UID": 1009,
    "Timestamp": "1547247286.531251",
    "SensorType": "PullHeartRateMonitor",
    "Payload": "{\"Time\": 1547247286.531251, \"BPM\": 120.0}"
}
2019-01-11 17:54:47,435 - SWARM_Simulator - INFO - SWARMUserSensorData sent {
    "UID": 1004,
    "Timestamp": "1547247287.4350147",
    "SensorType": "PushGPS",
    "Payload": "bytearray(b\"\\x02\\'BV7\\x00L\\x1aD\\x17\\x00\\x00\\x03+\\x00\\xba\\x00\\x00\\x00\\x0b\")"
}
2019-01-11 17:54:49,827 - SWARM_Simulator - INFO - SWARMUserSensorData sent {
    "UID": 1000,
    "Timestamp": "1547247289.8267589",
    "SensorType": "PushGPS",
    "Payload": "bytearray(b\"\\x02\\'*5S\\x00L\\x05J\\x03\\x00\\x00\\x00\\x0b\\x00\\x88\\x00\\x00\\x00\\x0c\")"
}
2019-01-11 17:54:49,970 - SWARM_Simulator - INFO - SWARMUserSensorData sent {
    "UID": 1007,
    "Timestamp": "1547247289.970431",
    "SensorType": "PushGPS",
    "Payload": "bytearray(b\"\\x02\\'2\\x103\\x00LG\\x06F\\x00\\x00\\x01-\\x00[\\x00\\x00\\x00\\x04\")"
}
2019-01-11 17:54:50,080 - SWARM_Simulator - INFO - SWARMUserSensorData sent {
    "UID": 1008,
    "Timestamp": "1547247290.080981",
    "SensorType": "PushGPS",
    "Payload": "bytearray(b\"\\x02\\'\\n \\x05\\x00L\\tT\\x07\\x00\\x00\\x00\\xcf\\x004\\x00\\x00\\x00\\x02\")"
}
2019-01-11 17:54:51,170 - SWARM_Simulator - INFO - SWARMUserSensorData sent {
    "UID": 1002,
    "Timestamp": "1547247291.1705341",
    "SensorType": "PushGPS",
    "Payload": "bytearray(b\"\\x02\\'\\x18\\x0b\\x00\\x00L\\x1cQU\\x00\\x00\\x01M\\x01\\x18\\x00\\x00\\x00\\x0c\")"
}
2019-01-11 17:54:51,526 - SWARM_Simulator - INFO - SWARMUserSensorData sent {
    "UID": 1006,
    "Timestamp": "1547247291.526034",
    "SensorType": "PullGPS",
    "Payload": "bytearray(b\"\\x02\\'O\\x1f2\\x00L\\x12J&\\x00\\x00\\x01\\xfa\\x01Z\\x00\\x00\\x00\\x08\")"
}
2019-01-11 17:54:51,530 - SWARM_Simulator - INFO - SWARMUserSensorData sent {
    "UID": 1001,
    "Timestamp": "1547247291.5280418",
    "SensorType": "PullHeartRateMonitor",
    "Payload": "{\"Time\": 1547247291.5280418, \"BPM\": 76.0}"
}
2019-01-11 17:54:51,532 - SWARM_Simulator - INFO - SWARMUserSensorData sent {
    "UID": 1003,
    "Timestamp": "1547247291.531044",
    "SensorType": "PullHeartRateMonitor",
    "Payload": "{\"Time\": 1547247291.531044, \"BPM\": 59.0}"
}
2019-01-11 17:54:51,534 - SWARM_Simulator - INFO - SWARMUserSensorData sent {
    "UID": 1005,
    "Timestamp": "1547247291.5325446",
    "SensorType": "PullGPS",
    "Payload": "bytearray(b'\\x02\\'aIc\\x00L.G\"\\x00\\x00\\x01\\xba\\x01F\\x00\\x00\\x00\\x16')"
}
2019-01-11 17:54:51,536 - SWARM_Simulator - INFO - SWARMUserSensorData sent {
    "UID": 1009,
    "Timestamp": "1547247291.535031",
    "SensorType": "PullHeartRateMonitor",
    "Payload": "{\"Time\": 1547247291.535031, \"BPM\": 124.0}"
}
2019-01-11 17:54:52,437 - SWARM_Simulator - INFO - SWARMUserSensorData sent {
    "UID": 1004,
    "Timestamp": "1547247292.4365802",
    "SensorType": "PushGPS",
    "Payload": "bytearray(b'\\x02\\'BR\\x18\\x00L\\x1aC\\x12\\x00\\x00\\x03,\\x00\"\\x00\\x00\\x00\\t')"
}
2019-01-11 17:54:54,829 - SWARM_Simulator - INFO - SWARMUserSensorData sent {
    "UID": 1000,
    "Timestamp": "1547247294.8290834",
    "SensorType": "PushGPS",
    "Payload": "bytearray(b\"\\x02\\'*:!\\x00L\\x05F[\\x00\\x00\\x00\\x07\\x01[\\x00\\x00\\x00\\x0c\")"
}
2019-01-11 17:54:54,972 - SWARM_Simulator - INFO - SWARMUserSensorData sent {
    "UID": 1007,
    "Timestamp": "1547247294.9723363",
    "SensorType": "PushGPS",
    "Payload": "bytearray(b\"\\x02\\'2\\x131\\x00LG\\x06J\\x00\\x00\\x01C\\x00t\\x00\\x00\\x00\\x06\")"
}
2019-01-11 17:54:55,082 - SWARM_Simulator - INFO - SWARMUserSensorData sent {
    "UID": 1008,
    "Timestamp": "1547247295.0828083",
    "SensorType": "PushGPS",
    "Payload": "bytearray(b\"\\x02\\'\\n R\\x00L\\tP\\x08\\x00\\x00\\x00\\xc3\\x01\\x0e\\x00\\x00\\x00\\t\")"
}
2019-01-11 17:54:56,172 - SWARM_Simulator - INFO - SWARMUserSensorData sent {
    "UID": 1002,
    "Timestamp": "1547247296.1728377",
    "SensorType": "PushGPS",
    "Payload": "bytearray(b\"\\x02\\'\\x18\\x0b\\x1a\\x00L\\x1cY\\x19\\x00\\x00\\x01H\\x00\\xb4\\x00\\x00\\x00\\x10\")"
}
2019-01-11 17:54:56,528 - SWARM_Simulator - INFO - SWARMUserSensorData sent {
    "UID": 1006,
    "Timestamp": "1547247296.5287905",
    "SensorType": "PullGPS",
    "Payload": "bytearray(b\"\\x02\\'O\\x1b5\\x00L\\x12L\\x1b\\x00\\x00\\x01\\xf5\\x01W\\x00\\x00\\x00\\t\")"
}
2019-01-11 17:54:56,531 - SWARM_Simulator - INFO - SWARMUserSensorData sent {
    "UID": 1001,
    "Timestamp": "1547247296.53173",
    "SensorType": "PullHeartRateMonitor",
    "Payload": "{\"Time\": 1547247296.53173, \"BPM\": 78.0}"
}
2019-01-11 17:54:56,533 - SWARM_Simulator - INFO - SWARMUserSensorData sent {
    "UID": 1003,
    "Timestamp": "1547247296.5336852",
    "SensorType": "PullHeartRateMonitor",
    "Payload": "{\"Time\": 1547247296.5336852, \"BPM\": 53.0}"
}
2019-01-11 17:54:56,535 - SWARM_Simulator - INFO - SWARMUserSensorData sent {
    "UID": 1005,
    "Timestamp": "1547247296.5356436",
    "SensorType": "PullGPS",
    "Payload": "bytearray(b\"\\x02\\'aI[\\x00L.?9\\x00\\x00\\x01\\xbd\\x01+\\x00\\x00\\x00\\x11\")"
}
2019-01-11 17:54:56,537 - SWARM_Simulator - INFO - SWARMUserSensorData sent {
    "UID": 1009,
    "Timestamp": "1547247296.5377142",
    "SensorType": "PullHeartRateMonitor",
    "Payload": "{\"Time\": 1547247296.5377142, \"BPM\": 122.0}"
}
2019-01-11 17:54:57,439 - SWARM_Simulator - INFO - SWARMUserSensorData sent {
    "UID": 1004,
    "Timestamp": "1547247297.439845",
    "SensorType": "PushGPS",
    "Payload": "bytearray(b\"\\x02\\'BTH\\x00L\\x1a?#\\x00\\x00\\x03:\\x00\\xf9\\x00\\x00\\x00\\n\")"
}
2019-01-11 17:54:59,831 - SWARM_Simulator - INFO - SWARMUserSensorData sent {
    "UID": 1000,
    "Timestamp": "1547247299.8317943",
    "SensorType": "PushGPS",
    "Payload": "bytearray(b\"\\x02\\'*:\\x01\\x00L\\x05C\\x1d\\x00\\x00\\x00\\x05\\x00>\\x00\\x00\\x00\\x08\")"
}
2019-01-11 17:54:59,974 - SWARM_Simulator - INFO - SWARMUserSensorData sent {
    "UID": 1007,
    "Timestamp": "1547247299.9740665",
    "SensorType": "PushGPS",
    "Payload": "bytearray(b\"\\x02\\'2\\t>\\x00LG\\x08A\\x00\\x00\\x01Y\\x00j\\x00\\x00\\x00\\x16\")"
}
2019-01-11 17:55:00,083 - SWARM_Simulator - INFO - SWARMUserSensorData sent {
    "UID": 1008,
    "Timestamp": "1547247300.0839694",
    "SensorType": "PushGPS",
    "Payload": "bytearray(b\"\\x02\\'\\n E\\x00L\\tLB\\x00\\x00\\x00\\xc8\\x00\\xb4\\x00\\x00\\x00\\x07\")"
}
2019-01-11 17:55:01,175 - SWARM_Simulator - INFO - SWARMUserSensorData sent {
    "UID": 1002,
    "Timestamp": "1547247301.1758444",
    "SensorType": "PushGPS",
    "Payload": "bytearray(b\"\\x02\\'\\x18\\r6\\x00L\\x1c_A\\x00\\x00\\x01G\\x00\\xbf\\x00\\x00\\x00\\x0f\")"
}
2019-01-11 17:55:01,532 - SWARM_Simulator - INFO - SWARMUserSensorData sent {
    "UID": 1006,
    "Timestamp": "1547247301.5321684",
    "SensorType": "PullGPS",
    "Payload": "bytearray(b\"\\x02\\'O\\x1eO\\x00L\\x12K\\x1b\\x00\\x00\\x01\\xed\\x00\\xe5\\x00\\x00\\x00\\x07\")"
}
2019-01-11 17:55:01,533 - SWARM_Simulator - INFO - SWARMUserSensorData sent {
    "UID": 1001,
    "Timestamp": "1547247301.5331407",
    "SensorType": "PullHeartRateMonitor",
    "Payload": "{\"Time\": 1547247301.5331407, \"BPM\": 75.0}"
}
2019-01-11 17:55:01,537 - SWARM_Simulator - INFO - SWARMUserSensorData sent {
    "UID": 1003,
    "Timestamp": "1547247301.5351012",
    "SensorType": "PullHeartRateMonitor",
    "Payload": "{\"Time\": 1547247301.5351012, \"BPM\": 58.0}"
}
2019-01-11 17:55:01,539 - SWARM_Simulator - INFO - SWARMUserSensorData sent {
    "UID": 1009,
    "Timestamp": "1547247301.53901",
    "SensorType": "PullHeartRateMonitor",
    "Payload": "{\"Time\": 1547247301.53901, \"BPM\": 116.0}"
}
2019-01-11 17:55:01,540 - SWARM_Simulator - INFO - SWARMUserSensorData sent {
    "UID": 1005,
    "Timestamp": "1547247301.538033",
    "SensorType": "PullGPS",
    "Payload": "bytearray(b\"\\x02\\'aDC\\x00L.C\\x1a\\x00\\x00\\x01\\xd1\\x00\\xb0\\x00\\x00\\x00\\x0e\")"
}
2019-01-11 17:55:02,443 - SWARM_Simulator - INFO - SWARMUserSensorData sent {
    "UID": 1004,
    "Timestamp": "1547247302.4433625",
    "SensorType": "PushGPS",
    "Payload": "bytearray(b\"\\x02\\'BUG\\x00L\\x1aAG\\x00\\x00\\x039\\x00\\xa7\\x00\\x00\\x00\\x05\")"
}
2019-01-11 17:55:04,834 - SWARM_Simulator - INFO - SWARMUserSensorData sent {
    "UID": 1000,
    "Timestamp": "1547247304.83465",
    "SensorType": "PushGPS",
    "Payload": "bytearray(b\"\\x02\\'*6\\x16\\x00L\\x05F@\\x00\\x00\\x00\\x00\\x00u\\x00\\x00\\x00\\x0b\")"
}
2019-01-11 17:55:04,975 - SWARM_Simulator - INFO - SWARMUserSensorData sent {
    "UID": 1007,
    "Timestamp": "1547247304.975957",
    "SensorType": "PushGPS",
    "Payload": "bytearray(b\"\\x02\\'2\\rK\\x00LG\\n\\x10\\x00\\x00\\x01a\\x01e\\x00\\x00\\x00\\t\")"
}
2019-01-11 17:55:05,086 - SWARM_Simulator - INFO - SWARMUserSensorData sent {
    "UID": 1008,
    "Timestamp": "1547247305.0855744",
    "SensorType": "PushGPS",
    "Payload": "bytearray(b\"\\x02\\'\\n!]\\x00L\\tNV\\x00\\x00\\x00\\xc6\\x00x\\x00\\x00\\x00\\x05\")"
}
2019-01-11 17:55:06,177 - SWARM_Simulator - INFO - SWARMUserSensorData sent {
    "UID": 1002,
    "Timestamp": "1547247306.1774404",
    "SensorType": "PushGPS",
    "Payload": "bytearray(b\"\\x02\\'\\x18\\x0c\\x10\\x00L\\x1c`F\\x00\\x00\\x01H\\x00b\\x00\\x00\\x00\\x03\")"
}
2019-01-11 17:55:06,534 - SWARM_Simulator - INFO - SWARMUserSensorData sent {
    "UID": 1006,
    "Timestamp": "1547247306.5341792",
    "SensorType": "PullGPS",
    "Payload": "bytearray(b\"\\x02\\'O c\\x00L\\x12HO\\x00\\x00\\x02\\x0c\\x00=\\x00\\x00\\x00\\x07\")"
}
2019-01-11 17:55:06,535 - SWARM_Simulator - INFO - SWARMUserSensorData sent {
    "UID": 1001,
    "Timestamp": "1547247306.5356784",
    "SensorType": "PullHeartRateMonitor",
    "Payload": "{\"Time\": 1547247306.5356784, \"BPM\": 76.0}"
}
2019-01-11 17:55:06,538 - SWARM_Simulator - INFO - SWARMUserSensorData sent {
    "UID": 1003,
    "Timestamp": "1547247306.5386822",
    "SensorType": "PullHeartRateMonitor",
    "Payload": "{\"Time\": 1547247306.5386822, \"BPM\": 55.0}"
}
2019-01-11 17:55:06,541 - SWARM_Simulator - INFO - SWARMUserSensorData sent {
    "UID": 1009,
    "Timestamp": "1547247306.541184",
    "SensorType": "PullHeartRateMonitor",
    "Payload": "{\"Time\": 1547247306.541184, \"BPM\": 120.0}"
}
2019-01-11 17:55:06,543 - SWARM_Simulator - INFO - SWARMUserSensorData sent {
    "UID": 1005,
    "Timestamp": "1547247306.5421844",
    "SensorType": "PullGPS",
    "Payload": "bytearray(b\"\\x02\\'aM<\\x00L.GY\\x00\\x00\\x01\\xd4\\x00c\\x00\\x00\\x00\\x16\")"
}
2019-01-11 17:55:07,445 - SWARM_Simulator - INFO - SWARMUserSensorData sent {
    "UID": 1004,
    "Timestamp": "1547247307.4450717",
    "SensorType": "PushGPS",
    "Payload": "bytearray(b\"\\x02\\'BX]\\x00L\\x1a;W\\x00\\x00\\x03.\\x00/\\x00\\x00\\x00\\x0e\")"
}
