2019-01-02 15:11:41,525 - SWARM_Simulator - INFO - UID: 1000
Sensors: 
 SID: 100
 type: PullHeartRateMonitor updateFrequency: 5.0 rateMult: 1 bpm: 93

2019-01-02 15:11:41,525 - SWARM_Simulator - INFO - UID: 1001
Sensors: 
 SID: 100
 type: PushGPS updateFrequency: 5.0 latMult: 7 longMult: 7 altMult: 2

2019-01-02 15:11:41,526 - SWARM_Simulator - INFO - UID: 1002
Sensors: 
 SID: 100
 type: PullGPS updateFrequency: 5.0 latMult: 2 longMult: 5 altMult: 4

2019-01-02 15:11:41,526 - SWARM_Simulator - INFO - UID: 1003
Sensors: 
 SID: 100
 type: PullGPS updateFrequency: 5.0 latMult: 1 longMult: 2 altMult: 8

2019-01-02 15:11:41,526 - SWARM_Simulator - INFO - UID: 1004
Sensors: 
 SID: 100
 type: PushGPS updateFrequency: 5.0 latMult: 3 longMult: 10 altMult: 5

2019-01-02 15:11:41,526 - SWARM_Simulator - INFO - UID: 1005
Sensors: 
 SID: 100
 type: PullHeartRateMonitor updateFrequency: 5.0 rateMult: 1 bpm: 50

2019-01-02 15:11:41,527 - SWARM_Simulator - INFO - UID: 1006
Sensors: 
 SID: 100
 type: PullGPS updateFrequency: 5.0 latMult: 9 longMult: 1 altMult: 9

2019-01-02 15:11:41,527 - SWARM_Simulator - INFO - UID: 1007
Sensors: 
 SID: 100
 type: PullGPS updateFrequency: 5.0 latMult: 5 longMult: 8 altMult: 1

2019-01-02 15:11:41,527 - SWARM_Simulator - INFO - UID: 1008
Sensors: 
 SID: 100
 type: PullHeartRateMonitor updateFrequency: 5.0 rateMult: 2 bpm: 152

2019-01-02 15:11:41,527 - SWARM_Simulator - INFO - UID: 1009
Sensors: 
 SID: 100
 type: PullHeartRateMonitor updateFrequency: 5.0 rateMult: 3 bpm: 157

2019-01-02 15:11:41,528 - SWARM_Simulator - INFO - started sensor SID: 100
 type: PullHeartRateMonitor updateFrequency: 5.0 rateMult: 1 bpm: 95.0 for UID: 1000
Sensors: 
 SID: 100
 type: PullHeartRateMonitor updateFrequency: 5.0 rateMult: 1 bpm: 95.0

2019-01-02 15:11:41,698 - SWARM_Simulator - INFO - started sensor SID: 100
 type: PushGPS updateFrequency: 5.0 latMult: 7 longMult: 7 altMult: 2 for UID: 1001
Sensors: 
 SID: 100
 type: PushGPS updateFrequency: 5.0 latMult: 7 longMult: 7 altMult: 2

2019-01-02 15:11:42,090 - SWARM_Simulator - INFO - started sensor SID: 100
 type: PullGPS updateFrequency: 5.0 latMult: 2 longMult: 5 altMult: 4 for UID: 1002
Sensors: 
 SID: 100
 type: PullGPS updateFrequency: 5.0 latMult: 2 longMult: 5 altMult: 4

2019-01-02 15:11:42,310 - SWARM_Simulator - INFO - started sensor SID: 100
 type: PullGPS updateFrequency: 5.0 latMult: 1 longMult: 2 altMult: 8 for UID: 1003
Sensors: 
 SID: 100
 type: PullGPS updateFrequency: 5.0 latMult: 1 longMult: 2 altMult: 8

2019-01-02 15:11:43,292 - SWARM_Simulator - INFO - started sensor SID: 100
 type: PushGPS updateFrequency: 5.0 latMult: 3 longMult: 10 altMult: 5 for UID: 1004
Sensors: 
 SID: 100
 type: PushGPS updateFrequency: 5.0 latMult: 3 longMult: 10 altMult: 5

2019-01-02 15:11:43,863 - SWARM_Simulator - INFO - started sensor SID: 100
 type: PullHeartRateMonitor updateFrequency: 5.0 rateMult: 1 bpm: 51.0 for UID: 1005
Sensors: 
 SID: 100
 type: PullHeartRateMonitor updateFrequency: 5.0 rateMult: 1 bpm: 51.0

2019-01-02 15:11:44,574 - SWARM_Simulator - INFO - started sensor SID: 100
 type: PullGPS updateFrequency: 5.0 latMult: 9 longMult: 1 altMult: 9 for UID: 1006
Sensors: 
 SID: 100
 type: PullGPS updateFrequency: 5.0 latMult: 9 longMult: 1 altMult: 9

2019-01-02 15:11:44,815 - SWARM_Simulator - INFO - started sensor SID: 100
 type: PullGPS updateFrequency: 5.0 latMult: 5 longMult: 8 altMult: 1 for UID: 1007
Sensors: 
 SID: 100
 type: PullGPS updateFrequency: 5.0 latMult: 5 longMult: 8 altMult: 1

2019-01-02 15:11:45,725 - SWARM_Simulator - INFO - started sensor SID: 100
 type: PullHeartRateMonitor updateFrequency: 5.0 rateMult: 2 bpm: 152.0 for UID: 1008
Sensors: 
 SID: 100
 type: PullHeartRateMonitor updateFrequency: 5.0 rateMult: 2 bpm: 152.0

2019-01-02 15:11:45,946 - SWARM_Simulator - INFO - started sensor SID: 100
 type: PullHeartRateMonitor updateFrequency: 5.0 rateMult: 3 bpm: 163.0 for UID: 1009
Sensors: 
 SID: 100
 type: PullHeartRateMonitor updateFrequency: 5.0 rateMult: 3 bpm: 163.0

