2019-01-14 17:01:48,807 - SWARM_Simulator - INFO - Connecting to Kafka...
2019-01-14 17:01:49,053 - SWARM_Simulator - INFO - connected to Kafka at ['192.168.34.181:9092']
2019-01-14 17:01:49,054 - SWARM_Simulator - INFO - UID: 1000
Sensors: 
 SID: 100
 type: PullHeartRateMonitor updateFrequency: 5.0 rateMult: 1 bpm: 88

2019-01-14 17:01:49,054 - SWARM_Simulator - INFO - UID: 1001
Sensors: 
 SID: 100
 type: PullHeartRateMonitor updateFrequency: 5.0 rateMult: 1 bpm: 71

2019-01-14 17:01:49,054 - SWARM_Simulator - INFO - UID: 1002
Sensors: 
 SID: 100
 type: PullGPS updateFrequency: 5.0 latMult: 8 longMult: 3 altMult: 9

2019-01-14 17:01:49,055 - SWARM_Simulator - INFO - UID: 1003
Sensors: 
 SID: 100
 type: PushGPS updateFrequency: 5.0 latMult: 7 longMult: 4 altMult: 1

2019-01-14 17:01:49,055 - SWARM_Simulator - INFO - UID: 1004
Sensors: 
 SID: 100
 type: PullGPS updateFrequency: 5.0 latMult: 6 longMult: 9 altMult: 3

2019-01-14 17:01:49,055 - SWARM_Simulator - INFO - UID: 1005
Sensors: 
 SID: 100
 type: PullGPS updateFrequency: 5.0 latMult: 9 longMult: 6 altMult: 7

2019-01-14 17:01:49,055 - SWARM_Simulator - INFO - UID: 1006
Sensors: 
 SID: 100
 type: PullGPS updateFrequency: 5.0 latMult: 2 longMult: 1 altMult: 3

2019-01-14 17:01:49,055 - SWARM_Simulator - INFO - UID: 1007
Sensors: 
 SID: 100
 type: PullGPS updateFrequency: 5.0 latMult: 1 longMult: 7 altMult: 9

2019-01-14 17:01:49,055 - SWARM_Simulator - INFO - UID: 1008
Sensors: 
 SID: 100
 type: PushGPS updateFrequency: 5.0 latMult: 8 longMult: 3 altMult: 10

2019-01-14 17:01:49,056 - SWARM_Simulator - INFO - UID: 1009
Sensors: 
 SID: 100
 type: PullHeartRateMonitor updateFrequency: 5.0 rateMult: 2 bpm: 61

2019-01-14 17:01:49,056 - SWARM_Simulator - INFO - started sensor SID: 100
 type: PullHeartRateMonitor updateFrequency: 5.0 rateMult: 1 bpm: 88.0 for UID: 1000
Sensors: 
 SID: 100
 type: PullHeartRateMonitor updateFrequency: 5.0 rateMult: 1 bpm: 88.0

2019-01-14 17:01:50,037 - SWARM_Simulator - INFO - started sensor SID: 100
 type: PullHeartRateMonitor updateFrequency: 5.0 rateMult: 1 bpm: 68.0 for UID: 1001
Sensors: 
 SID: 100
 type: PullHeartRateMonitor updateFrequency: 5.0 rateMult: 1 bpm: 68.0

2019-01-14 17:01:50,618 - SWARM_Simulator - INFO - started sensor SID: 100
 type: PullGPS updateFrequency: 5.0 latMult: 8 longMult: 3 altMult: 9 for UID: 1002
Sensors: 
 SID: 100
 type: PullGPS updateFrequency: 5.0 latMult: 8 longMult: 3 altMult: 9

2019-01-14 17:01:51,440 - SWARM_Simulator - INFO - started sensor SID: 100
 type: PushGPS updateFrequency: 5.0 latMult: 7 longMult: 4 altMult: 1 for UID: 1003
Sensors: 
 SID: 100
 type: PushGPS updateFrequency: 5.0 latMult: 7 longMult: 4 altMult: 1

2019-01-14 17:01:51,441 - SWARM_Simulator - INFO - SWARMUserSensorData sent {
    "UID": 1003,
    "Timestamp": "1547503311.4400327",
    "SensorType": "PushGPS",
    "Payload": "022727390d004c0c3f4a0000020f000d00000003"
}
2019-01-14 17:01:51,772 - SWARM_Simulator - INFO - started sensor SID: 100
 type: PullGPS updateFrequency: 5.0 latMult: 6 longMult: 9 altMult: 3 for UID: 1004
Sensors: 
 SID: 100
 type: PullGPS updateFrequency: 5.0 latMult: 6 longMult: 9 altMult: 3

2019-01-14 17:01:52,113 - SWARM_Simulator - INFO - started sensor SID: 100
 type: PullGPS updateFrequency: 5.0 latMult: 9 longMult: 6 altMult: 7 for UID: 1005
Sensors: 
 SID: 100
 type: PullGPS updateFrequency: 5.0 latMult: 9 longMult: 6 altMult: 7

2019-01-14 17:01:52,924 - SWARM_Simulator - INFO - started sensor SID: 100
 type: PullGPS updateFrequency: 5.0 latMult: 2 longMult: 1 altMult: 3 for UID: 1006
Sensors: 
 SID: 100
 type: PullGPS updateFrequency: 5.0 latMult: 2 longMult: 1 altMult: 3

2019-01-14 17:01:53,364 - SWARM_Simulator - INFO - started sensor SID: 100
 type: PullGPS updateFrequency: 5.0 latMult: 1 longMult: 7 altMult: 9 for UID: 1007
Sensors: 
 SID: 100
 type: PullGPS updateFrequency: 5.0 latMult: 1 longMult: 7 altMult: 9

2019-01-14 17:01:53,726 - SWARM_Simulator - INFO - started sensor SID: 100
 type: PushGPS updateFrequency: 5.0 latMult: 8 longMult: 3 altMult: 10 for UID: 1008
Sensors: 
 SID: 100
 type: PushGPS updateFrequency: 5.0 latMult: 8 longMult: 3 altMult: 10

2019-01-14 17:01:53,727 - SWARM_Simulator - INFO - SWARMUserSensorData sent {
    "UID": 1008,
    "Timestamp": "1547503313.726009",
    "SensorType": "PushGPS",
    "Payload": "022754211f004c29344f0000007f004800000008"
}
2019-01-14 17:01:54,089 - SWARM_Simulator - INFO - started sensor SID: 100
 type: PullHeartRateMonitor updateFrequency: 5.0 rateMult: 2 bpm: 57.0 for UID: 1009
Sensors: 
 SID: 100
 type: PullHeartRateMonitor updateFrequency: 5.0 rateMult: 2 bpm: 57.0

2019-01-14 17:01:54,211 - SWARM_Simulator - INFO - SWARMUserSensorData sent {
    "UID": 1000,
    "Timestamp": "1547503314.2105482",
    "SensorType": "PullHeartRateMonitor",
    "Payload": "{\"Time\": 1547503314.2105482, \"BPM\": 91.0}"
}
2019-01-14 17:01:54,217 - SWARM_Simulator - INFO - SWARMUserSensorData sent {
    "UID": 1001,
    "Timestamp": "1547503314.2134767",
    "SensorType": "PullHeartRateMonitor",
    "Payload": "{\"Time\": 1547503314.2134767, \"BPM\": 68.0}"
}
2019-01-14 17:01:54,220 - SWARM_Simulator - INFO - SWARMUserSensorData sent {
    "UID": 1002,
    "Timestamp": "1547503314.2164092",
    "SensorType": "PullGPS",
    "Payload": "022755154d004c301d510000037300f10000000a"
}
2019-01-14 17:01:54,222 - SWARM_Simulator - INFO - SWARMUserSensorData sent {
    "UID": 1004,
    "Timestamp": "1547503314.2193468",
    "SensorType": "PullGPS",
    "Payload": "0227550c3b004c1e1d51000001ab016300000007"
}
2019-01-14 17:01:54,222 - SWARM_Simulator - INFO - SWARMUserSensorData sent {
    "UID": 1005,
    "Timestamp": "1547503314.2212956",
    "SensorType": "PullGPS",
    "Payload": "02270a2c3d004c252f4e0000001900cb0000000f"
}
2019-01-14 17:01:54,224 - SWARM_Simulator - INFO - SWARMUserSensorData sent {
    "UID": 1006,
    "Timestamp": "1547503314.2232878",
    "SensorType": "PullGPS",
    "Payload": "02272f1010004c472c4900000109001a00000001"
}
2019-01-14 17:01:54,224 - SWARM_Simulator - INFO - SWARMUserSensorData sent {
    "UID": 1007,
    "Timestamp": "1547503314.2242699",
    "SensorType": "PullGPS",
    "Payload": "02275a164d004c2159000000004d004700000003"
}
2019-01-14 17:01:54,225 - SWARM_Simulator - INFO - SWARMUserSensorData sent {
    "UID": 1009,
    "Timestamp": "1547503314.2242699",
    "SensorType": "PullHeartRateMonitor",
    "Payload": "{\"Time\": 1547503314.2242699, \"BPM\": 57.0}"
}
2019-01-14 17:01:56,443 - SWARM_Simulator - INFO - SWARMUserSensorData sent {
    "UID": 1003,
    "Timestamp": "1547503316.4433763",
    "SensorType": "PushGPS",
    "Payload": "0227273c12004c0c3c530000020e00e100000009"
}
2019-01-14 17:01:58,730 - SWARM_Simulator - INFO - SWARMUserSensorData sent {
    "UID": 1008,
    "Timestamp": "1547503318.7302158",
    "SensorType": "PushGPS",
    "Payload": "0227542732004c2936370000005701180000000e"
}
2019-01-14 17:01:59,216 - SWARM_Simulator - INFO - SWARMUserSensorData sent {
    "UID": 1000,
    "Timestamp": "1547503319.2150512",
    "SensorType": "PullHeartRateMonitor",
    "Payload": "{\"Time\": 1547503319.2150512, \"BPM\": 91.0}"
}
2019-01-14 17:01:59,218 - SWARM_Simulator - INFO - SWARMUserSensorData sent {
    "UID": 1001,
    "Timestamp": "1547503319.2180543",
    "SensorType": "PullHeartRateMonitor",
    "Payload": "{\"Time\": 1547503319.2180543, \"BPM\": 70.0}"
}
2019-01-14 17:01:59,221 - SWARM_Simulator - INFO - SWARMUserSensorData sent {
    "UID": 1002,
    "Timestamp": "1547503319.2215567",
    "SensorType": "PullGPS",
    "Payload": "0227551a1e004c301c0f00000398008f0000000a"
}
2019-01-14 17:01:59,223 - SWARM_Simulator - INFO - SWARMUserSensorData sent {
    "UID": 1005,
    "Timestamp": "1547503319.2235582",
    "SensorType": "PullGPS",
    "Payload": "02270a3412004c252d4d00000038015c00000011"
}
2019-01-14 17:01:59,224 - SWARM_Simulator - INFO - SWARMUserSensorData sent {
    "UID": 1004,
    "Timestamp": "1547503319.2235582",
    "SensorType": "PullGPS",
    "Payload": "0227550831004c1e1900000001a801530000000e"
}
2019-01-14 17:01:59,226 - SWARM_Simulator - INFO - SWARMUserSensorData sent {
    "UID": 1006,
    "Timestamp": "1547503319.2250593",
    "SensorType": "PullGPS",
    "Payload": "02272f0e3b004c472c2e00000105009e00000003"
}
2019-01-14 17:01:59,226 - SWARM_Simulator - INFO - SWARMUserSensorData sent {
    "UID": 1009,
    "Timestamp": "1547503319.22606",
    "SensorType": "PullHeartRateMonitor",
    "Payload": "{\"Time\": 1547503319.22606, \"BPM\": 60.0}"
}
2019-01-14 17:01:59,226 - SWARM_Simulator - INFO - SWARMUserSensorData sent {
    "UID": 1007,
    "Timestamp": "1547503319.2255585",
    "SensorType": "PullGPS",
    "Payload": "02275a1551004c215d1c0000004900f700000009"
}
2019-01-14 17:02:01,445 - SWARM_Simulator - INFO - SWARMUserSensorData sent {
    "UID": 1003,
    "Timestamp": "1547503321.444533",
    "SensorType": "PushGPS",
    "Payload": "0227273853004c0c404e0000020900ca0000000b"
}
2019-01-14 17:02:03,732 - SWARM_Simulator - INFO - SWARMUserSensorData sent {
    "UID": 1008,
    "Timestamp": "1547503323.7316165",
    "SensorType": "PushGPS",
    "Payload": "0227542f25004c29365800000060004700000011"
}
2019-01-14 17:02:04,217 - SWARM_Simulator - INFO - SWARMUserSensorData sent {
    "UID": 1000,
    "Timestamp": "1547503324.2174394",
    "SensorType": "PullHeartRateMonitor",
    "Payload": "{\"Time\": 1547503324.2174394, \"BPM\": 88.0}"
}
2019-01-14 17:02:04,219 - SWARM_Simulator - INFO - SWARMUserSensorData sent {
    "UID": 1001,
    "Timestamp": "1547503324.2189403",
    "SensorType": "PullHeartRateMonitor",
    "Payload": "{\"Time\": 1547503324.2189403, \"BPM\": 68.0}"
}
2019-01-14 17:02:04,222 - SWARM_Simulator - INFO - SWARMUserSensorData sent {
    "UID": 1002,
    "Timestamp": "1547503324.2229433",
    "SensorType": "PullGPS",
    "Payload": "0227551c05004c301e58000003a4014200000007"
}
2019-01-14 17:02:04,224 - SWARM_Simulator - INFO - SWARMUserSensorData sent {
    "UID": 1005,
    "Timestamp": "1547503324.2249444",
    "SensorType": "PullGPS",
    "Payload": "02270a2b62004c25293500000039013900000014"
}
2019-01-14 17:02:04,227 - SWARM_Simulator - INFO - SWARMUserSensorData sent {
    "UID": 1009,
    "Timestamp": "1547503324.2269459",
    "SensorType": "PullHeartRateMonitor",
    "Payload": "{\"Time\": 1547503324.2269459, \"BPM\": 65.0}"
}
2019-01-14 17:02:04,227 - SWARM_Simulator - INFO - SWARMUserSensorData sent {
    "UID": 1004,
    "Timestamp": "1547503324.2259448",
    "SensorType": "PullGPS",
    "Payload": "0227550a11004c1e1e4e000001b7006d0000000d"
}
2019-01-14 17:02:04,229 - SWARM_Simulator - INFO - SWARMUserSensorData sent {
    "UID": 1006,
    "Timestamp": "1547503324.2269459",
    "SensorType": "PullGPS",
    "Payload": "02272f0c63004c472c3e00000100002100000003"
}
2019-01-14 17:02:04,229 - SWARM_Simulator - INFO - SWARMUserSensorData sent {
    "UID": 1007,
    "Timestamp": "1547503324.2284465",
    "SensorType": "PullGPS",
    "Payload": "02275a161e004c21561d0000007600af0000000f"
}
2019-01-14 17:02:06,445 - SWARM_Simulator - INFO - SWARMUserSensorData sent {
    "UID": 1003,
    "Timestamp": "1547503326.4455483",
    "SensorType": "PushGPS",
    "Payload": "022727363b004c0c3f4a0000020a00e700000005"
}
2019-01-14 17:02:08,733 - SWARM_Simulator - INFO - SWARMUserSensorData sent {
    "UID": 1008,
    "Timestamp": "1547503328.732607",
    "SensorType": "PushGPS",
    "Payload": "0227542d00004c2934430000004a00a400000007"
}
2019-01-14 17:02:09,218 - SWARM_Simulator - INFO - SWARMUserSensorData sent {
    "UID": 1000,
    "Timestamp": "1547503329.2189472",
    "SensorType": "PullHeartRateMonitor",
    "Payload": "{\"Time\": 1547503329.2189472, \"BPM\": 88.0}"
}
2019-01-14 17:02:09,220 - SWARM_Simulator - INFO - SWARMUserSensorData sent {
    "UID": 1001,
    "Timestamp": "1547503329.2204483",
    "SensorType": "PullHeartRateMonitor",
    "Payload": "{\"Time\": 1547503329.2204483, \"BPM\": 66.0}"
}
2019-01-14 17:02:09,224 - SWARM_Simulator - INFO - SWARMUserSensorData sent {
    "UID": 1002,
    "Timestamp": "1547503329.224451",
    "SensorType": "PullGPS",
    "Payload": "0227551624004c3021340000039401270000000d"
}
2019-01-14 17:02:09,226 - SWARM_Simulator - INFO - SWARMUserSensorData sent {
    "UID": 1005,
    "Timestamp": "1547503329.226452",
    "SensorType": "PullGPS",
    "Payload": "02270a3162004c2526450000004a00110000000e"
}
2019-01-14 17:02:09,228 - SWARM_Simulator - INFO - SWARMUserSensorData sent {
    "UID": 1009,
    "Timestamp": "1547503329.2289538",
    "SensorType": "PullHeartRateMonitor",
    "Payload": "{\"Time\": 1547503329.2289538, \"BPM\": 62.0}"
}
2019-01-14 17:02:09,230 - SWARM_Simulator - INFO - SWARMUserSensorData sent {
    "UID": 1004,
    "Timestamp": "1547503329.2299547",
    "SensorType": "PullGPS",
    "Payload": "0227550a4a004c1e2237000001b200b400000008"
}
2019-01-14 17:02:09,231 - SWARM_Simulator - INFO - SWARMUserSensorData sent {
    "UID": 1006,
    "Timestamp": "1547503329.2309554",
    "SensorType": "PullGPS",
    "Payload": "02272f0d12004c472b5c00000105002100000001"
}
2019-01-14 17:02:09,231 - SWARM_Simulator - INFO - SWARMUserSensorData sent {
    "UID": 1007,
    "Timestamp": "1547503329.2314556",
    "SensorType": "PullGPS",
    "Payload": "02275a1553004c2150410000006800890000000c"
}
2019-01-14 17:02:11,448 - SWARM_Simulator - INFO - SWARMUserSensorData sent {
    "UID": 1003,
    "Timestamp": "1547503331.4471421",
    "SensorType": "PushGPS",
    "Payload": "022727342a004c0c432d0000020f004a00000009"
}
2019-01-14 17:02:13,734 - SWARM_Simulator - INFO - SWARMUserSensorData sent {
    "UID": 1008,
    "Timestamp": "1547503333.7344224",
    "SensorType": "PushGPS",
    "Payload": "0227542a5b004c29344c0000006a002100000004"
}
2019-01-14 17:02:14,220 - SWARM_Simulator - INFO - SWARMUserSensorData sent {
    "UID": 1000,
    "Timestamp": "1547503334.2202766",
    "SensorType": "PullHeartRateMonitor",
    "Payload": "{\"Time\": 1547503334.2202766, \"BPM\": 90.0}"
}
2019-01-14 17:02:14,221 - SWARM_Simulator - INFO - SWARMUserSensorData sent {
    "UID": 1001,
    "Timestamp": "1547503334.2217765",
    "SensorType": "PullHeartRateMonitor",
    "Payload": "{\"Time\": 1547503334.2217765, \"BPM\": 66.0}"
}
2019-01-14 17:02:14,226 - SWARM_Simulator - INFO - SWARMUserSensorData sent {
    "UID": 1002,
    "Timestamp": "1547503334.2257802",
    "SensorType": "PullGPS",
    "Payload": "0227551640004c3022160000038d015000000001"
}
2019-01-14 17:02:14,227 - SWARM_Simulator - INFO - SWARMUserSensorData sent {
    "UID": 1005,
    "Timestamp": "1547503334.2277815",
    "SensorType": "PullGPS",
    "Payload": "02270a2a01004c2527610000004500c100000011"
}
2019-01-14 17:02:14,231 - SWARM_Simulator - INFO - SWARMUserSensorData sent {
    "UID": 1009,
    "Timestamp": "1547503334.2312841",
    "SensorType": "PullHeartRateMonitor",
    "Payload": "{\"Time\": 1547503334.2312841, \"BPM\": 63.0}"
}
2019-01-14 17:02:14,232 - SWARM_Simulator - INFO - SWARMUserSensorData sent {
    "UID": 1004,
    "Timestamp": "1547503334.2322826",
    "SensorType": "PullGPS",
    "Payload": "0227550d4a004c1e2228000001c000b700000006"
}
2019-01-14 17:02:14,233 - SWARM_Simulator - INFO - SWARMUserSensorData sent {
    "UID": 1006,
    "Timestamp": "1547503334.233285",
    "SensorType": "PullGPS",
    "Payload": "02272f0c1d004c472b3b00000104014400000002"
}
2019-01-14 17:02:14,233 - SWARM_Simulator - INFO - SWARMUserSensorData sent {
    "UID": 1007,
    "Timestamp": "1547503334.233285",
    "SensorType": "PullGPS",
    "Payload": "02275a1544004c214f0c00000061003300000003"
}
2019-01-14 17:02:16,449 - SWARM_Simulator - INFO - SWARMUserSensorData sent {
    "UID": 1003,
    "Timestamp": "1547503336.448868",
    "SensorType": "PushGPS",
    "Payload": "0227273408004c0c46480000020f012300000007"
}
2019-01-14 17:02:18,735 - SWARM_Simulator - INFO - SWARMUserSensorData sent {
    "UID": 1008,
    "Timestamp": "1547503338.7359498",
    "SensorType": "PushGPS",
    "Payload": "0227542f2d004c2935490000009701520000000a"
}
2019-01-14 17:02:19,221 - SWARM_Simulator - INFO - SWARMUserSensorData sent {
    "UID": 1000,
    "Timestamp": "1547503339.2214",
    "SensorType": "PullHeartRateMonitor",
    "Payload": "{\"Time\": 1547503339.2214, \"BPM\": 91.0}"
}
2019-01-14 17:02:19,223 - SWARM_Simulator - INFO - SWARMUserSensorData sent {
    "UID": 1001,
    "Timestamp": "1547503339.2233493",
    "SensorType": "PullHeartRateMonitor",
    "Payload": "{\"Time\": 1547503339.2233493, \"BPM\": 69.0}"
}
2019-01-14 17:02:19,228 - SWARM_Simulator - INFO - SWARMUserSensorData sent {
    "UID": 1002,
    "Timestamp": "1547503339.228239",
    "SensorType": "PullGPS",
    "Payload": "0227551755004c302505000003b6005300000006"
}
2019-01-14 17:02:19,229 - SWARM_Simulator - INFO - SWARMUserSensorData sent {
    "UID": 1005,
    "Timestamp": "1547503339.2292163",
    "SensorType": "PullGPS",
    "Payload": "02270a2c29004c252a520000002f005f00000008"
}
2019-01-14 17:02:19,233 - SWARM_Simulator - INFO - SWARMUserSensorData sent {
    "UID": 1004,
    "Timestamp": "1547503339.2331274",
    "SensorType": "PullGPS",
    "Payload": "0227551044004c1e2961000001cf002f00000012"
}
2019-01-14 17:02:19,234 - SWARM_Simulator - INFO - SWARMUserSensorData sent {
    "UID": 1007,
    "Timestamp": "1547503339.2341027",
    "SensorType": "PullGPS",
    "Payload": "02275a1535004c21545c0000008900780000000c"
}
2019-01-14 17:02:19,234 - SWARM_Simulator - INFO - SWARMUserSensorData sent {
    "UID": 1009,
    "Timestamp": "1547503339.2331274",
    "SensorType": "PullHeartRateMonitor",
    "Payload": "{\"Time\": 1547503339.2331274, \"BPM\": 69.0}"
}
2019-01-14 17:02:19,236 - SWARM_Simulator - INFO - SWARMUserSensorData sent {
    "UID": 1006,
    "Timestamp": "1547503339.2341027",
    "SensorType": "PullGPS",
    "Payload": "02272f0a4f004c472b0400000103002100000003"
}
2019-01-14 17:02:21,450 - SWARM_Simulator - INFO - SWARMUserSensorData sent {
    "UID": 1003,
    "Timestamp": "1547503341.4508493",
    "SensorType": "PushGPS",
    "Payload": "0227273200004c0c48360000021000e900000006"
}
2019-01-14 17:02:23,737 - SWARM_Simulator - INFO - SWARMUserSensorData sent {
    "UID": 1008,
    "Timestamp": "1547503343.7372458",
    "SensorType": "PushGPS",
    "Payload": "0227543249004c29332f000000af00ed00000008"
}
2019-01-14 17:02:24,223 - SWARM_Simulator - INFO - SWARMUserSensorData sent {
    "UID": 1000,
    "Timestamp": "1547503344.2230005",
    "SensorType": "PullHeartRateMonitor",
    "Payload": "{\"Time\": 1547503344.2230005, \"BPM\": 88.0}"
}
2019-01-14 17:02:24,226 - SWARM_Simulator - INFO - SWARMUserSensorData sent {
    "UID": 1001,
    "Timestamp": "1547503344.2249663",
    "SensorType": "PullHeartRateMonitor",
    "Payload": "{\"Time\": 1547503344.2249663, \"BPM\": 69.0}"
}
2019-01-14 17:02:24,229 - SWARM_Simulator - INFO - SWARMUserSensorData sent {
    "UID": 1002,
    "Timestamp": "1547503344.228877",
    "SensorType": "PullGPS",
    "Payload": "0227551317004c302250000003b300ee0000000b"
}
2019-01-14 17:02:24,231 - SWARM_Simulator - INFO - SWARMUserSensorData sent {
    "UID": 1005,
    "Timestamp": "1547503344.231805",
    "SensorType": "PullGPS",
    "Payload": "02270a2c3d004c2528310000001f016700000005"
}
2019-01-14 17:02:24,235 - SWARM_Simulator - INFO - SWARMUserSensorData sent {
    "UID": 1004,
    "Timestamp": "1547503344.2357156",
    "SensorType": "PullGPS",
    "Payload": "0227551243004c1e321c000001c3007d00000012"
}
2019-01-14 17:02:24,236 - SWARM_Simulator - INFO - SWARMUserSensorData sent {
    "UID": 1009,
    "Timestamp": "1547503344.2366946",
    "SensorType": "PullHeartRateMonitor",
    "Payload": "{\"Time\": 1547503344.2366946, \"BPM\": 67.0}"
}
2019-01-14 17:02:24,237 - SWARM_Simulator - INFO - SWARMUserSensorData sent {
    "UID": 1006,
    "Timestamp": "1547503344.2376716",
    "SensorType": "PullGPS",
    "Payload": "02272f0a2d004c472b5a0000010b005d00000002"
}
2019-01-14 17:02:24,238 - SWARM_Simulator - INFO - SWARMUserSensorData sent {
    "UID": 1007,
    "Timestamp": "1547503344.2366946",
    "SensorType": "PullGPS",
    "Payload": "02275a161b004c215540000000a2015a00000002"
}
2019-01-14 17:02:26,452 - SWARM_Simulator - INFO - SWARMUserSensorData sent {
    "UID": 1003,
    "Timestamp": "1547503346.4523149",
    "SensorType": "PushGPS",
    "Payload": "022727381c004c0c491b0000020b01270000000e"
}
2019-01-14 17:02:28,739 - SWARM_Simulator - INFO - SWARMUserSensorData sent {
    "UID": 1008,
    "Timestamp": "1547503348.7398262",
    "SensorType": "PushGPS",
    "Payload": "022754360e004c29331c000000e0006300000007"
}
2019-01-14 17:02:29,225 - SWARM_Simulator - INFO - SWARMUserSensorData sent {
    "UID": 1000,
    "Timestamp": "1547503349.2252822",
    "SensorType": "PullHeartRateMonitor",
    "Payload": "{\"Time\": 1547503349.2252822, \"BPM\": 85.0}"
}
2019-01-14 17:02:29,228 - SWARM_Simulator - INFO - SWARMUserSensorData sent {
    "UID": 1001,
    "Timestamp": "1547503349.228226",
    "SensorType": "PullHeartRateMonitor",
    "Payload": "{\"Time\": 1547503349.228226, \"BPM\": 71.0}"
}
2019-01-14 17:02:29,232 - SWARM_Simulator - INFO - SWARMUserSensorData sent {
    "UID": 1002,
    "Timestamp": "1547503349.2321377",
    "SensorType": "PullGPS",
    "Payload": "022755121f004c302249000003d7014600000002"
}
2019-01-14 17:02:29,235 - SWARM_Simulator - INFO - SWARMUserSensorData sent {
    "UID": 1005,
    "Timestamp": "1547503349.2350647",
    "SensorType": "PullGPS",
    "Payload": "02270a2e4a004c25230c0000003500fc0000000c"
}
2019-01-14 17:02:29,237 - SWARM_Simulator - INFO - SWARMUserSensorData sent {
    "UID": 1004,
    "Timestamp": "1547503349.2370257",
    "SensorType": "PullGPS",
    "Payload": "0227551348004c1e3342000001c300c100000003"
}
2019-01-14 17:02:29,237 - SWARM_Simulator - INFO - SWARMUserSensorData sent {
    "UID": 1009,
    "Timestamp": "1547503349.2379982",
    "SensorType": "PullHeartRateMonitor",
    "Payload": "{\"Time\": 1547503349.2379982, \"BPM\": 63.0}"
}
2019-01-14 17:02:29,239 - SWARM_Simulator - INFO - SWARMUserSensorData sent {
    "UID": 1007,
    "Timestamp": "1547503349.2399547",
    "SensorType": "PullGPS",
    "Payload": "02275a164f004c21512b000000b300ef00000009"
}
2019-01-14 17:02:29,240 - SWARM_Simulator - INFO - SWARMUserSensorData sent {
    "UID": 1006,
    "Timestamp": "1547503349.2399547",
    "SensorType": "PullGPS",
    "Payload": "02272f0a43004c472b2d00000118012200000001"
}
2019-01-14 17:02:31,454 - SWARM_Simulator - INFO - SWARMUserSensorData sent {
    "UID": 1003,
    "Timestamp": "1547503351.454967",
    "SensorType": "PushGPS",
    "Payload": "0227273c63004c0c4c2500000209006f0000000c"
}
2019-01-14 17:02:33,741 - SWARM_Simulator - INFO - SWARMUserSensorData sent {
    "UID": 1008,
    "Timestamp": "1547503353.7411568",
    "SensorType": "PushGPS",
    "Payload": "0227543332004c29345a000000b500df00000006"
}
2019-01-14 17:02:34,228 - SWARM_Simulator - INFO - SWARMUserSensorData sent {
    "UID": 1000,
    "Timestamp": "1547503354.228071",
    "SensorType": "PullHeartRateMonitor",
    "Payload": "{\"Time\": 1547503354.228071, \"BPM\": 86.0}"
}
2019-01-14 17:02:34,230 - SWARM_Simulator - INFO - SWARMUserSensorData sent {
    "UID": 1001,
    "Timestamp": "1547503354.230998",
    "SensorType": "PullHeartRateMonitor",
    "Payload": "{\"Time\": 1547503354.230998, \"BPM\": 69.0}"
}
2019-01-14 17:02:34,233 - SWARM_Simulator - INFO - SWARMUserSensorData sent {
    "UID": 1002,
    "Timestamp": "1547503354.2339363",
    "SensorType": "PullGPS",
    "Payload": "0227551600004c30253d000003d200010000000a"
}
2019-01-14 17:02:34,236 - SWARM_Simulator - INFO - SWARMUserSensorData sent {
    "UID": 1005,
    "Timestamp": "1547503354.236865",
    "SensorType": "PullGPS",
    "Payload": "02270a3636004c25280c0000002a00f000000014"
}
2019-01-14 17:02:34,238 - SWARM_Simulator - INFO - SWARMUserSensorData sent {
    "UID": 1004,
    "Timestamp": "1547503354.2388198",
    "SensorType": "PullGPS",
    "Payload": "0227551120004c1e324e000001c900a600000005"
}
2019-01-14 17:02:34,238 - SWARM_Simulator - INFO - SWARMUserSensorData sent {
    "UID": 1009,
    "Timestamp": "1547503354.2388198",
    "SensorType": "PullHeartRateMonitor",
    "Payload": "{\"Time\": 1547503354.2388198, \"BPM\": 61.0}"
}
2019-01-14 17:02:34,241 - SWARM_Simulator - INFO - SWARMUserSensorData sent {
    "UID": 1007,
    "Timestamp": "1547503354.2417533",
    "SensorType": "PullGPS",
    "Payload": "02275a1740004c21570e000000a5006e0000000c"
}
2019-01-14 17:02:34,241 - SWARM_Simulator - INFO - SWARMUserSensorData sent {
    "UID": 1006,
    "Timestamp": "1547503354.2417533",
    "SensorType": "PullGPS",
    "Payload": "02272f0c26004c472b0100000122013f00000003"
}
2019-01-14 17:02:36,457 - SWARM_Simulator - INFO - SWARMUserSensorData sent {
    "UID": 1003,
    "Timestamp": "1547503356.4572556",
    "SensorType": "PushGPS",
    "Payload": "0227273b61004c0c4a3a0000020900ad00000004"
}
2019-01-14 17:02:38,742 - SWARM_Simulator - INFO - SWARMUserSensorData sent {
    "UID": 1008,
    "Timestamp": "1547503358.7428977",
    "SensorType": "PushGPS",
    "Payload": "0227543b1f004c293238000000b7002e00000012"
}
2019-01-14 17:02:39,229 - SWARM_Simulator - INFO - SWARMUserSensorData sent {
    "UID": 1000,
    "Timestamp": "1547503359.2299392",
    "SensorType": "PullHeartRateMonitor",
    "Payload": "{\"Time\": 1547503359.2299392, \"BPM\": 89.0}"
}
2019-01-14 17:02:39,232 - SWARM_Simulator - INFO - SWARMUserSensorData sent {
    "UID": 1001,
    "Timestamp": "1547503359.2328715",
    "SensorType": "PullHeartRateMonitor",
    "Payload": "{\"Time\": 1547503359.2328715, \"BPM\": 69.0}"
}
2019-01-14 17:02:39,235 - SWARM_Simulator - INFO - SWARMUserSensorData sent {
    "UID": 1002,
    "Timestamp": "1547503359.2358053",
    "SensorType": "PullGPS",
    "Payload": "0227550e04004c302436000003e2009d00000011"
}
2019-01-14 17:02:39,238 - SWARM_Simulator - INFO - SWARMUserSensorData sent {
    "UID": 1005,
    "Timestamp": "1547503359.238738",
    "SensorType": "PullGPS",
    "Payload": "02270a3312004c252d210000004800fa0000000d"
}
2019-01-14 17:02:39,240 - SWARM_Simulator - INFO - SWARMUserSensorData sent {
    "UID": 1004,
    "Timestamp": "1547503359.239715",
    "SensorType": "PullGPS",
    "Payload": "0227550f50004c1e3a62000001d5010000000012"
}
2019-01-14 17:02:39,242 - SWARM_Simulator - INFO - SWARMUserSensorData sent {
    "UID": 1009,
    "Timestamp": "1547503359.240691",
    "SensorType": "PullHeartRateMonitor",
    "Payload": "{\"Time\": 1547503359.240691, \"BPM\": 62.0}"
}
2019-01-14 17:02:39,243 - SWARM_Simulator - INFO - SWARMUserSensorData sent {
    "UID": 1007,
    "Timestamp": "1547503359.2436256",
    "SensorType": "PullGPS",
    "Payload": "02275a171f004c21562d00000093008a00000001"
}
2019-01-14 17:02:39,243 - SWARM_Simulator - INFO - SWARMUserSensorData sent {
    "UID": 1006,
    "Timestamp": "1547503359.2436256",
    "SensorType": "PullGPS",
    "Payload": "02272f0b3e004c472b340000012900d900000002"
}
2019-01-14 17:02:41,458 - SWARM_Simulator - INFO - SWARMUserSensorData sent {
    "UID": 1003,
    "Timestamp": "1547503361.4586887",
    "SensorType": "PushGPS",
    "Payload": "0227273760004c0c4d5200000205011d0000000b"
}
2019-01-14 17:02:43,745 - SWARM_Simulator - INFO - SWARMUserSensorData sent {
    "UID": 1008,
    "Timestamp": "1547503363.7449622",
    "SensorType": "PushGPS",
    "Payload": "0227543940004c292f62000000a8015c00000006"
}
2019-01-14 17:02:44,231 - SWARM_Simulator - INFO - SWARMUserSensorData sent {
    "UID": 1000,
    "Timestamp": "1547503364.2312376",
    "SensorType": "PullHeartRateMonitor",
    "Payload": "{\"Time\": 1547503364.2312376, \"BPM\": 92.0}"
}
2019-01-14 17:02:44,234 - SWARM_Simulator - INFO - SWARMUserSensorData sent {
    "UID": 1001,
    "Timestamp": "1547503364.2341814",
    "SensorType": "PullHeartRateMonitor",
    "Payload": "{\"Time\": 1547503364.2341814, \"BPM\": 68.0}"
}
2019-01-14 17:02:44,239 - SWARM_Simulator - INFO - SWARMUserSensorData sent {
    "UID": 1002,
    "Timestamp": "1547503364.2380927",
    "SensorType": "PullGPS",
    "Payload": "022755135f004c30234d0000040801120000000d"
}
2019-01-14 17:02:44,240 - SWARM_Simulator - INFO - SWARMUserSensorData sent {
    "UID": 1005,
    "Timestamp": "1547503364.2400422",
    "SensorType": "PullGPS",
    "Payload": "02270a3921004c25273300000064001e00000012"
}
2019-01-14 17:02:44,242 - SWARM_Simulator - INFO - SWARMUserSensorData sent {
    "UID": 1009,
    "Timestamp": "1547503364.2429836",
    "SensorType": "PullHeartRateMonitor",
    "Payload": "{\"Time\": 1547503364.2429836, \"BPM\": 59.0}"
}
2019-01-14 17:02:44,242 - SWARM_Simulator - INFO - SWARMUserSensorData sent {
    "UID": 1004,
    "Timestamp": "1547503364.2429836",
    "SensorType": "PullGPS",
    "Payload": "0227550b37004c1e413f000001d500c600000011"
}
2019-01-14 17:02:44,245 - SWARM_Simulator - INFO - SWARMUserSensorData sent {
    "UID": 1007,
    "Timestamp": "1547503364.2449305",
    "SensorType": "PullGPS",
    "Payload": "02275a181c004c215528000000b0000d00000003"
}
2019-01-14 17:02:44,246 - SWARM_Simulator - INFO - SWARMUserSensorData sent {
    "UID": 1006,
    "Timestamp": "1547503364.2459075",
    "SensorType": "PullGPS",
    "Payload": "02272f0b36004c472c050000011b00df00000001"
}
2019-01-14 17:02:46,460 - SWARM_Simulator - INFO - SWARMUserSensorData sent {
    "UID": 1003,
    "Timestamp": "1547503366.4604826",
    "SensorType": "PushGPS",
    "Payload": "0227273635004c0c4d5200000203006800000003"
}
2019-01-14 17:02:48,748 - SWARM_Simulator - INFO - SWARMUserSensorData sent {
    "UID": 1008,
    "Timestamp": "1547503368.7482536",
    "SensorType": "PushGPS",
    "Payload": "0227543654004c292d0300000090009100000009"
}
2019-01-14 17:02:49,233 - SWARM_Simulator - INFO - SWARMUserSensorData sent {
    "UID": 1000,
    "Timestamp": "1547503369.2330992",
    "SensorType": "PullHeartRateMonitor",
    "Payload": "{\"Time\": 1547503369.2330992, \"BPM\": 93.0}"
}
2019-01-14 17:02:49,236 - SWARM_Simulator - INFO - SWARMUserSensorData sent {
    "UID": 1001,
    "Timestamp": "1547503369.2360296",
    "SensorType": "PullHeartRateMonitor",
    "Payload": "{\"Time\": 1547503369.2360296, \"BPM\": 70.0}"
}
2019-01-14 17:02:49,240 - SWARM_Simulator - INFO - SWARMUserSensorData sent {
    "UID": 1002,
    "Timestamp": "1547503369.240916",
    "SensorType": "PullGPS",
    "Payload": "022755101c004c302126000003f0016200000009"
}
2019-01-14 17:02:49,241 - SWARM_Simulator - INFO - SWARMUserSensorData sent {
    "UID": 1005,
    "Timestamp": "1547503369.241893",
    "SensorType": "PullGPS",
    "Payload": "02270a3a0a004c252b5b00000042006800000009"
}
2019-01-14 17:02:49,245 - SWARM_Simulator - INFO - SWARMUserSensorData sent {
    "UID": 1009,
    "Timestamp": "1547503369.2458036",
    "SensorType": "PullHeartRateMonitor",
    "Payload": "{\"Time\": 1547503369.2458036, \"BPM\": 60.0}"
}
2019-01-14 17:02:49,246 - SWARM_Simulator - INFO - SWARMUserSensorData sent {
    "UID": 1004,
    "Timestamp": "1547503369.246781",
    "SensorType": "PullGPS",
    "Payload": "022755060f004c1e4938000001e1005800000015"
}
2019-01-14 17:02:49,248 - SWARM_Simulator - INFO - SWARMUserSensorData sent {
    "UID": 1007,
    "Timestamp": "1547503369.2487366",
    "SensorType": "PullGPS",
    "Payload": "02275a1919004c21574b000000b400d900000005"
}
2019-01-14 17:02:49,248 - SWARM_Simulator - INFO - SWARMUserSensorData sent {
    "UID": 1006,
    "Timestamp": "1547503369.2487366",
    "SensorType": "PullGPS",
    "Payload": "02272f0c55004c472c290000011c011e00000003"
}
2019-01-14 17:02:51,462 - SWARM_Simulator - INFO - SWARMUserSensorData sent {
    "UID": 1003,
    "Timestamp": "1547503371.4624557",
    "SensorType": "PushGPS",
    "Payload": "0227273047004c0c4c5100000208010d0000000d"
}
2019-01-14 17:02:53,750 - SWARM_Simulator - INFO - SWARMUserSensorData sent {
    "UID": 1008,
    "Timestamp": "1547503373.7500794",
    "SensorType": "PushGPS",
    "Payload": "0227542f0c004c292f62000000bf003400000012"
}
2019-01-14 17:02:54,235 - SWARM_Simulator - INFO - SWARMUserSensorData sent {
    "UID": 1000,
    "Timestamp": "1547503374.2355492",
    "SensorType": "PullHeartRateMonitor",
    "Payload": "{\"Time\": 1547503374.2355492, \"BPM\": 93.0}"
}
2019-01-14 17:02:54,238 - SWARM_Simulator - INFO - SWARMUserSensorData sent {
    "UID": 1001,
    "Timestamp": "1547503374.2384808",
    "SensorType": "PullHeartRateMonitor",
    "Payload": "{\"Time\": 1547503374.2384808, \"BPM\": 70.0}"
}
2019-01-14 17:02:54,242 - SWARM_Simulator - INFO - SWARMUserSensorData sent {
    "UID": 1002,
    "Timestamp": "1547503374.2423902",
    "SensorType": "PullGPS",
    "Payload": "0227551260004c301e44000003fc010100000008"
}
2019-01-14 17:02:54,243 - SWARM_Simulator - INFO - SWARMUserSensorData sent {
    "UID": 1005,
    "Timestamp": "1547503374.243368",
    "SensorType": "PullGPS",
    "Payload": "02270a3e4e004c25295a0000006400ac0000000b"
}
2019-01-14 17:02:54,248 - SWARM_Simulator - INFO - SWARMUserSensorData sent {
    "UID": 1004,
    "Timestamp": "1547503374.2482579",
    "SensorType": "PullGPS",
    "Payload": "0227550519004c1e4316000001d700d10000000e"
}
2019-01-14 17:02:54,248 - SWARM_Simulator - INFO - SWARMUserSensorData sent {
    "UID": 1009,
    "Timestamp": "1547503374.2482579",
    "SensorType": "PullHeartRateMonitor",
    "Payload": "{\"Time\": 1547503374.2482579, \"BPM\": 64.0}"
}
2019-01-14 17:02:54,250 - SWARM_Simulator - INFO - SWARMUserSensorData sent {
    "UID": 1007,
    "Timestamp": "1547503374.2502127",
    "SensorType": "PullGPS",
    "Payload": "02275a1a08004c21593d0000008f004000000004"
}
2019-01-14 17:02:54,251 - SWARM_Simulator - INFO - SWARMUserSensorData sent {
    "UID": 1006,
    "Timestamp": "1547503374.2502127",
    "SensorType": "PullGPS",
    "Payload": "02272f0e07004c472c2b0000012a00e100000002"
}
2019-01-14 17:02:56,464 - SWARM_Simulator - INFO - SWARMUserSensorData sent {
    "UID": 1003,
    "Timestamp": "1547503376.4649715",
    "SensorType": "PushGPS",
    "Payload": "0227272c39004c0c4b3900000206016700000009"
}
2019-01-14 17:02:58,752 - SWARM_Simulator - INFO - SWARMUserSensorData sent {
    "UID": 1008,
    "Timestamp": "1547503378.7521675",
    "SensorType": "PushGPS",
    "Payload": "022754322d004c293126000000ac00ab00000008"
}
2019-01-14 17:02:59,237 - SWARM_Simulator - INFO - SWARMUserSensorData sent {
    "UID": 1000,
    "Timestamp": "1547503379.2371643",
    "SensorType": "PullHeartRateMonitor",
    "Payload": "{\"Time\": 1547503379.2371643, \"BPM\": 91.0}"
}
2019-01-14 17:02:59,240 - SWARM_Simulator - INFO - SWARMUserSensorData sent {
    "UID": 1001,
    "Timestamp": "1547503379.2400928",
    "SensorType": "PullHeartRateMonitor",
    "Payload": "{\"Time\": 1547503379.2400928, \"BPM\": 73.0}"
}
2019-01-14 17:02:59,244 - SWARM_Simulator - INFO - SWARMUserSensorData sent {
    "UID": 1002,
    "Timestamp": "1547503379.2440076",
    "SensorType": "PullGPS",
    "Payload": "0227551960004c30203b000003cf009600000010"
}
2019-01-14 17:02:59,244 - SWARM_Simulator - INFO - SWARMUserSensorData sent {
    "UID": 1005,
    "Timestamp": "1547503379.244985",
    "SensorType": "PullGPS",
    "Payload": "02270a4623004c252c000000006f001c00000011"
}
2019-01-14 17:02:59,249 - SWARM_Simulator - INFO - SWARMUserSensorData sent {
    "UID": 1004,
    "Timestamp": "1547503379.2498672",
    "SensorType": "PullGPS",
    "Payload": "0227550658004c1e3e30000001cf003a0000000b"
}
2019-01-14 17:02:59,251 - SWARM_Simulator - INFO - SWARMUserSensorData sent {
    "UID": 1009,
    "Timestamp": "1547503379.250845",
    "SensorType": "PullHeartRateMonitor",
    "Payload": "{\"Time\": 1547503379.250845, \"BPM\": 59.0}"
}
2019-01-14 17:02:59,252 - SWARM_Simulator - INFO - SWARMUserSensorData sent {
    "UID": 1007,
    "Timestamp": "1547503379.251824",
    "SensorType": "PullGPS",
    "Payload": "02275a1953004c21583800000083004000000002"
}
2019-01-14 17:02:59,253 - SWARM_Simulator - INFO - SWARMUserSensorData sent {
    "UID": 1006,
    "Timestamp": "1547503379.2528014",
    "SensorType": "PullGPS",
    "Payload": "02272f0d04004c472b510000012a003200000002"
}
2019-01-14 17:03:01,467 - SWARM_Simulator - INFO - SWARMUserSensorData sent {
    "UID": 1003,
    "Timestamp": "1547503381.4671729",
    "SensorType": "PushGPS",
    "Payload": "0227273309004c0c4e6200000202006d00000010"
}
2019-01-14 17:03:03,754 - SWARM_Simulator - INFO - SWARMUserSensorData sent {
    "UID": 1008,
    "Timestamp": "1547503383.7542696",
    "SensorType": "PushGPS",
    "Payload": "0227542e28004c29323f00000096004400000009"
}
2019-01-14 17:03:04,240 - SWARM_Simulator - INFO - SWARMUserSensorData sent {
    "UID": 1000,
    "Timestamp": "1547503384.240127",
    "SensorType": "PullHeartRateMonitor",
    "Payload": "{\"Time\": 1547503384.240127, \"BPM\": 94.0}"
}
2019-01-14 17:03:04,243 - SWARM_Simulator - INFO - SWARMUserSensorData sent {
    "UID": 1001,
    "Timestamp": "1547503384.243131",
    "SensorType": "PullHeartRateMonitor",
    "Payload": "{\"Time\": 1547503384.243131, \"BPM\": 71.0}"
}
2019-01-14 17:03:04,246 - SWARM_Simulator - INFO - SWARMUserSensorData sent {
    "UID": 1005,
    "Timestamp": "1547503384.2466347",
    "SensorType": "PullGPS",
    "Payload": "02270a4938004c25313f0000005500b60000000e"
}
2019-01-14 17:03:04,247 - SWARM_Simulator - INFO - SWARMUserSensorData sent {
    "UID": 1002,
    "Timestamp": "1547503384.2461345",
    "SensorType": "PullGPS",
    "Payload": "0227551556004c302237000003e400c40000000a"
}
2019-01-14 17:03:04,251 - SWARM_Simulator - INFO - SWARMUserSensorData sent {
    "UID": 1004,
    "Timestamp": "1547503384.2516377",
    "SensorType": "PullGPS",
    "Payload": "0227550448004c1e3c09000001cf002600000007"
}
2019-01-14 17:03:04,253 - SWARM_Simulator - INFO - SWARMUserSensorData sent {
    "UID": 1009,
    "Timestamp": "1547503384.2526388",
    "SensorType": "PullHeartRateMonitor",
    "Payload": "{\"Time\": 1547503384.2526388, \"BPM\": 59.0}"
}
2019-01-14 17:03:04,255 - SWARM_Simulator - INFO - SWARMUserSensorData sent {
    "UID": 1007,
    "Timestamp": "1547503384.255117",
    "SensorType": "PullGPS",
    "Payload": "02275a1929004c21515c0000009700c10000000e"
}
2019-01-14 17:03:04,256 - SWARM_Simulator - INFO - SWARMUserSensorData sent {
    "UID": 1006,
    "Timestamp": "1547503384.255117",
    "SensorType": "PullGPS",
    "Payload": "02272f0d54004c472b410000011f011500000001"
}
2019-01-14 17:03:06,469 - SWARM_Simulator - INFO - SWARMUserSensorData sent {
    "UID": 1003,
    "Timestamp": "1547503386.4693701",
    "SensorType": "PushGPS",
    "Payload": "0227273733004c0c4f1f000001ff004000000009"
}
2019-01-14 17:03:08,757 - SWARM_Simulator - INFO - SWARMUserSensorData sent {
    "UID": 1008,
    "Timestamp": "1547503388.7573307",
    "SensorType": "PushGPS",
    "Payload": "0227542638004c293028000000b200b400000012"
}
2019-01-14 17:03:09,241 - SWARM_Simulator - INFO - SWARMUserSensorData sent {
    "UID": 1000,
    "Timestamp": "1547503389.2414644",
    "SensorType": "PullHeartRateMonitor",
    "Payload": "{\"Time\": 1547503389.2414644, \"BPM\": 91.0}"
}
2019-01-14 17:03:09,245 - SWARM_Simulator - INFO - SWARMUserSensorData sent {
    "UID": 1001,
    "Timestamp": "1547503389.2453852",
    "SensorType": "PullHeartRateMonitor",
    "Payload": "{\"Time\": 1547503389.2453852, \"BPM\": 70.0}"
}
2019-01-14 17:03:09,249 - SWARM_Simulator - INFO - SWARMUserSensorData sent {
    "UID": 1002,
    "Timestamp": "1547503389.248314",
    "SensorType": "PullGPS",
    "Payload": "0227551007004c302035000003d900270000000d"
}
2019-01-14 17:03:09,249 - SWARM_Simulator - INFO - SWARMUserSensorData sent {
    "UID": 1005,
    "Timestamp": "1547503389.248314",
    "SensorType": "PullGPS",
    "Payload": "02270a4e34004c2530540000004e00f80000000b"
}
2019-01-14 17:03:09,253 - SWARM_Simulator - INFO - SWARMUserSensorData sent {
    "UID": 1004,
    "Timestamp": "1547503389.253201",
    "SensorType": "PullGPS",
    "Payload": "0227550123004c1e3f46000001d2007e0000000a"
}
2019-01-14 17:03:09,255 - SWARM_Simulator - INFO - SWARMUserSensorData sent {
    "UID": 1009,
    "Timestamp": "1547503389.2551572",
    "SensorType": "PullHeartRateMonitor",
    "Payload": "{\"Time\": 1547503389.2551572, \"BPM\": 56.0}"
}
2019-01-14 17:03:09,256 - SWARM_Simulator - INFO - SWARMUserSensorData sent {
    "UID": 1007,
    "Timestamp": "1547503389.2561336",
    "SensorType": "PullGPS",
    "Payload": "02275a1934004c214b200000007801560000000e"
}
2019-01-14 17:03:09,256 - SWARM_Simulator - INFO - SWARMUserSensorData sent {
    "UID": 1006,
    "Timestamp": "1547503389.2566428",
    "SensorType": "PullGPS",
    "Payload": "02272f0e52004c472b5400000118009800000002"
}
2019-01-14 17:03:11,471 - SWARM_Simulator - INFO - SWARMUserSensorData sent {
    "UID": 1003,
    "Timestamp": "1547503391.4717045",
    "SensorType": "PushGPS",
    "Payload": "0227273402004c0c4b43000001fe008d0000000b"
}
2019-01-14 17:03:13,760 - SWARM_Simulator - INFO - SWARMUserSensorData sent {
    "UID": 1008,
    "Timestamp": "1547503393.7605271",
    "SensorType": "PushGPS",
    "Payload": "022754204d004c292e1e000000b100340000000d"
}
2019-01-14 17:03:14,244 - SWARM_Simulator - INFO - SWARMUserSensorData sent {
    "UID": 1000,
    "Timestamp": "1547503394.2442725",
    "SensorType": "PullHeartRateMonitor",
    "Payload": "{\"Time\": 1547503394.2442725, \"BPM\": 90.0}"
}
2019-01-14 17:03:14,247 - SWARM_Simulator - INFO - SWARMUserSensorData sent {
    "UID": 1001,
    "Timestamp": "1547503394.2472012",
    "SensorType": "PullHeartRateMonitor",
    "Payload": "{\"Time\": 1547503394.2472012, \"BPM\": 69.0}"
}
2019-01-14 17:03:14,251 - SWARM_Simulator - INFO - SWARMUserSensorData sent {
    "UID": 1002,
    "Timestamp": "1547503394.2511153",
    "SensorType": "PullGPS",
    "Payload": "0227550b31004c301f46000003fd00fa0000000a"
}
2019-01-14 17:03:14,252 - SWARM_Simulator - INFO - SWARMUserSensorData sent {
    "UID": 1005,
    "Timestamp": "1547503394.2520905",
    "SensorType": "PullGPS",
    "Payload": "02270a5354004c252d2c00000033007e0000000e"
}
2019-01-14 17:03:14,255 - SWARM_Simulator - INFO - SWARMUserSensorData sent {
    "UID": 1004,
    "Timestamp": "1547503394.2550197",
    "SensorType": "PullGPS",
    "Payload": "0227550147004c1e3d3d000001dc015300000004"
}
2019-01-14 17:03:14,256 - SWARM_Simulator - INFO - SWARMUserSensorData sent {
    "UID": 1009,
    "Timestamp": "1547503394.256978",
    "SensorType": "PullHeartRateMonitor",
    "Payload": "{\"Time\": 1547503394.256978, \"BPM\": 52.0}"
}
2019-01-14 17:03:14,258 - SWARM_Simulator - INFO - SWARMUserSensorData sent {
    "UID": 1006,
    "Timestamp": "1547503394.258932",
    "SensorType": "PullGPS",
    "Payload": "02272f0e26004c472b000000010a011200000002"
}
2019-01-14 17:03:14,258 - SWARM_Simulator - INFO - SWARMUserSensorData sent {
    "UID": 1007,
    "Timestamp": "1547503394.257954",
    "SensorType": "PullGPS",
    "Payload": "02275a1900004c214f2000000052005300000008"
}
2019-01-14 17:03:16,473 - SWARM_Simulator - INFO - SWARMUserSensorData sent {
    "UID": 1003,
    "Timestamp": "1547503396.4737313",
    "SensorType": "PushGPS",
    "Payload": "0227272d50004c0c4c050000020000c80000000d"
}
2019-01-14 17:03:18,762 - SWARM_Simulator - INFO - SWARMUserSensorData sent {
    "UID": 1008,
    "Timestamp": "1547503398.7627394",
    "SensorType": "PushGPS",
    "Payload": "022754250c004c292f02000000dc000600000009"
}
2019-01-14 17:03:19,246 - SWARM_Simulator - INFO - SWARMUserSensorData sent {
    "UID": 1000,
    "Timestamp": "1547503399.2467222",
    "SensorType": "PullHeartRateMonitor",
    "Payload": "{\"Time\": 1547503399.2467222, \"BPM\": 88.0}"
}
2019-01-14 17:03:19,250 - SWARM_Simulator - INFO - SWARMUserSensorData sent {
    "UID": 1001,
    "Timestamp": "1547503399.2496502",
    "SensorType": "PullHeartRateMonitor",
    "Payload": "{\"Time\": 1547503399.2496502, \"BPM\": 69.0}"
}
2019-01-14 17:03:19,253 - SWARM_Simulator - INFO - SWARMUserSensorData sent {
    "UID": 1002,
    "Timestamp": "1547503399.2535646",
    "SensorType": "PullGPS",
    "Payload": "022755084e004c301f260000040a008800000006"
}
2019-01-14 17:03:19,254 - SWARM_Simulator - INFO - SWARMUserSensorData sent {
    "UID": 1005,
    "Timestamp": "1547503399.254538",
    "SensorType": "PullGPS",
    "Payload": "02270a5641004c2531040000005100400000000a"
}
2019-01-14 17:03:19,258 - SWARM_Simulator - INFO - SWARMUserSensorData sent {
    "UID": 1004,
    "Timestamp": "1547503399.2574718",
    "SensorType": "PullGPS",
    "Payload": "022754621c004c1e3b4b000001da015c00000008"
}
2019-01-14 17:03:19,259 - SWARM_Simulator - INFO - SWARMUserSensorData sent {
    "UID": 1009,
    "Timestamp": "1547503399.2594306",
    "SensorType": "PullHeartRateMonitor",
    "Payload": "{\"Time\": 1547503399.2594306, \"BPM\": 58.0}"
}
2019-01-14 17:03:19,261 - SWARM_Simulator - INFO - SWARMUserSensorData sent {
    "UID": 1006,
    "Timestamp": "1547503399.2604022",
    "SensorType": "PullGPS",
    "Payload": "02272f0e2e004c472a5100000119015b00000000"
}
2019-01-14 17:03:19,261 - SWARM_Simulator - INFO - SWARMUserSensorData sent {
    "UID": 1007,
    "Timestamp": "1547503399.2613811",
    "SensorType": "PullGPS",
    "Payload": "02275a1848004c21485e0000005400d80000000e"
}
2019-01-14 17:03:21,475 - SWARM_Simulator - INFO - SWARMUserSensorData sent {
    "UID": 1003,
    "Timestamp": "1547503401.4757082",
    "SensorType": "PushGPS",
    "Payload": "0227273032004c0c48200000020100900000000a"
}
2019-01-14 17:03:23,765 - SWARM_Simulator - INFO - SWARMUserSensorData sent {
    "UID": 1008,
    "Timestamp": "1547503403.7643914",
    "SensorType": "PushGPS",
    "Payload": "0227542649004c292f44000000e7011b00000003"
}
2019-01-14 17:03:24,250 - SWARM_Simulator - INFO - SWARMUserSensorData sent {
    "UID": 1000,
    "Timestamp": "1547503404.249744",
    "SensorType": "PullHeartRateMonitor",
    "Payload": "{\"Time\": 1547503404.249744, \"BPM\": 85.0}"
}
2019-01-14 17:03:24,252 - SWARM_Simulator - INFO - SWARMUserSensorData sent {
    "UID": 1001,
    "Timestamp": "1547503404.2522454",
    "SensorType": "PullHeartRateMonitor",
    "Payload": "{\"Time\": 1547503404.2522454, \"BPM\": 69.0}"
}
2019-01-14 17:03:24,254 - SWARM_Simulator - INFO - SWARMUserSensorData sent {
    "UID": 1002,
    "Timestamp": "1547503404.2547476",
    "SensorType": "PullGPS",
    "Payload": "0227550c39004c301d1e0000042000d300000009"
}
2019-01-14 17:03:24,255 - SWARM_Simulator - INFO - SWARMUserSensorData sent {
    "UID": 1005,
    "Timestamp": "1547503404.2552483",
    "SensorType": "PullGPS",
    "Payload": "02270a5663004c252d5c0000004900ea00000006"
}
2019-01-14 17:03:24,259 - SWARM_Simulator - INFO - SWARMUserSensorData sent {
    "UID": 1004,
    "Timestamp": "1547503404.2592523",
    "SensorType": "PullGPS",
    "Payload": "0227545c47004c1e3418000001dc006400000014"
}
2019-01-14 17:03:24,260 - SWARM_Simulator - INFO - SWARMUserSensorData sent {
    "UID": 1009,
    "Timestamp": "1547503404.2602522",
    "SensorType": "PullHeartRateMonitor",
    "Payload": "{\"Time\": 1547503404.2602522, \"BPM\": 62.0}"
}
2019-01-14 17:03:24,261 - SWARM_Simulator - INFO - SWARMUserSensorData sent {
    "UID": 1006,
    "Timestamp": "1547503404.2617528",
    "SensorType": "PullGPS",
    "Payload": "02272f0d0d004c472a350000010f00c800000003"
}
2019-01-14 17:03:24,262 - SWARM_Simulator - INFO - SWARMUserSensorData sent {
    "UID": 1007,
    "Timestamp": "1547503404.2627537",
    "SensorType": "PullGPS",
    "Payload": "02275a174e004c214e560000004400e10000000d"
}
2019-01-14 17:03:26,477 - SWARM_Simulator - INFO - SWARMUserSensorData sent {
    "UID": 1003,
    "Timestamp": "1547503406.4774945",
    "SensorType": "PushGPS",
    "Payload": "022727295b004c0c4b3e000001fc00a200000010"
}
2019-01-14 17:03:28,766 - SWARM_Simulator - INFO - SWARMUserSensorData sent {
    "UID": 1008,
    "Timestamp": "1547503408.7662513",
    "SensorType": "PushGPS",
    "Payload": "0227541f34004c293011000000fd000600000010"
}
2019-01-14 17:03:29,251 - SWARM_Simulator - INFO - SWARMUserSensorData sent {
    "UID": 1000,
    "Timestamp": "1547503409.2510748",
    "SensorType": "PullHeartRateMonitor",
    "Payload": "{\"Time\": 1547503409.2510748, \"BPM\": 83.0}"
}
2019-01-14 17:03:29,253 - SWARM_Simulator - INFO - SWARMUserSensorData sent {
    "UID": 1001,
    "Timestamp": "1547503409.2535772",
    "SensorType": "PullHeartRateMonitor",
    "Payload": "{\"Time\": 1547503409.2535772, \"BPM\": 69.0}"
}
2019-01-14 17:03:29,256 - SWARM_Simulator - INFO - SWARMUserSensorData sent {
    "UID": 1002,
    "Timestamp": "1547503409.2560792",
    "SensorType": "PullGPS",
    "Payload": "0227550f32004c301b0a0000042d001900000008"
}
2019-01-14 17:03:29,257 - SWARM_Simulator - INFO - SWARMUserSensorData sent {
    "UID": 1005,
    "Timestamp": "1547503409.2570791",
    "SensorType": "PullGPS",
    "Payload": "02270a4e45004c25285000000040000500000015"
}
2019-01-14 17:03:29,261 - SWARM_Simulator - INFO - SWARMUserSensorData sent {
    "UID": 1004,
    "Timestamp": "1547503409.2610822",
    "SensorType": "PullGPS",
    "Payload": "0227545b3d004c1e3959000001d501490000000c"
}
2019-01-14 17:03:29,262 - SWARM_Simulator - INFO - SWARMUserSensorData sent {
    "UID": 1009,
    "Timestamp": "1547503409.2610822",
    "SensorType": "PullHeartRateMonitor",
    "Payload": "{\"Time\": 1547503409.2610822, \"BPM\": 61.0}"
}
2019-01-14 17:03:29,263 - SWARM_Simulator - INFO - SWARMUserSensorData sent {
    "UID": 1006,
    "Timestamp": "1547503409.2630827",
    "SensorType": "PullGPS",
    "Payload": "02272f0b45004c472a0d00000106015800000003"
}
2019-01-14 17:03:29,264 - SWARM_Simulator - INFO - SWARMUserSensorData sent {
    "UID": 1007,
    "Timestamp": "1547503409.263583",
    "SensorType": "PullGPS",
    "Payload": "02275a1663004c2153120000002a015200000009"
}
2019-01-14 17:03:31,478 - SWARM_Simulator - INFO - SWARMUserSensorData sent {
    "UID": 1003,
    "Timestamp": "1547503411.478797",
    "SensorType": "PushGPS",
    "Payload": "0227272357004c0c4f2c000001fa00100000000f"
}
2019-01-14 17:03:33,768 - SWARM_Simulator - INFO - SWARMUserSensorData sent {
    "UID": 1008,
    "Timestamp": "1547503413.7675338",
    "SensorType": "PushGPS",
    "Payload": "0227542233004c2932210000010600b800000008"
}
2019-01-14 17:03:34,251 - SWARM_Simulator - INFO - SWARMUserSensorData sent {
    "UID": 1000,
    "Timestamp": "1547503414.2518857",
    "SensorType": "PullHeartRateMonitor",
    "Payload": "{\"Time\": 1547503414.2518857, \"BPM\": 80.0}"
}
2019-01-14 17:03:34,254 - SWARM_Simulator - INFO - SWARMUserSensorData sent {
    "UID": 1001,
    "Timestamp": "1547503414.2548873",
    "SensorType": "PullHeartRateMonitor",
    "Payload": "{\"Time\": 1547503414.2548873, \"BPM\": 71.0}"
}
2019-01-14 17:03:34,258 - SWARM_Simulator - INFO - SWARMUserSensorData sent {
    "UID": 1002,
    "Timestamp": "1547503414.2583888",
    "SensorType": "PullGPS",
    "Payload": "0227551135004c301b3e00000405014c00000004"
}
2019-01-14 17:03:34,258 - SWARM_Simulator - INFO - SWARMUserSensorData sent {
    "UID": 1005,
    "Timestamp": "1547503414.2583888",
    "SensorType": "PullGPS",
    "Payload": "02270a5039004c252a150000005d008c00000005"
}
2019-01-14 17:03:34,263 - SWARM_Simulator - INFO - SWARMUserSensorData sent {
    "UID": 1009,
    "Timestamp": "1547503414.262893",
    "SensorType": "PullHeartRateMonitor",
    "Payload": "{\"Time\": 1547503414.262893, \"BPM\": 64.0}"
}
2019-01-14 17:03:34,264 - SWARM_Simulator - INFO - SWARMUserSensorData sent {
    "UID": 1006,
    "Timestamp": "1547503414.264894",
    "SensorType": "PullGPS",
    "Payload": "02272f0c22004c472a180000010b011800000001"
}
2019-01-14 17:03:34,265 - SWARM_Simulator - INFO - SWARMUserSensorData sent {
    "UID": 1004,
    "Timestamp": "1547503414.262893",
    "SensorType": "PullGPS",
    "Payload": "0227545844004c1e4134000001e3001700000012"
}
2019-01-14 17:03:34,266 - SWARM_Simulator - INFO - SWARMUserSensorData sent {
    "UID": 1007,
    "Timestamp": "1547503414.2643921",
    "SensorType": "PullGPS",
    "Payload": "02275a175a004c21581f0000002900320000000b"
}
2019-01-14 17:03:36,480 - SWARM_Simulator - INFO - SWARMUserSensorData sent {
    "UID": 1003,
    "Timestamp": "1547503416.480275",
    "SensorType": "PushGPS",
    "Payload": "0227272735004c0c4c39000001f5008a0000000a"
}
2019-01-14 17:03:38,769 - SWARM_Simulator - INFO - SWARMUserSensorData sent {
    "UID": 1008,
    "Timestamp": "1547503418.7688274",
    "SensorType": "PushGPS",
    "Payload": "0227542a00004c29312c00000130002700000010"
}
2019-01-14 17:03:39,254 - SWARM_Simulator - INFO - SWARMUserSensorData sent {
    "UID": 1000,
    "Timestamp": "1547503419.2531734",
    "SensorType": "PullHeartRateMonitor",
    "Payload": "{\"Time\": 1547503419.2531734, \"BPM\": 81.0}"
}
2019-01-14 17:03:39,256 - SWARM_Simulator - INFO - SWARMUserSensorData sent {
    "UID": 1001,
    "Timestamp": "1547503419.2561746",
    "SensorType": "PullHeartRateMonitor",
    "Payload": "{\"Time\": 1547503419.2561746, \"BPM\": 71.0}"
}
2019-01-14 17:03:39,260 - SWARM_Simulator - INFO - SWARMUserSensorData sent {
    "UID": 1005,
    "Timestamp": "1547503419.2601776",
    "SensorType": "PullGPS",
    "Payload": "02270a532e004c252a0300000043002500000006"
}
2019-01-14 17:03:39,260 - SWARM_Simulator - INFO - SWARMUserSensorData sent {
    "UID": 1002,
    "Timestamp": "1547503419.2601776",
    "SensorType": "PullGPS",
    "Payload": "0227550b1f004c301d2a000003f7007f0000000e"
}
2019-01-14 17:03:39,263 - SWARM_Simulator - INFO - SWARMUserSensorData sent {
    "UID": 1009,
    "Timestamp": "1547503419.2636788",
    "SensorType": "PullHeartRateMonitor",
    "Payload": "{\"Time\": 1547503419.2636788, \"BPM\": 61.0}"
}
2019-01-14 17:03:39,266 - SWARM_Simulator - INFO - SWARMUserSensorData sent {
    "UID": 1006,
    "Timestamp": "1547503419.266682",
    "SensorType": "PullGPS",
    "Payload": "02272f0b1a004c47293a0000010a002d00000002"
}
2019-01-14 17:03:39,267 - SWARM_Simulator - INFO - SWARMUserSensorData sent {
    "UID": 1004,
    "Timestamp": "1547503419.267182",
    "SensorType": "PullGPS",
    "Payload": "0227545305004c1e3c30000001ec006900000010"
}
2019-01-14 17:03:39,267 - SWARM_Simulator - INFO - SWARMUserSensorData sent {
    "UID": 1007,
    "Timestamp": "1547503419.2676816",
    "SensorType": "PullGPS",
    "Payload": "02275a174c004c21586200000001007a00000001"
}
2019-01-14 17:03:41,481 - SWARM_Simulator - INFO - SWARMUserSensorData sent {
    "UID": 1003,
    "Timestamp": "1547503421.481892",
    "SensorType": "PushGPS",
    "Payload": "022727262b004c0c4c60000001f6001e00000002"
}
2019-01-14 17:03:43,771 - SWARM_Simulator - INFO - SWARMUserSensorData sent {
    "UID": 1008,
    "Timestamp": "1547503423.7710233",
    "SensorType": "PushGPS",
    "Payload": "0227542742004c292f3b0000011f012000000006"
}
2019-01-14 17:03:44,254 - SWARM_Simulator - INFO - SWARMUserSensorData sent {
    "UID": 1000,
    "Timestamp": "1547503424.254532",
    "SensorType": "PullHeartRateMonitor",
    "Payload": "{\"Time\": 1547503424.254532, \"BPM\": 78.0}"
}
2019-01-14 17:03:44,257 - SWARM_Simulator - INFO - SWARMUserSensorData sent {
    "UID": 1001,
    "Timestamp": "1547503424.2574735",
    "SensorType": "PullHeartRateMonitor",
    "Payload": "{\"Time\": 1547503424.2574735, \"BPM\": 68.0}"
}
2019-01-14 17:03:44,262 - SWARM_Simulator - INFO - SWARMUserSensorData sent {
    "UID": 1002,
    "Timestamp": "1547503424.2623641",
    "SensorType": "PullGPS",
    "Payload": "0227551054004c301d40000003f001030000000c"
}
2019-01-14 17:03:44,263 - SWARM_Simulator - INFO - SWARMUserSensorData sent {
    "UID": 1005,
    "Timestamp": "1547503424.2623641",
    "SensorType": "PullGPS",
    "Payload": "02270a534b004c25274d00000020008100000005"
}
2019-01-14 17:03:44,266 - SWARM_Simulator - INFO - SWARMUserSensorData sent {
    "UID": 1009,
    "Timestamp": "1547503424.265295",
    "SensorType": "PullHeartRateMonitor",
    "Payload": "{\"Time\": 1547503424.265295, \"BPM\": 64.0}"
}
2019-01-14 17:03:44,269 - SWARM_Simulator - INFO - SWARMUserSensorData sent {
    "UID": 1006,
    "Timestamp": "1547503424.268229",
    "SensorType": "PullGPS",
    "Payload": "02272f0c05004c47283c00000114012300000002"
}
2019-01-14 17:03:44,270 - SWARM_Simulator - INFO - SWARMUserSensorData sent {
    "UID": 1004,
    "Timestamp": "1547503424.2692022",
    "SensorType": "PullGPS",
    "Payload": "0227544f48004c1e3c10000001ed00c300000007"
}
2019-01-14 17:03:44,272 - SWARM_Simulator - INFO - SWARMUserSensorData sent {
    "UID": 1007,
    "Timestamp": "1547503424.2711604",
    "SensorType": "PullGPS",
    "Payload": "02275a165b004c21541600000000013c0000000a"
}
2019-01-14 17:03:46,483 - SWARM_Simulator - INFO - SWARMUserSensorData sent {
    "UID": 1003,
    "Timestamp": "1547503426.4836793",
    "SensorType": "PushGPS",
    "Payload": "0227272819004c0c4d40000001f1001600000004"
}
2019-01-14 17:03:48,772 - SWARM_Simulator - INFO - SWARMUserSensorData sent {
    "UID": 1008,
    "Timestamp": "1547503428.7726412",
    "SensorType": "PushGPS",
    "Payload": "0227542202004c292e3f000000fd00470000000c"
}
2019-01-14 17:03:49,257 - SWARM_Simulator - INFO - SWARMUserSensorData sent {
    "UID": 1000,
    "Timestamp": "1547503429.2571485",
    "SensorType": "PullHeartRateMonitor",
    "Payload": "{\"Time\": 1547503429.2571485, \"BPM\": 76.0}"
}
2019-01-14 17:03:49,260 - SWARM_Simulator - INFO - SWARMUserSensorData sent {
    "UID": 1001,
    "Timestamp": "1547503429.2601278",
    "SensorType": "PullHeartRateMonitor",
    "Payload": "{\"Time\": 1547503429.2601278, \"BPM\": 70.0}"
}
2019-01-14 17:03:49,266 - SWARM_Simulator - INFO - SWARMUserSensorData sent {
    "UID": 1002,
    "Timestamp": "1547503429.2669766",
    "SensorType": "PullGPS",
    "Payload": "0227550e16004c301d3b000003e800d600000005"
}
2019-01-14 17:03:49,268 - SWARM_Simulator - INFO - SWARMUserSensorData sent {
    "UID": 1005,
    "Timestamp": "1547503429.26795",
    "SensorType": "PullGPS",
    "Payload": "02270a5b0b004c2522270000000b003b00000014"
}
2019-01-14 17:03:49,269 - SWARM_Simulator - INFO - SWARMUserSensorData sent {
    "UID": 1009,
    "Timestamp": "1547503429.2699049",
    "SensorType": "PullHeartRateMonitor",
    "Payload": "{\"Time\": 1547503429.2699049, \"BPM\": 70.0}"
}
2019-01-14 17:03:49,272 - SWARM_Simulator - INFO - SWARMUserSensorData sent {
    "UID": 1006,
    "Timestamp": "1547503429.272838",
    "SensorType": "PullGPS",
    "Payload": "02272f0a38004c47291700000111005900000003"
}
2019-01-14 17:03:49,273 - SWARM_Simulator - INFO - SWARMUserSensorData sent {
    "UID": 1004,
    "Timestamp": "1547503429.2738154",
    "SensorType": "PullGPS",
    "Payload": "0227544a47004c1e373f000001e101640000000e"
}
2019-01-14 17:03:49,275 - SWARM_Simulator - INFO - SWARMUserSensorData sent {
    "UID": 1007,
    "Timestamp": "1547503429.2747917",
    "SensorType": "PullGPS",
    "Payload": "02275a170a004c2152510000001b002c00000003"
}
2019-01-14 17:03:51,485 - SWARM_Simulator - INFO - SWARMUserSensorData sent {
    "UID": 1003,
    "Timestamp": "1547503431.485646",
    "SensorType": "PushGPS",
    "Payload": "0227272327004c0c4c45000001f001670000000a"
}
2019-01-14 17:03:53,774 - SWARM_Simulator - INFO - SWARMUserSensorData sent {
    "UID": 1008,
    "Timestamp": "1547503433.7741463",
    "SensorType": "PushGPS",
    "Payload": "0227542121004c292c49000000ff007900000004"
}
2019-01-14 17:03:54,258 - SWARM_Simulator - INFO - SWARMUserSensorData sent {
    "UID": 1000,
    "Timestamp": "1547503434.2586794",
    "SensorType": "PullHeartRateMonitor",
    "Payload": "{\"Time\": 1547503434.2586794, \"BPM\": 74.0}"
}
2019-01-14 17:03:54,261 - SWARM_Simulator - INFO - SWARMUserSensorData sent {
    "UID": 1001,
    "Timestamp": "1547503434.26161",
    "SensorType": "PullHeartRateMonitor",
    "Payload": "{\"Time\": 1547503434.26161, \"BPM\": 69.0}"
}
2019-01-14 17:03:54,268 - SWARM_Simulator - INFO - SWARMUserSensorData sent {
    "UID": 1002,
    "Timestamp": "1547503434.2685962",
    "SensorType": "PullGPS",
    "Payload": "0227550a43004c301c51000003de003500000008"
}
2019-01-14 17:03:54,270 - SWARM_Simulator - INFO - SWARMUserSensorData sent {
    "UID": 1005,
    "Timestamp": "1547503434.2700975",
    "SensorType": "PullGPS",
    "Payload": "02270a5753004c25210c00000006010e00000007"
}
2019-01-14 17:03:54,271 - SWARM_Simulator - INFO - SWARMUserSensorData sent {
    "UID": 1009,
    "Timestamp": "1547503434.2716007",
    "SensorType": "PullHeartRateMonitor",
    "Payload": "{\"Time\": 1547503434.2716007, \"BPM\": 69.0}"
}
2019-01-14 17:03:54,273 - SWARM_Simulator - INFO - SWARMUserSensorData sent {
    "UID": 1006,
    "Timestamp": "1547503434.2736015",
    "SensorType": "PullGPS",
    "Payload": "02272f0b51004c47281d00000117015f00000003"
}
2019-01-14 17:03:54,275 - SWARM_Simulator - INFO - SWARMUserSensorData sent {
    "UID": 1004,
    "Timestamp": "1547503434.2751026",
    "SensorType": "PullGPS",
    "Payload": "0227544b2e004c1e3a09000001e200aa00000005"
}
2019-01-14 17:03:54,276 - SWARM_Simulator - INFO - SWARMUserSensorData sent {
    "UID": 1007,
    "Timestamp": "1547503434.2766035",
    "SensorType": "PullGPS",
    "Payload": "02275a1722004c2150140000002900c400000005"
}
2019-01-14 17:03:56,488 - SWARM_Simulator - INFO - SWARMUserSensorData sent {
    "UID": 1003,
    "Timestamp": "1547503436.4881332",
    "SensorType": "PushGPS",
    "Payload": "0227272247004c0c4f4d000001f4002600000006"
}
2019-01-14 17:03:58,775 - SWARM_Simulator - INFO - SWARMUserSensorData sent {
    "UID": 1008,
    "Timestamp": "1547503438.7754683",
    "SensorType": "PushGPS",
    "Payload": "022754225c004c292b4d0000012700aa00000004"
}
2019-01-14 17:03:59,260 - SWARM_Simulator - INFO - SWARMUserSensorData sent {
    "UID": 1000,
    "Timestamp": "1547503439.260838",
    "SensorType": "PullHeartRateMonitor",
    "Payload": "{\"Time\": 1547503439.260838, \"BPM\": 74.0}"
}
2019-01-14 17:03:59,263 - SWARM_Simulator - INFO - SWARMUserSensorData sent {
    "UID": 1001,
    "Timestamp": "1547503439.2637777",
    "SensorType": "PullHeartRateMonitor",
    "Payload": "{\"Time\": 1547503439.2637777, \"BPM\": 67.0}"
}
2019-01-14 17:03:59,269 - SWARM_Simulator - INFO - SWARMUserSensorData sent {
    "UID": 1002,
    "Timestamp": "1547503439.2696428",
    "SensorType": "PullGPS",
    "Payload": "0227551117004c301d57000003d700870000000e"
}
2019-01-14 17:03:59,271 - SWARM_Simulator - INFO - SWARMUserSensorData sent {
    "UID": 1005,
    "Timestamp": "1547503439.2715971",
    "SensorType": "PullGPS",
    "Payload": "02270a5213004c2520380000002500750000000c"
}
2019-01-14 17:03:59,274 - SWARM_Simulator - INFO - SWARMUserSensorData sent {
    "UID": 1009,
    "Timestamp": "1547503439.273551",
    "SensorType": "PullHeartRateMonitor",
    "Payload": "{\"Time\": 1547503439.273551, \"BPM\": 69.0}"
}
2019-01-14 17:03:59,274 - SWARM_Simulator - INFO - SWARMUserSensorData sent {
    "UID": 1006,
    "Timestamp": "1547503439.2745304",
    "SensorType": "PullGPS",
    "Payload": "02272f0c41004c47285600000125016300000002"
}
2019-01-14 17:03:59,275 - SWARM_Simulator - INFO - SWARMUserSensorData sent {
    "UID": 1004,
    "Timestamp": "1547503439.2755075",
    "SensorType": "PullGPS",
    "Payload": "0227544e27004c1e323d000001d5006800000011"
}
2019-01-14 17:03:59,277 - SWARM_Simulator - INFO - SWARMUserSensorData sent {
    "UID": 1007,
    "Timestamp": "1547503439.2774622",
    "SensorType": "PullGPS",
    "Payload": "02275a1738004c21494700000004006a0000000e"
}
2019-01-14 17:04:01,489 - SWARM_Simulator - INFO - SWARMUserSensorData sent {
    "UID": 1003,
    "Timestamp": "1547503441.489852",
    "SensorType": "PushGPS",
    "Payload": "0227272256004c0c523d000001f7008f00000006"
}
